Loading model state : F:\Projets\Gaby project\NeuralnetworkBPestimationTorch\logs/experiments\base_mlp_20\base_mlp_20.pt
Training : base_mlp_20
Resuming from epoch 35
Launch training on cuda
Setting lr to 0.0005
{'epoch': 35, 'train_mae': 29.323408600397723, 'train_mae_sbp': 19.43501327525114, 'train_mae_dbp': 9.888395343134269, 'val_mae': 29.91925400246378, 'val_mae_sbp': 19.894581176077054, 'val_mae_dbp': 10.024672918764342, 'lr': 0.0005}
Saving best model
{'epoch': 36, 'train_mae': 29.333873508071378, 'train_mae_sbp': 19.43602771261919, 'train_mae_dbp': 9.89784579676038, 'val_mae': 29.81878834292053, 'val_mae_sbp': 19.795114665936044, 'val_mae_dbp': 10.0236737133989, 'lr': 0.0005}
{'epoch': 37, 'train_mae': 29.327935797033323, 'train_mae_sbp': 19.437752064363455, 'train_mae_dbp': 9.890183701273182, 'val_mae': 29.828098864417367, 'val_mae_sbp': 19.800721943570103, 'val_mae_dbp': 10.027376903215021, 'lr': 0.0005}
{'epoch': 38, 'train_mae': 29.33135488952302, 'train_mae_sbp': 19.435606477682484, 'train_mae_dbp': 9.895748446834757, 'val_mae': 29.83789777909061, 'val_mae_sbp': 19.823441352108283, 'val_mae_dbp': 10.014456460713573, 'lr': 0.0005}
{'epoch': 39, 'train_mae': 29.31857642421016, 'train_mae_sbp': 19.426919401427845, 'train_mae_dbp': 9.891657032593779, 'val_mae': 30.135680313662316, 'val_mae_sbp': 19.985851162116244, 'val_mae_dbp': 10.149829137363618, 'lr': 0.0005}
{'epoch': 40, 'train_mae': 29.32793887260029, 'train_mae_sbp': 19.430743243632165, 'train_mae_dbp': 9.89719563779844, 'val_mae': 29.882754112746554, 'val_mae_sbp': 19.826153185589902, 'val_mae_dbp': 10.05660091795722, 'lr': 0.0005}
Saving best model
{'epoch': 41, 'train_mae': 29.32560631604188, 'train_mae_sbp': 19.428230731085005, 'train_mae_dbp': 9.897375590516706, 'val_mae': 29.81302855329115, 'val_mae_sbp': 19.7983757115637, 'val_mae_dbp': 10.014652857059835, 'lr': 0.0005}
{'epoch': 42, 'train_mae': 29.313224410487464, 'train_mae_sbp': 19.42457745464414, 'train_mae_dbp': 9.88864694047203, 'val_mae': 29.937985285302066, 'val_mae_sbp': 19.868278813132136, 'val_mae_dbp': 10.069706449554664, 'lr': 0.0005}
{'epoch': 43, 'train_mae': 29.332477620599693, 'train_mae_sbp': 19.43789682335978, 'train_mae_dbp': 9.894580810648915, 'val_mae': 29.836717619389965, 'val_mae_sbp': 19.817430648006425, 'val_mae_dbp': 10.019286907754143, 'lr': 0.0005}
Saving best model
{'epoch': 44, 'train_mae': 29.316705962758004, 'train_mae_sbp': 19.432617823936976, 'train_mae_dbp': 9.884088180683277, 'val_mae': 29.79998997016735, 'val_mae_sbp': 19.7892170328036, 'val_mae_dbp': 10.010772885233642, 'lr': 0.0005}
{'epoch': 45, 'train_mae': 29.30912145502119, 'train_mae_sbp': 19.418341091794407, 'train_mae_dbp': 9.890780394623473, 'val_mae': 29.81257390209333, 'val_mae_sbp': 19.80062819907136, 'val_mae_dbp': 10.011945786583462, 'lr': 0.0005}
{'epoch': 46, 'train_mae': 29.315164914019967, 'train_mae_sbp': 19.426969321503396, 'train_mae_dbp': 9.888195583686253, 'val_mae': 29.827704734740916, 'val_mae_sbp': 19.802589859609817, 'val_mae_dbp': 10.025114864398429, 'lr': 0.0005}
{'epoch': 47, 'train_mae': 29.30938888021294, 'train_mae_sbp': 19.42242764576309, 'train_mae_dbp': 9.886961216462165, 'val_mae': 29.815104892399532, 'val_mae_sbp': 19.79169423710495, 'val_mae_dbp': 10.023410733489746, 'lr': 0.0005}
{'epoch': 48, 'train_mae': 29.315027858331206, 'train_mae_sbp': 19.427075774581343, 'train_mae_dbp': 9.887952071649057, 'val_mae': 29.83033467565702, 'val_mae_sbp': 19.817123364022308, 'val_mae_dbp': 10.01321133463329, 'lr': 0.0005}
{'epoch': 49, 'train_mae': 29.307979719792538, 'train_mae_sbp': 19.421859582919314, 'train_mae_dbp': 9.886120155842052, 'val_mae': 29.827834445180617, 'val_mae_sbp': 19.81103892495011, 'val_mae_dbp': 10.01679554476232, 'lr': 0.0005}
{'epoch': 50, 'train_mae': 29.304852251489795, 'train_mae_sbp': 19.42058240369841, 'train_mae_dbp': 9.884269877225774, 'val_mae': 29.810325838745214, 'val_mae_sbp': 19.803344899818445, 'val_mae_dbp': 10.006980853065418, 'lr': 0.00025}
{'epoch': 51, 'train_mae': 29.276633437932436, 'train_mae_sbp': 19.40858326756251, 'train_mae_dbp': 9.868050187049416, 'val_mae': 29.80856327535255, 'val_mae_sbp': 19.801427104465446, 'val_mae_dbp': 10.007136098824896, 'lr': 0.00025}
{'epoch': 52, 'train_mae': 29.278690468954288, 'train_mae_sbp': 19.410573934494877, 'train_mae_dbp': 9.86811654034629, 'val_mae': 29.811438592683846, 'val_mae_sbp': 19.795434487977595, 'val_mae_dbp': 10.016004098573298, 'lr': 0.00025}
{'epoch': 53, 'train_mae': 29.267849342649694, 'train_mae_sbp': 19.401386508235223, 'train_mae_dbp': 9.86646286090542, 'val_mae': 29.816754752033393, 'val_mae_sbp': 19.78913091923263, 'val_mae_dbp': 10.02762386538208, 'lr': 0.00025}
{'epoch': 54, 'train_mae': 29.27892741450557, 'train_mae_sbp': 19.406166191781335, 'train_mae_dbp': 9.872761215529161, 'val_mae': 29.86788504529996, 'val_mae_sbp': 19.839564530412485, 'val_mae_dbp': 10.028320556668223, 'lr': 0.00025}
{'epoch': 55, 'train_mae': 29.262645716202766, 'train_mae_sbp': 19.399166018874556, 'train_mae_dbp': 9.863479680975768, 'val_mae': 29.85409371262578, 'val_mae_sbp': 19.80456646845655, 'val_mae_dbp': 10.049527241102751, 'lr': 0.00025}
{'epoch': 56, 'train_mae': 29.272175650210702, 'train_mae_sbp': 19.40386061936576, 'train_mae_dbp': 9.868315036077721, 'val_mae': 29.807272308509067, 'val_mae_sbp': 19.799555746305412, 'val_mae_dbp': 10.007716556837321, 'lr': 0.000125}
{'epoch': 57, 'train_mae': 29.24813290976693, 'train_mae_sbp': 19.389430634769393, 'train_mae_dbp': 9.858702264531976, 'val_mae': 29.867460953077703, 'val_mae_sbp': 19.825698076720407, 'val_mae_dbp': 10.041762850292242, 'lr': 0.000125}
{'epoch': 58, 'train_mae': 29.256110727705256, 'train_mae_sbp': 19.396297193849037, 'train_mae_dbp': 9.85981354693817, 'val_mae': 29.80974089601032, 'val_mae_sbp': 19.79758716319535, 'val_mae_dbp': 10.012153683751343, 'lr': 0.000125}
{'epoch': 59, 'train_mae': 29.254987973081068, 'train_mae_sbp': 19.396461692203054, 'train_mae_dbp': 9.858526270412451, 'val_mae': 29.80985999030699, 'val_mae_sbp': 19.793413302522765, 'val_mae_dbp': 10.016446661719172, 'lr': 0.000125}
Saving best model
{'epoch': 60, 'train_mae': 29.255350746081525, 'train_mae_sbp': 19.391202085466215, 'train_mae_dbp': 9.864148675332508, 'val_mae': 29.798023343469552, 'val_mae_sbp': 19.791281069206654, 'val_mae_dbp': 10.006742203733928, 'lr': 0.000125}
{'epoch': 61, 'train_mae': 29.255077636781543, 'train_mae_sbp': 19.39398889319233, 'train_mae_dbp': 9.861088732469556, 'val_mae': 29.807469073599176, 'val_mae_sbp': 19.790845887837303, 'val_mae_dbp': 10.016623165063153, 'lr': 0.000125}
{'epoch': 62, 'train_mae': 29.248014331027477, 'train_mae_sbp': 19.388736431817787, 'train_mae_dbp': 9.859277893649862, 'val_mae': 29.802680443337493, 'val_mae_sbp': 19.798134398230403, 'val_mae_dbp': 10.004546048940187, 'lr': 6.25e-05}
Saving best model
{'epoch': 63, 'train_mae': 29.246870395414458, 'train_mae_sbp': 19.389162257211524, 'train_mae_dbp': 9.857708116290665, 'val_mae': 29.796475608249185, 'val_mae_sbp': 19.790522244965533, 'val_mae_dbp': 10.005953371716465, 'lr': 6.25e-05}
{'epoch': 64, 'train_mae': 29.245917397434983, 'train_mae_sbp': 19.39014439785595, 'train_mae_dbp': 9.85577300350362, 'val_mae': 29.81284602125358, 'val_mae_sbp': 19.80461978452382, 'val_mae_dbp': 10.008226268161149, 'lr': 6.25e-05}
{'epoch': 65, 'train_mae': 29.24404582924967, 'train_mae_sbp': 19.388946291187008, 'train_mae_dbp': 9.855099544603638, 'val_mae': 29.798330969365846, 'val_mae_sbp': 19.792936065955946, 'val_mae_dbp': 10.005394899576807, 'lr': 6.25e-05}
{'epoch': 66, 'train_mae': 29.24938123020125, 'train_mae_sbp': 19.392238855688987, 'train_mae_dbp': 9.85714235881392, 'val_mae': 29.800159248891752, 'val_mae_sbp': 19.792411192437076, 'val_mae_dbp': 10.007748084052967, 'lr': 6.25e-05}
{'epoch': 67, 'train_mae': 29.24158438929805, 'train_mae_sbp': 19.38753970921939, 'train_mae_dbp': 9.85404469970159, 'val_mae': 29.798679621656607, 'val_mae_sbp': 19.79323742474007, 'val_mae_dbp': 10.005442121021234, 'lr': 6.25e-05}
{'epoch': 68, 'train_mae': 29.244548864325377, 'train_mae_sbp': 19.388923345442826, 'train_mae_dbp': 9.855625509398138, 'val_mae': 29.79780727337411, 'val_mae_sbp': 19.79099165358344, 'val_mae_dbp': 10.006815711018357, 'lr': 6.25e-05}
{'epoch': 69, 'train_mae': 29.245208663050857, 'train_mae_sbp': 19.38997698418888, 'train_mae_dbp': 9.855231689981636, 'val_mae': 29.796704016314443, 'val_mae_sbp': 19.78948272692812, 'val_mae_dbp': 10.007221235722975, 'lr': 3.125e-05}
{'epoch': 70, 'train_mae': 29.24067483909827, 'train_mae_sbp': 19.3859132883153, 'train_mae_dbp': 9.85476157727392, 'val_mae': 29.804567846071297, 'val_mae_sbp': 19.799398071896224, 'val_mae_dbp': 10.005169838571089, 'lr': 3.125e-05}
{'epoch': 71, 'train_mae': 29.23891411298587, 'train_mae_sbp': 19.385259640723753, 'train_mae_dbp': 9.853654478476043, 'val_mae': 29.796992085754297, 'val_mae_sbp': 19.792055210499903, 'val_mae_dbp': 10.004936816991334, 'lr': 3.125e-05}
{'epoch': 72, 'train_mae': 29.240607565159006, 'train_mae_sbp': 19.386580127093364, 'train_mae_dbp': 9.854027446568912, 'val_mae': 29.79853049275193, 'val_mae_sbp': 19.79219785073946, 'val_mae_dbp': 10.006332647378805, 'lr': 3.125e-05}
{'epoch': 73, 'train_mae': 29.23865186301442, 'train_mae_sbp': 19.385736557681863, 'train_mae_dbp': 9.852915321357948, 'val_mae': 29.805047755839357, 'val_mae_sbp': 19.791952101747324, 'val_mae_dbp': 10.013095611161358, 'lr': 3.125e-05}
{'epoch': 74, 'train_mae': 29.2396664285856, 'train_mae_sbp': 19.386022250511683, 'train_mae_dbp': 9.853644191155873, 'val_mae': 29.79866330799949, 'val_mae_sbp': 19.79023353923172, 'val_mae_dbp': 10.00842983009731, 'lr': 3.125e-05}
{'epoch': 75, 'train_mae': 29.236722660980433, 'train_mae_sbp': 19.383645383418834, 'train_mae_dbp': 9.853077273309967, 'val_mae': 29.799781833047653, 'val_mae_sbp': 19.79043499296501, 'val_mae_dbp': 10.009346817850684, 'lr': 1.5625e-05}
{'epoch': 76, 'train_mae': 29.237625621800888, 'train_mae_sbp': 19.384970733004177, 'train_mae_dbp': 9.852654851513144, 'val_mae': 29.79774403035449, 'val_mae_sbp': 19.79292554870679, 'val_mae_dbp': 10.004818480114462, 'lr': 1.5625e-05}
{'epoch': 77, 'train_mae': 29.237055830831228, 'train_mae_sbp': 19.383964350194105, 'train_mae_dbp': 9.853091471479754, 'val_mae': 29.79862177256986, 'val_mae_sbp': 19.790864801100213, 'val_mae_dbp': 10.00775696686993, 'lr': 1.5625e-05}
Saving best model
{'epoch': 78, 'train_mae': 29.23714172038849, 'train_mae_sbp': 19.384319295608456, 'train_mae_dbp': 9.852822448327546, 'val_mae': 29.79638433149773, 'val_mae_sbp': 19.79074609547949, 'val_mae_dbp': 10.005638262849912, 'lr': 1.5625e-05}
{'epoch': 79, 'train_mae': 29.236296184105473, 'train_mae_sbp': 19.38452467702544, 'train_mae_dbp': 9.8517714760104, 'val_mae': 29.798064878899186, 'val_mae_sbp': 19.792863825126478, 'val_mae_dbp': 10.005201008542175, 'lr': 1.5625e-05}
{'epoch': 80, 'train_mae': 29.23593813238157, 'train_mae_sbp': 19.383538024415696, 'train_mae_dbp': 9.852400086380653, 'val_mae': 29.799442343389874, 'val_mae_sbp': 19.790273383499343, 'val_mae_dbp': 10.009168926925904, 'lr': 1.5625e-05}
