Model name :mlp_21_features
Launch training on cuda
Model name :mlp_21_features
Launch training on cuda
Saving best model
{'train_mae_sbp': 116.04888467227711, 'train_mae_dbp': 47.98761076085708, 'val_mae_sbp': 79.66054344177246, 'val_mae_dbp': 13.471467971801758}
Saving best model
{'train_mae_sbp': 36.451999327715704, 'train_mae_dbp': 18.630546233233282, 'val_mae_sbp': 23.40184450149536, 'val_mae_dbp': 11.07311224937439}
Saving best model
{'train_mae_sbp': 19.32504945642808, 'train_mae_dbp': 13.69076364180621, 'val_mae_sbp': 18.703307151794434, 'val_mae_dbp': 11.38207721710205}
Saving best model
{'train_mae_sbp': 18.06827803219066, 'train_mae_dbp': 10.461131488575655, 'val_mae_sbp': 18.203286170959473, 'val_mae_dbp': 9.839181900024414}
Saving best model
{'train_mae_sbp': 17.404159882489374, 'train_mae_dbp': 9.837643567253561, 'val_mae_sbp': 16.86302900314331, 'val_mae_dbp': 9.77448296546936}
Saving best model
{'train_mae_sbp': 16.899763051201315, 'train_mae_dbp': 9.577156066894531, 'val_mae_sbp': 16.65213108062744, 'val_mae_dbp': 9.782727718353271}
Saving best model
{'train_mae_sbp': 16.61394439024084, 'train_mae_dbp': 9.470339999479407, 'val_mae_sbp': 16.23928689956665, 'val_mae_dbp': 9.551454782485962}
Saving best model
{'train_mae_sbp': 16.28142968346091, 'train_mae_dbp': 9.337319710675407, 'val_mae_sbp': 15.962989091873169, 'val_mae_dbp': 9.362738609313965}
{'train_mae_sbp': 16.092507194070254, 'train_mae_dbp': 9.314171342288747, 'val_mae_sbp': 16.07633638381958, 'val_mae_dbp': 9.36532974243164}
Saving best model
{'train_mae_sbp': 15.872960763819078, 'train_mae_dbp': 9.288650849286247, 'val_mae_sbp': 15.82377576828003, 'val_mae_dbp': 9.327696800231934}
Saving best model
{'train_mae_sbp': 15.71761411779067, 'train_mae_dbp': 9.138052267186781, 'val_mae_sbp': 15.457507848739624, 'val_mae_dbp': 9.352272748947144}
{'train_mae_sbp': 15.322750708636116, 'train_mae_dbp': 9.040934674880084, 'val_mae_sbp': 15.776194095611572, 'val_mae_dbp': 9.414807796478271}
Saving best model
{'train_mae_sbp': 15.36143476822797, 'train_mae_dbp': 9.01272970087388, 'val_mae_sbp': 15.278095006942749, 'val_mae_dbp': 9.198505401611328}
Saving best model
{'train_mae_sbp': 15.189743210287656, 'train_mae_dbp': 8.927337702582864, 'val_mae_sbp': 14.89109992980957, 'val_mae_dbp': 8.991658687591553}
{'train_mae_sbp': 15.15431235818302, 'train_mae_dbp': 8.775289759916419, 'val_mae_sbp': 15.291437864303589, 'val_mae_dbp': 8.991122961044312}
{'train_mae_sbp': 15.051622783436494, 'train_mae_dbp': 8.775447228375603, 'val_mae_sbp': 14.912014245986938, 'val_mae_dbp': 9.015506505966187}
{'train_mae_sbp': 15.067837322459502, 'train_mae_dbp': 8.728599772733801, 'val_mae_sbp': 14.699774742126465, 'val_mae_dbp': 8.77188777923584}
{'train_mae_sbp': 14.841209187227136, 'train_mae_dbp': 8.698042476878447, 'val_mae_sbp': 14.8808913230896, 'val_mae_dbp': 8.843092918395996}
Saving best model
{'train_mae_sbp': 14.884040832519531, 'train_mae_dbp': 8.659959568696863, 'val_mae_sbp': 14.570135831832886, 'val_mae_dbp': 8.784587621688843}
{'train_mae_sbp': 14.738719996284036, 'train_mae_dbp': 8.586486928603229, 'val_mae_sbp': 15.028098821640015, 'val_mae_dbp': 8.917488098144531}
{'train_mae_sbp': 14.69331718893612, 'train_mae_dbp': 8.621968493742102, 'val_mae_sbp': 14.580265760421753, 'val_mae_dbp': 8.953696966171265}
{'train_mae_sbp': 14.509402387282428, 'train_mae_dbp': 8.466168796314912, 'val_mae_sbp': 14.509465217590332, 'val_mae_dbp': 8.763490200042725}
{'train_mae_sbp': 14.376276577220244, 'train_mae_dbp': 8.490822792053223, 'val_mae_sbp': 14.56321930885315, 'val_mae_dbp': 8.72649359703064}
Saving best model
{'train_mae_sbp': 14.444884356330423, 'train_mae_dbp': 8.485029725467458, 'val_mae_sbp': 14.397401809692383, 'val_mae_dbp': 8.57617974281311}
{'train_mae_sbp': 14.3325756297392, 'train_mae_dbp': 8.426239686853746, 'val_mae_sbp': 14.53451156616211, 'val_mae_dbp': 8.621787071228027}
Saving best model
{'train_mae_sbp': 14.399702969719382, 'train_mae_dbp': 8.412212147432214, 'val_mae_sbp': 14.099762439727783, 'val_mae_dbp': 8.641588926315308}
{'train_mae_sbp': 14.375099406522864, 'train_mae_dbp': 8.396286599776325, 'val_mae_sbp': 14.282509565353394, 'val_mae_dbp': 8.521866083145142}
{'train_mae_sbp': 14.316270603853113, 'train_mae_dbp': 8.37681349586038, 'val_mae_sbp': 14.35816740989685, 'val_mae_dbp': 8.517303466796875}
{'train_mae_sbp': 14.122525944429285, 'train_mae_dbp': 8.33432565015905, 'val_mae_sbp': 14.286226987838745, 'val_mae_dbp': 8.444560289382935}
{'train_mae_sbp': 13.99242468441234, 'train_mae_dbp': 8.266834539525648, 'val_mae_sbp': 14.384788036346436, 'val_mae_dbp': 8.49239182472229}
{'train_mae_sbp': 14.208209991455078, 'train_mae_dbp': 8.295786296620088, 'val_mae_sbp': 14.172396659851074, 'val_mae_dbp': 8.576674699783325}
{'train_mae_sbp': 14.001004948335535, 'train_mae_dbp': 8.349036553326775, 'val_mae_sbp': 14.354084968566895, 'val_mae_dbp': 8.697600364685059}
{'train_mae_sbp': 14.322548697976504, 'train_mae_dbp': 8.417573199552649, 'val_mae_sbp': 14.907734394073486, 'val_mae_dbp': 8.82227635383606}
{'train_mae_sbp': 14.326775045955882, 'train_mae_dbp': 8.398940507103415, 'val_mae_sbp': 14.50509524345398, 'val_mae_dbp': 8.61581015586853}
Saving best model
{'train_mae_sbp': 14.006233215332031, 'train_mae_dbp': 8.256469558267032, 'val_mae_sbp': 14.082597732543945, 'val_mae_dbp': 8.373836040496826}
{'train_mae_sbp': 13.922442436218262, 'train_mae_dbp': 8.248149058398079, 'val_mae_sbp': 14.205838203430176, 'val_mae_dbp': 8.442600727081299}
{'train_mae_sbp': 13.938646709217744, 'train_mae_dbp': 8.214349241817699, 'val_mae_sbp': 13.995997190475464, 'val_mae_dbp': 8.431389331817627}
{'train_mae_sbp': 13.760551564833698, 'train_mae_dbp': 8.183425454532399, 'val_mae_sbp': 14.328689098358154, 'val_mae_dbp': 8.530929803848267}
{'train_mae_sbp': 13.945892446181354, 'train_mae_dbp': 8.234050217796774, 'val_mae_sbp': 14.153470277786255, 'val_mae_dbp': 8.365772485733032}
{'train_mae_sbp': 14.146149242625517, 'train_mae_dbp': 8.173279481775621, 'val_mae_sbp': 14.347283363342285, 'val_mae_dbp': 8.343647003173828}
{'train_mae_sbp': 14.011142506318933, 'train_mae_dbp': 8.20222391801722, 'val_mae_sbp': 14.52932071685791, 'val_mae_dbp': 8.320917248725891}
{'train_mae_sbp': 14.088064193725586, 'train_mae_dbp': 8.17019754297593, 'val_mae_sbp': 14.460716962814331, 'val_mae_dbp': 8.416911602020264}
{'train_mae_sbp': 14.131994079141055, 'train_mae_dbp': 8.160328724805046, 'val_mae_sbp': 13.923749208450317, 'val_mae_dbp': 8.231935501098633}
{'train_mae_sbp': 13.997813449186438, 'train_mae_dbp': 8.177448132458855, 'val_mae_sbp': 14.50727128982544, 'val_mae_dbp': 8.476922273635864}
{'train_mae_sbp': 14.067619772518382, 'train_mae_dbp': 8.132449234233183, 'val_mae_sbp': 14.01099944114685, 'val_mae_dbp': 8.324434518814087}
{'train_mae_sbp': 13.854485567878275, 'train_mae_dbp': 8.123781512765323, 'val_mae_sbp': 14.479888677597046, 'val_mae_dbp': 8.536542415618896}
{'train_mae_sbp': 13.918400596169864, 'train_mae_dbp': 8.165220541112562, 'val_mae_sbp': 14.148376703262329, 'val_mae_dbp': 8.543346643447876}
{'train_mae_sbp': 13.950838088989258, 'train_mae_dbp': 8.225090728086585, 'val_mae_sbp': 14.257877111434937, 'val_mae_dbp': 8.428518533706665}
{'train_mae_sbp': 14.0523120655733, 'train_mae_dbp': 8.210985408109778, 'val_mae_sbp': 14.198301076889038, 'val_mae_dbp': 8.34193742275238}
{'train_mae_sbp': 13.969308740952435, 'train_mae_dbp': 8.156482752631693, 'val_mae_sbp': 14.288098335266113, 'val_mae_dbp': 8.309191942214966}
Saving best model
{'train_mae_sbp': 13.889864304486442, 'train_mae_dbp': 8.098083776586195, 'val_mae_sbp': 13.908547163009644, 'val_mae_dbp': 8.18320345878601}
{'train_mae_sbp': 13.80907715068144, 'train_mae_dbp': 8.047316803651697, 'val_mae_sbp': 14.093241214752197, 'val_mae_dbp': 8.478322505950928}
{'train_mae_sbp': 13.88290231368121, 'train_mae_dbp': 8.099478609421674, 'val_mae_sbp': 14.531617164611816, 'val_mae_dbp': 8.575429677963257}
{'train_mae_sbp': 14.001983866972083, 'train_mae_dbp': 8.13174197253059, 'val_mae_sbp': 14.353862524032593, 'val_mae_dbp': 8.279375433921814}
Saving best model
{'train_mae_sbp': 13.869396826800179, 'train_mae_dbp': 8.017219403210808, 'val_mae_sbp': 13.892220973968506, 'val_mae_dbp': 8.184005498886108}
{'train_mae_sbp': 13.865105124080882, 'train_mae_dbp': 8.024373643538532, 'val_mae_sbp': 13.901649713516235, 'val_mae_dbp': 8.227267622947693}
{'train_mae_sbp': 13.89353785795324, 'train_mae_dbp': 8.08087329303517, 'val_mae_sbp': 14.265223741531372, 'val_mae_dbp': 8.192415595054626}
{'train_mae_sbp': 13.936935593100156, 'train_mae_dbp': 8.012511533849379, 'val_mae_sbp': 14.203238248825073, 'val_mae_dbp': 8.235655784606934}
{'train_mae_sbp': 13.859571737401625, 'train_mae_dbp': 8.014469904058119, 'val_mae_sbp': 14.101980924606323, 'val_mae_dbp': 8.239386081695557}
{'train_mae_sbp': 13.698250658371869, 'train_mae_dbp': 7.953000321107752, 'val_mae_sbp': 14.399840354919434, 'val_mae_dbp': 8.237046003341675}
{'train_mae_sbp': 13.99047638388241, 'train_mae_dbp': 8.074254765230066, 'val_mae_sbp': 14.106177806854248, 'val_mae_dbp': 8.366137742996216}
{'train_mae_sbp': 13.968857035917395, 'train_mae_dbp': 8.157113215502571, 'val_mae_sbp': 14.431537866592407, 'val_mae_dbp': 8.33224892616272}
{'train_mae_sbp': 13.5747771543615, 'train_mae_dbp': 7.987995063557344, 'val_mae_sbp': 14.060114622116089, 'val_mae_dbp': 8.206701874732971}
{'train_mae_sbp': 13.781624962301816, 'train_mae_dbp': 7.978051297804889, 'val_mae_sbp': 14.474072933197021, 'val_mae_dbp': 8.412929058074951}
{'train_mae_sbp': 13.913797939524931, 'train_mae_dbp': 8.083639593685374, 'val_mae_sbp': 14.507049560546875, 'val_mae_dbp': 8.394571304321289}
{'train_mae_sbp': 13.823068113888011, 'train_mae_dbp': 8.0012087541468, 'val_mae_sbp': 14.695282220840454, 'val_mae_dbp': 8.371092200279236}
{'train_mae_sbp': 13.47933645809398, 'train_mae_dbp': 7.873858087203082, 'val_mae_sbp': 13.787886381149292, 'val_mae_dbp': 8.063084125518799}
Saving best model
{'train_mae_sbp': 13.07146582883947, 'train_mae_dbp': 7.7325506490819595, 'val_mae_sbp': 13.572582960128784, 'val_mae_dbp': 8.084994196891785}
{'train_mae_sbp': 12.868493753321031, 'train_mae_dbp': 7.652016303118537, 'val_mae_sbp': 13.650155782699585, 'val_mae_dbp': 7.997654676437378}
{'train_mae_sbp': 12.827117358936983, 'train_mae_dbp': 7.640446298262653, 'val_mae_sbp': 13.54446792602539, 'val_mae_dbp': 7.996834993362427}
Saving best model
{'train_mae_sbp': 12.743346775279326, 'train_mae_dbp': 7.607556427226347, 'val_mae_sbp': 13.521810531616211, 'val_mae_dbp': 8.011086821556091}
Saving best model
{'train_mae_sbp': 12.71561549691593, 'train_mae_dbp': 7.61873124627506, 'val_mae_sbp': 13.46040654182434, 'val_mae_dbp': 8.020202040672302}
{'train_mae_sbp': 12.742653566248277, 'train_mae_dbp': 7.598850138047162, 'val_mae_sbp': 13.451524019241333, 'val_mae_dbp': 8.00177001953125}
{'train_mae_sbp': 12.707959343405332, 'train_mae_dbp': 7.5750305512372185, 'val_mae_sbp': 13.427611112594604, 'val_mae_dbp': 7.975130319595337}
Saving best model
{'train_mae_sbp': 12.659700505873737, 'train_mae_dbp': 7.568983807283289, 'val_mae_sbp': 13.413770914077759, 'val_mae_dbp': 7.969316244125366}
{'train_mae_sbp': 12.605797318851247, 'train_mae_dbp': 7.528160656199736, 'val_mae_sbp': 13.445834159851074, 'val_mae_dbp': 8.029600739479065}
Saving best model
{'train_mae_sbp': 12.692224334268008, 'train_mae_dbp': 7.560110008015352, 'val_mae_sbp': 13.409758806228638, 'val_mae_dbp': 7.987081527709961}
Saving best model
{'train_mae_sbp': 12.643977109123679, 'train_mae_dbp': 7.544034481048584, 'val_mae_sbp': 13.353254556655884, 'val_mae_dbp': 7.99415135383606}
{'train_mae_sbp': 12.570204622605267, 'train_mae_dbp': 7.520582591786104, 'val_mae_sbp': 13.433881044387817, 'val_mae_dbp': 8.05754005908966}
{'train_mae_sbp': 12.604449159958783, 'train_mae_dbp': 7.544303669649012, 'val_mae_sbp': 13.35809874534607, 'val_mae_dbp': 8.010971665382385}
{'train_mae_sbp': 12.591653487261604, 'train_mae_dbp': 7.519601962145637, 'val_mae_sbp': 13.341479778289795, 'val_mae_dbp': 7.9938905239105225}
{'train_mae_sbp': 12.564219418693991, 'train_mae_dbp': 7.507954737719367, 'val_mae_sbp': 13.36797046661377, 'val_mae_dbp': 7.997633337974548}
{'train_mae_sbp': 12.507983544293571, 'train_mae_dbp': 7.512052816503188, 'val_mae_sbp': 13.376511573791504, 'val_mae_dbp': 8.03205680847168}
{'train_mae_sbp': 12.584410050336052, 'train_mae_dbp': 7.501692014582017, 'val_mae_sbp': 13.364659786224365, 'val_mae_dbp': 7.959876298904419}
{'train_mae_sbp': 12.529291209052591, 'train_mae_dbp': 7.510234047384823, 'val_mae_sbp': 13.404599905014038, 'val_mae_dbp': 7.997629642486572}
{'train_mae_sbp': 12.482614461113425, 'train_mae_dbp': 7.490867306204403, 'val_mae_sbp': 13.371714353561401, 'val_mae_dbp': 7.975623369216919}
{'train_mae_sbp': 12.546147963579964, 'train_mae_dbp': 7.493989635916317, 'val_mae_sbp': 13.438562393188477, 'val_mae_dbp': 7.963557720184326}
{'train_mae_sbp': 12.512238390305463, 'train_mae_dbp': 7.475786882288316, 'val_mae_sbp': 13.364829063415527, 'val_mae_dbp': 7.961380481719971}
{'train_mae_sbp': 12.495395379907945, 'train_mae_dbp': 7.481622920316808, 'val_mae_sbp': 13.342062711715698, 'val_mae_dbp': 7.996454477310181}
{'train_mae_sbp': 12.458723124335794, 'train_mae_dbp': 7.47882812163409, 'val_mae_sbp': 13.397465229034424, 'val_mae_dbp': 7.936237454414368}
{'train_mae_sbp': 12.5213862026439, 'train_mae_dbp': 7.507874965667725, 'val_mae_sbp': 13.36991572380066, 'val_mae_dbp': 7.97029173374176}
{'train_mae_sbp': 12.45099297691794, 'train_mae_dbp': 7.473972797393799, 'val_mae_sbp': 13.362627983093262, 'val_mae_dbp': 7.987913012504578}
{'train_mae_sbp': 12.415697939255658, 'train_mae_dbp': 7.454615424661076, 'val_mae_sbp': 13.369356870651245, 'val_mae_dbp': 7.970443487167358}
{'train_mae_sbp': 12.532085362602682, 'train_mae_dbp': 7.471880968879251, 'val_mae_sbp': 13.3851318359375, 'val_mae_dbp': 7.934165954589844}
{'train_mae_sbp': 12.471028832828297, 'train_mae_dbp': 7.457918924443862, 'val_mae_sbp': 13.32569432258606, 'val_mae_dbp': 7.979493975639343}
{'train_mae_sbp': 12.405977641834932, 'train_mae_dbp': 7.458564646103802, 'val_mae_sbp': 13.299088954925537, 'val_mae_dbp': 8.00162398815155}
{'train_mae_sbp': 12.405699898214902, 'train_mae_dbp': 7.457093238830566, 'val_mae_sbp': 13.348633050918579, 'val_mae_dbp': 7.954378366470337}
{'train_mae_sbp': 12.455742948195514, 'train_mae_dbp': 7.442172359017765, 'val_mae_sbp': 13.269628763198853, 'val_mae_dbp': 7.914260268211365}
{'train_mae_sbp': 12.425627484041101, 'train_mae_dbp': 7.463365190169391, 'val_mae_sbp': 13.417935848236084, 'val_mae_dbp': 7.983474135398865}
{'train_mae_sbp': 12.411412575665642, 'train_mae_dbp': 7.445842995363123, 'val_mae_sbp': 13.33315920829773, 'val_mae_dbp': 7.936327219009399}
{'train_mae_sbp': 12.438913794124828, 'train_mae_dbp': 7.442988423740163, 'val_mae_sbp': 13.455724716186523, 'val_mae_dbp': 8.001616477966309}
{'train_mae_sbp': 12.40651517755845, 'train_mae_dbp': 7.408939361572266, 'val_mae_sbp': 13.350659608840942, 'val_mae_dbp': 7.964090466499329}
{'train_mae_sbp': 12.397208213806152, 'train_mae_dbp': 7.419963696423699, 'val_mae_sbp': 13.433135271072388, 'val_mae_dbp': 7.948469042778015}
{'train_mae_sbp': 12.415952065411735, 'train_mae_dbp': 7.442955914665671, 'val_mae_sbp': 13.410037279129028, 'val_mae_dbp': 7.966002583503723}
{'train_mae_sbp': 12.485424210043515, 'train_mae_dbp': 7.4197781787199135, 'val_mae_sbp': 13.449330806732178, 'val_mae_dbp': 7.953613758087158}
{'train_mae_sbp': 12.438197753008675, 'train_mae_dbp': 7.458558419171502, 'val_mae_sbp': 13.37601613998413, 'val_mae_dbp': 7.910925626754761}
{'train_mae_sbp': 12.435841055477367, 'train_mae_dbp': 7.474923498490277, 'val_mae_sbp': 13.309563875198364, 'val_mae_dbp': 7.987514853477478}
{'train_mae_sbp': 12.388742446899414, 'train_mae_dbp': 7.430425195132985, 'val_mae_sbp': 13.391170501708984, 'val_mae_dbp': 7.949121832847595}
{'train_mae_sbp': 12.372528749353746, 'train_mae_dbp': 7.437441545374253, 'val_mae_sbp': 13.278461456298828, 'val_mae_dbp': 7.948591113090515}
{'train_mae_sbp': 12.2253578971414, 'train_mae_dbp': 7.363742351531982, 'val_mae_sbp': 13.25604772567749, 'val_mae_dbp': 7.935214042663574}
{'train_mae_sbp': 12.172025736640482, 'train_mae_dbp': 7.3681754504933075, 'val_mae_sbp': 13.26267147064209, 'val_mae_dbp': 7.931735992431641}
{'train_mae_sbp': 12.190839767456055, 'train_mae_dbp': 7.345591517055736, 'val_mae_sbp': 13.266350507736206, 'val_mae_dbp': 7.9395328760147095}
{'train_mae_sbp': 12.159547917983112, 'train_mae_dbp': 7.343918239369112, 'val_mae_sbp': 13.284647226333618, 'val_mae_dbp': 7.925485849380493}
{'train_mae_sbp': 12.150599928463206, 'train_mae_dbp': 7.336187839508057, 'val_mae_sbp': 13.255535125732422, 'val_mae_dbp': 7.928730368614197}
{'train_mae_sbp': 12.152311268974753, 'train_mae_dbp': 7.352616674759808, 'val_mae_sbp': 13.256536483764648, 'val_mae_dbp': 7.92543363571167}
{'train_mae_sbp': 12.193683680366068, 'train_mae_dbp': 7.361347030190861, 'val_mae_sbp': 13.239048480987549, 'val_mae_dbp': 7.916597366333008}
{'train_mae_sbp': 12.159083478591022, 'train_mae_dbp': 7.363361386691823, 'val_mae_sbp': 13.250663995742798, 'val_mae_dbp': 7.925639986991882}
{'train_mae_sbp': 12.102642732508043, 'train_mae_dbp': 7.335786903605742, 'val_mae_sbp': 13.263777256011963, 'val_mae_dbp': 7.930142283439636}
{'train_mae_sbp': 12.078875429490033, 'train_mae_dbp': 7.330525145811193, 'val_mae_sbp': 13.238768815994263, 'val_mae_dbp': 7.920993328094482}
{'train_mae_sbp': 12.180652225718779, 'train_mae_dbp': 7.354242408976836, 'val_mae_sbp': 13.235039234161377, 'val_mae_dbp': 7.904278755187988}
{'train_mae_sbp': 12.122030819163603, 'train_mae_dbp': 7.342300835777731, 'val_mae_sbp': 13.242974042892456, 'val_mae_dbp': 7.915740132331848}
{'train_mae_sbp': 12.130666564492618, 'train_mae_dbp': 7.343465777004466, 'val_mae_sbp': 13.253650426864624, 'val_mae_dbp': 7.915359020233154}
{'train_mae_sbp': 12.166071891784668, 'train_mae_dbp': 7.348993609933292, 'val_mae_sbp': 13.25797724723816, 'val_mae_dbp': 7.915729641914368}
{'train_mae_sbp': 12.142652287202722, 'train_mae_dbp': 7.344359369838939, 'val_mae_sbp': 13.259729146957397, 'val_mae_dbp': 7.921196222305298}
{'train_mae_sbp': 12.121866506688734, 'train_mae_dbp': 7.335109430200913, 'val_mae_sbp': 13.240060806274414, 'val_mae_dbp': 7.914681911468506}
{'train_mae_sbp': 12.146922335905188, 'train_mae_dbp': 7.346838362076703, 'val_mae_sbp': 13.241142511367798, 'val_mae_dbp': 7.915316224098206}
{'train_mae_sbp': 12.11674050723805, 'train_mae_dbp': 7.338172547957477, 'val_mae_sbp': 13.255192041397095, 'val_mae_dbp': 7.9182997941970825}
{'train_mae_sbp': 12.120698423946605, 'train_mae_dbp': 7.3364380668191345, 'val_mae_sbp': 13.2561616897583, 'val_mae_dbp': 7.928157806396484}
{'train_mae_sbp': 12.102285497328815, 'train_mae_dbp': 7.3382507212021775, 'val_mae_sbp': 13.243906736373901, 'val_mae_dbp': 7.914351463317871}
{'train_mae_sbp': 12.114085702335133, 'train_mae_dbp': 7.333069464739631, 'val_mae_sbp': 13.267060995101929, 'val_mae_dbp': 7.92921507358551}
{'train_mae_sbp': 12.14097376430736, 'train_mae_dbp': 7.341270278481876, 'val_mae_sbp': 13.247514724731445, 'val_mae_dbp': 7.932838320732117}
{'train_mae_sbp': 12.07842871722053, 'train_mae_dbp': 7.318839858560001, 'val_mae_sbp': 13.244944334030151, 'val_mae_dbp': 7.926978588104248}
{'train_mae_sbp': 12.067054748535156, 'train_mae_dbp': 7.343012445113239, 'val_mae_sbp': 13.248551607131958, 'val_mae_dbp': 7.927539587020874}
{'train_mae_sbp': 12.104075375725241, 'train_mae_dbp': 7.334197773652918, 'val_mae_sbp': 13.245227813720703, 'val_mae_dbp': 7.924233913421631}
{'train_mae_sbp': 12.062138276941637, 'train_mae_dbp': 7.316298316506779, 'val_mae_sbp': 13.249019145965576, 'val_mae_dbp': 7.92165994644165}
{'train_mae_sbp': 12.107214759377872, 'train_mae_dbp': 7.322692085714901, 'val_mae_sbp': 13.247788906097412, 'val_mae_dbp': 7.923861622810364}
{'train_mae_sbp': 12.147300551919376, 'train_mae_dbp': 7.344777948716107, 'val_mae_sbp': 13.248719453811646, 'val_mae_dbp': 7.925358176231384}
{'train_mae_sbp': 12.091692026923685, 'train_mae_dbp': 7.316555275636561, 'val_mae_sbp': 13.252102613449097, 'val_mae_dbp': 7.922767639160156}
{'train_mae_sbp': 12.107777034535127, 'train_mae_dbp': 7.3302321434021, 'val_mae_sbp': 13.244161128997803, 'val_mae_dbp': 7.924963593482971}
{'train_mae_sbp': 12.047324124504538, 'train_mae_dbp': 7.308781960431268, 'val_mae_sbp': 13.246551513671875, 'val_mae_dbp': 7.922828435897827}
{'train_mae_sbp': 12.049934779896455, 'train_mae_dbp': 7.315950057085822, 'val_mae_sbp': 13.24214243888855, 'val_mae_dbp': 7.925199627876282}
{'train_mae_sbp': 12.044621972476735, 'train_mae_dbp': 7.314590958987965, 'val_mae_sbp': 13.245381116867065, 'val_mae_dbp': 7.926245212554932}
{'train_mae_sbp': 12.04598898046157, 'train_mae_dbp': 7.308671474456787, 'val_mae_sbp': 13.247762441635132, 'val_mae_dbp': 7.925664663314819}
{'train_mae_sbp': 12.080883026123047, 'train_mae_dbp': 7.327447077807258, 'val_mae_sbp': 13.24989938735962, 'val_mae_dbp': 7.92523467540741}
{'train_mae_sbp': 12.05619868110208, 'train_mae_dbp': 7.329698758966782, 'val_mae_sbp': 13.244813919067383, 'val_mae_dbp': 7.925713539123535}
{'train_mae_sbp': 12.081696173724007, 'train_mae_dbp': 7.326471525080064, 'val_mae_sbp': 13.24532437324524, 'val_mae_dbp': 7.93010413646698}
{'train_mae_sbp': 12.079259311451631, 'train_mae_dbp': 7.321175575256348, 'val_mae_sbp': 13.24470829963684, 'val_mae_dbp': 7.924504637718201}
{'train_mae_sbp': 12.093913751489977, 'train_mae_dbp': 7.322224168216481, 'val_mae_sbp': 13.246456146240234, 'val_mae_dbp': 7.92732834815979}
{'train_mae_sbp': 12.047282331130084, 'train_mae_dbp': 7.310250282287598, 'val_mae_sbp': 13.240384578704834, 'val_mae_dbp': 7.92850387096405}
{'train_mae_sbp': 12.057268928079043, 'train_mae_dbp': 7.310187956866096, 'val_mae_sbp': 13.245784282684326, 'val_mae_dbp': 7.924683690071106}
{'train_mae_sbp': 12.074938100927016, 'train_mae_dbp': 7.326478509341969, 'val_mae_sbp': 13.246852159500122, 'val_mae_dbp': 7.924294590950012}
{'train_mae_sbp': 12.10024087569293, 'train_mae_dbp': 7.332122185650994, 'val_mae_sbp': 13.243815183639526, 'val_mae_dbp': 7.923544883728027}
{'train_mae_sbp': 12.089902541216683, 'train_mae_dbp': 7.329438237582936, 'val_mae_sbp': 13.247779846191406, 'val_mae_dbp': 7.927385210990906}
{'train_mae_sbp': 12.089927000157973, 'train_mae_dbp': 7.322822711047004, 'val_mae_sbp': 13.246689319610596, 'val_mae_dbp': 7.925753831863403}
{'train_mae_sbp': 12.035444035249597, 'train_mae_dbp': 7.315937126384062, 'val_mae_sbp': 13.246959447860718, 'val_mae_dbp': 7.924374938011169}
{'train_mae_sbp': 12.075516308055205, 'train_mae_dbp': 7.327886749716366, 'val_mae_sbp': 13.2452232837677, 'val_mae_dbp': 7.922324538230896}
{'train_mae_sbp': 12.080429413739372, 'train_mae_dbp': 7.336056625141817, 'val_mae_sbp': 13.24645471572876, 'val_mae_dbp': 7.924160003662109}
{'train_mae_sbp': 12.081761640660902, 'train_mae_dbp': 7.316767692565918, 'val_mae_sbp': 13.246402740478516, 'val_mae_dbp': 7.928992033004761}
{'train_mae_sbp': 12.066557379329906, 'train_mae_dbp': 7.324828203986673, 'val_mae_sbp': 13.241604089736938, 'val_mae_dbp': 7.92618203163147}
{'train_mae_sbp': 12.054897532743567, 'train_mae_dbp': 7.32789067661061, 'val_mae_sbp': 13.24592924118042, 'val_mae_dbp': 7.9311758279800415}
{'train_mae_sbp': 12.067851627574248, 'train_mae_dbp': 7.324340623967788, 'val_mae_sbp': 13.245999813079834, 'val_mae_dbp': 7.925052285194397}
{'train_mae_sbp': 12.026093258577234, 'train_mae_dbp': 7.315854240866268, 'val_mae_sbp': 13.24439525604248, 'val_mae_dbp': 7.923887729644775}
{'train_mae_sbp': 12.081721249748679, 'train_mae_dbp': 7.323417326983283, 'val_mae_sbp': 13.246132612228394, 'val_mae_dbp': 7.926365852355957}
{'train_mae_sbp': 12.099913260515999, 'train_mae_dbp': 7.325840921962962, 'val_mae_sbp': 13.24182653427124, 'val_mae_dbp': 7.926834940910339}
{'train_mae_sbp': 12.086464994093951, 'train_mae_dbp': 7.321505967308493, 'val_mae_sbp': 13.244802951812744, 'val_mae_dbp': 7.92621123790741}
{'train_mae_sbp': 12.057405640097226, 'train_mae_dbp': 7.308382398941937, 'val_mae_sbp': 13.246257066726685, 'val_mae_dbp': 7.928138971328735}
{'train_mae_sbp': 12.043151126188391, 'train_mae_dbp': 7.318985237794764, 'val_mae_sbp': 13.247991800308228, 'val_mae_dbp': 7.925985336303711}
{'train_mae_sbp': 12.082188269671272, 'train_mae_dbp': 7.317966012393727, 'val_mae_sbp': 13.241558313369751, 'val_mae_dbp': 7.929412603378296}
{'train_mae_sbp': 12.080489663516774, 'train_mae_dbp': 7.338482604307287, 'val_mae_sbp': 13.242893934249878, 'val_mae_dbp': 7.9269490242004395}
{'train_mae_sbp': 12.068421083338121, 'train_mae_dbp': 7.311247545130112, 'val_mae_sbp': 13.241955995559692, 'val_mae_dbp': 7.925941586494446}
{'train_mae_sbp': 12.097752683302936, 'train_mae_dbp': 7.338414528790643, 'val_mae_sbp': 13.240915536880493, 'val_mae_dbp': 7.931386113166809}
{'train_mae_sbp': 12.095044753130745, 'train_mae_dbp': 7.329607683069566, 'val_mae_sbp': 13.247172594070435, 'val_mae_dbp': 7.930281281471252}
{'train_mae_sbp': 12.043360878439511, 'train_mae_dbp': 7.313448204713709, 'val_mae_sbp': 13.248438596725464, 'val_mae_dbp': 7.928884744644165}
{'train_mae_sbp': 12.047057095695944, 'train_mae_dbp': 7.325537148643942, 'val_mae_sbp': 13.244316101074219, 'val_mae_dbp': 7.929343104362488}
{'train_mae_sbp': 12.068152876461253, 'train_mae_dbp': 7.306286755730124, 'val_mae_sbp': 13.24116587638855, 'val_mae_dbp': 7.928088545799255}
{'train_mae_sbp': 12.057490012224983, 'train_mae_dbp': 7.317075364729938, 'val_mae_sbp': 13.243788003921509, 'val_mae_dbp': 7.926542639732361}
{'train_mae_sbp': 12.094171411850873, 'train_mae_dbp': 7.332295726327335, 'val_mae_sbp': 13.242824077606201, 'val_mae_dbp': 7.927408218383789}
{'train_mae_sbp': 12.079666586483226, 'train_mae_dbp': 7.319375795476577, 'val_mae_sbp': 13.24574589729309, 'val_mae_dbp': 7.9279773235321045}
{'train_mae_sbp': 12.062331872827867, 'train_mae_dbp': 7.313239321989172, 'val_mae_sbp': 13.243951320648193, 'val_mae_dbp': 7.927216410636902}
{'train_mae_sbp': 12.082745776456946, 'train_mae_dbp': 7.329799567951875, 'val_mae_sbp': 13.24332332611084, 'val_mae_dbp': 7.929170370101929}
{'train_mae_sbp': 12.05805913139792, 'train_mae_dbp': 7.317423399756937, 'val_mae_sbp': 13.244577646255493, 'val_mae_dbp': 7.928775191307068}
{'train_mae_sbp': 12.105509533601648, 'train_mae_dbp': 7.332779575796688, 'val_mae_sbp': 13.248108863830566, 'val_mae_dbp': 7.926161289215088}
{'train_mae_sbp': 12.05383166144876, 'train_mae_dbp': 7.319751571206486, 'val_mae_sbp': 13.247563123703003, 'val_mae_dbp': 7.9253681898117065}
{'train_mae_sbp': 12.053970112520105, 'train_mae_dbp': 7.316019703360165, 'val_mae_sbp': 13.243236780166626, 'val_mae_dbp': 7.926443457603455}
{'train_mae_sbp': 12.067621567670036, 'train_mae_dbp': 7.326986481161678, 'val_mae_sbp': 13.243631362915039, 'val_mae_dbp': 7.925593256950378}
{'train_mae_sbp': 12.070777500376982, 'train_mae_dbp': 7.331173980937285, 'val_mae_sbp': 13.24419093132019, 'val_mae_dbp': 7.927906632423401}
{'train_mae_sbp': 12.068742695976706, 'train_mae_dbp': 7.3270973037270934, 'val_mae_sbp': 13.248520374298096, 'val_mae_dbp': 7.925398588180542}
{'train_mae_sbp': 12.07896260654225, 'train_mae_dbp': 7.333883117226994, 'val_mae_sbp': 13.248197078704834, 'val_mae_dbp': 7.9300326108932495}
{'train_mae_sbp': 12.07664472916547, 'train_mae_dbp': 7.320423603057861, 'val_mae_sbp': 13.245092391967773, 'val_mae_dbp': 7.927648663520813}
{'train_mae_sbp': 12.027919376597685, 'train_mae_dbp': 7.300904834971709, 'val_mae_sbp': 13.242852449417114, 'val_mae_dbp': 7.928019881248474}
{'train_mae_sbp': 12.066588682286879, 'train_mae_dbp': 7.34470272064209, 'val_mae_sbp': 13.249165534973145, 'val_mae_dbp': 7.924143075942993}
{'train_mae_sbp': 12.083167917588177, 'train_mae_dbp': 7.3131422155043655, 'val_mae_sbp': 13.246736288070679, 'val_mae_dbp': 7.924198389053345}
{'train_mae_sbp': 12.088016622206744, 'train_mae_dbp': 7.330398503471823, 'val_mae_sbp': 13.245707988739014, 'val_mae_dbp': 7.927814960479736}
{'train_mae_sbp': 12.079827813541188, 'train_mae_dbp': 7.31555035535027, 'val_mae_sbp': 13.241615056991577, 'val_mae_dbp': 7.927715420722961}
{'train_mae_sbp': 12.095802307128906, 'train_mae_dbp': 7.325508454266717, 'val_mae_sbp': 13.23975682258606, 'val_mae_dbp': 7.926585555076599}
{'train_mae_sbp': 12.09080135121065, 'train_mae_dbp': 7.323443805470186, 'val_mae_sbp': 13.244087934494019, 'val_mae_dbp': 7.92737603187561}
{'train_mae_sbp': 12.089850257424747, 'train_mae_dbp': 7.32415844412411, 'val_mae_sbp': 13.245423555374146, 'val_mae_dbp': 7.925817251205444}
{'train_mae_sbp': 12.123688417322496, 'train_mae_dbp': 7.321898095748004, 'val_mae_sbp': 13.244083642959595, 'val_mae_dbp': 7.9259854555130005}
{'train_mae_sbp': 12.092951942892636, 'train_mae_dbp': 7.3294519256143005, 'val_mae_sbp': 13.241894245147705, 'val_mae_dbp': 7.926595687866211}
{'train_mae_sbp': 12.07561201207778, 'train_mae_dbp': 7.317953334135168, 'val_mae_sbp': 13.244447946548462, 'val_mae_dbp': 7.924844861030579}
{'train_mae_sbp': 12.037735434139476, 'train_mae_dbp': 7.3138715519624595, 'val_mae_sbp': 13.247313976287842, 'val_mae_dbp': 7.927396059036255}
{'train_mae_sbp': 12.056688813602223, 'train_mae_dbp': 7.3181454995099235, 'val_mae_sbp': 13.24408507347107, 'val_mae_dbp': 7.922430872917175}
{'train_mae_sbp': 12.093466646531049, 'train_mae_dbp': 7.328742616316852, 'val_mae_sbp': 13.241578340530396, 'val_mae_dbp': 7.926650881767273}
{'train_mae_sbp': 12.072152586544261, 'train_mae_dbp': 7.317471392014447, 'val_mae_sbp': 13.244399070739746, 'val_mae_dbp': 7.923874139785767}
{'train_mae_sbp': 12.09882371565875, 'train_mae_dbp': 7.3253452637616325, 'val_mae_sbp': 13.243034601211548, 'val_mae_dbp': 7.930923581123352}
{'train_mae_sbp': 12.042371805976419, 'train_mae_dbp': 7.30633617849911, 'val_mae_sbp': 13.241106510162354, 'val_mae_dbp': 7.928078055381775}
{'train_mae_sbp': 12.04558490304386, 'train_mae_dbp': 7.331138414495132, 'val_mae_sbp': 13.246204137802124, 'val_mae_dbp': 7.927536725997925}
{'train_mae_sbp': 12.07850181355196, 'train_mae_dbp': 7.312066555023193, 'val_mae_sbp': 13.244938850402832, 'val_mae_dbp': 7.926859736442566}
{'train_mae_sbp': 12.035964517032399, 'train_mae_dbp': 7.313228018143597, 'val_mae_sbp': 13.24172830581665, 'val_mae_dbp': 7.927699089050293}
{'train_mae_sbp': 12.11758170408361, 'train_mae_dbp': 7.315254043130314, 'val_mae_sbp': 13.245559453964233, 'val_mae_dbp': 7.925778031349182}
{'train_mae_sbp': 12.061387510860667, 'train_mae_dbp': 7.313881341148825, 'val_mae_sbp': 13.246093988418579, 'val_mae_dbp': 7.926803469657898}
{'train_mae_sbp': 12.113651163437787, 'train_mae_dbp': 7.33015910316916, 'val_mae_sbp': 13.249188661575317, 'val_mae_dbp': 7.9260629415512085}
{'train_mae_sbp': 12.064809911391315, 'train_mae_dbp': 7.3252412852118995, 'val_mae_sbp': 13.24609088897705, 'val_mae_dbp': 7.922454595565796}
{'train_mae_sbp': 12.02943083819221, 'train_mae_dbp': 7.304893577800078, 'val_mae_sbp': 13.244751691818237, 'val_mae_dbp': 7.928064942359924}
{'train_mae_sbp': 12.105615952435661, 'train_mae_dbp': 7.321709324331844, 'val_mae_sbp': 13.245322227478027, 'val_mae_dbp': 7.927845597267151}
{'train_mae_sbp': 12.092761095832376, 'train_mae_dbp': 7.319562014411478, 'val_mae_sbp': 13.242791652679443, 'val_mae_dbp': 7.925527453422546}
{'train_mae_sbp': 12.094501102671904, 'train_mae_dbp': 7.317347049713135, 'val_mae_sbp': 13.243393182754517, 'val_mae_dbp': 7.923630952835083}
{'train_mae_sbp': 12.111678740557503, 'train_mae_dbp': 7.325141906738281, 'val_mae_sbp': 13.240808486938477, 'val_mae_dbp': 7.929068207740784}
{'train_mae_sbp': 12.069351869470934, 'train_mae_dbp': 7.314713702482336, 'val_mae_sbp': 13.241806268692017, 'val_mae_dbp': 7.9273234605789185}
{'train_mae_sbp': 12.06779530469109, 'train_mae_dbp': 7.3240980260512405, 'val_mae_sbp': 13.242087364196777, 'val_mae_dbp': 7.925549149513245}
{'train_mae_sbp': 12.072093346539665, 'train_mae_dbp': 7.333035048316507, 'val_mae_sbp': 13.241426706314087, 'val_mae_dbp': 7.925707936286926}
{'train_mae_sbp': 12.074453914866728, 'train_mae_dbp': 7.3230213557972625, 'val_mae_sbp': 13.246196031570435, 'val_mae_dbp': 7.9264748096466064}
{'train_mae_sbp': 12.106269780327292, 'train_mae_dbp': 7.326277564553654, 'val_mae_sbp': 13.24135136604309, 'val_mae_dbp': 7.924348473548889}
{'train_mae_sbp': 12.089783219730153, 'train_mae_dbp': 7.31745372099035, 'val_mae_sbp': 13.239290237426758, 'val_mae_dbp': 7.926188826560974}
{'train_mae_sbp': 12.064326566808363, 'train_mae_dbp': 7.306392389185288, 'val_mae_sbp': 13.242348670959473, 'val_mae_dbp': 7.924610495567322}
{'train_mae_sbp': 12.063192760243135, 'train_mae_dbp': 7.322769922368667, 'val_mae_sbp': 13.241806507110596, 'val_mae_dbp': 7.927584767341614}
{'train_mae_sbp': 12.078833187327666, 'train_mae_dbp': 7.326206656063304, 'val_mae_sbp': 13.245208740234375, 'val_mae_dbp': 7.924439549446106}
{'train_mae_sbp': 12.064244438620175, 'train_mae_dbp': 7.306626544279211, 'val_mae_sbp': 13.240357160568237, 'val_mae_dbp': 7.924200534820557}
{'train_mae_sbp': 12.094713042764102, 'train_mae_dbp': 7.331652501050164, 'val_mae_sbp': 13.241034507751465, 'val_mae_dbp': 7.927280068397522}
{'train_mae_sbp': 12.041454483481015, 'train_mae_dbp': 7.322452404919793, 'val_mae_sbp': 13.245762586593628, 'val_mae_dbp': 7.9264057874679565}
{'train_mae_sbp': 12.12162758322323, 'train_mae_dbp': 7.338016145369586, 'val_mae_sbp': 13.245803833007812, 'val_mae_dbp': 7.9285160303115845}
{'train_mae_sbp': 12.037352225359749, 'train_mae_dbp': 7.315983912524055, 'val_mae_sbp': 13.241868019104004, 'val_mae_dbp': 7.928218722343445}
{'train_mae_sbp': 12.056943612940172, 'train_mae_dbp': 7.315392045413747, 'val_mae_sbp': 13.242929935455322, 'val_mae_dbp': 7.926961421966553}
{'train_mae_sbp': 12.038480758666992, 'train_mae_dbp': 7.3090665761162255, 'val_mae_sbp': 13.242345571517944, 'val_mae_dbp': 7.926318168640137}
{'train_mae_sbp': 12.067084817325368, 'train_mae_dbp': 7.318297975203571, 'val_mae_sbp': 13.246744394302368, 'val_mae_dbp': 7.921543121337891}
{'train_mae_sbp': 12.04531759374282, 'train_mae_dbp': 7.305610292098102, 'val_mae_sbp': 13.243831396102905, 'val_mae_dbp': 7.924062132835388}
{'train_mae_sbp': 12.12064271814683, 'train_mae_dbp': 7.324809326845057, 'val_mae_sbp': 13.24436616897583, 'val_mae_dbp': 7.927662014961243}
{'train_mae_sbp': 12.079947247224695, 'train_mae_dbp': 7.331592672011432, 'val_mae_sbp': 13.243393182754517, 'val_mae_dbp': 7.930982232093811}
{'train_mae_sbp': 12.105512843412512, 'train_mae_dbp': 7.3209498349358055, 'val_mae_sbp': 13.242476224899292, 'val_mae_dbp': 7.930419087409973}
{'train_mae_sbp': 12.078294473535875, 'train_mae_dbp': 7.335357357473934, 'val_mae_sbp': 13.245261192321777, 'val_mae_dbp': 7.926734924316406}
{'train_mae_sbp': 12.032199074240292, 'train_mae_dbp': 7.316507030935848, 'val_mae_sbp': 13.244318008422852, 'val_mae_dbp': 7.924142241477966}
{'train_mae_sbp': 12.05534834020278, 'train_mae_dbp': 7.309289174921372, 'val_mae_sbp': 13.244821786880493, 'val_mae_dbp': 7.925631761550903}
{'train_mae_sbp': 12.06121411043055, 'train_mae_dbp': 7.312660329482135, 'val_mae_sbp': 13.246331214904785, 'val_mae_dbp': 7.9240933656692505}
{'train_mae_sbp': 12.120776232551126, 'train_mae_dbp': 7.328406081480138, 'val_mae_sbp': 13.241737127304077, 'val_mae_dbp': 7.9264291524887085}
{'train_mae_sbp': 12.092232143177705, 'train_mae_dbp': 7.337911493637982, 'val_mae_sbp': 13.243705987930298, 'val_mae_dbp': 7.925283789634705}
{'train_mae_sbp': 12.07308572881362, 'train_mae_dbp': 7.30815003899967, 'val_mae_sbp': 13.247278690338135, 'val_mae_dbp': 7.924378991127014}
{'train_mae_sbp': 12.092119946199304, 'train_mae_dbp': 7.3199098530937645, 'val_mae_sbp': 13.24493408203125, 'val_mae_dbp': 7.926451802253723}
{'train_mae_sbp': 12.082096604739919, 'train_mae_dbp': 7.3355432398179, 'val_mae_sbp': 13.24432110786438, 'val_mae_dbp': 7.92597222328186}
{'train_mae_sbp': 12.04391025094425, 'train_mae_dbp': 7.314895966473748, 'val_mae_sbp': 13.245339155197144, 'val_mae_dbp': 7.926025629043579}
{'train_mae_sbp': 12.054805082433363, 'train_mae_dbp': 7.314966818865607, 'val_mae_sbp': 13.242290019989014, 'val_mae_dbp': 7.923645615577698}
{'train_mae_sbp': 12.077663477729349, 'train_mae_dbp': 7.32063627243042, 'val_mae_sbp': 13.246922254562378, 'val_mae_dbp': 7.9243950843811035}
{'train_mae_sbp': 12.054688173181871, 'train_mae_dbp': 7.31676264370189, 'val_mae_sbp': 13.247813701629639, 'val_mae_dbp': 7.926025867462158}
{'train_mae_sbp': 12.074857431299547, 'train_mae_dbp': 7.329733792473288, 'val_mae_sbp': 13.248279809951782, 'val_mae_dbp': 7.92534339427948}
{'train_mae_sbp': 12.045772328096277, 'train_mae_dbp': 7.320770151474896, 'val_mae_sbp': 13.244942665100098, 'val_mae_dbp': 7.930449962615967}
{'train_mae_sbp': 12.067279142491957, 'train_mae_dbp': 7.325543487773222, 'val_mae_sbp': 13.242181539535522, 'val_mae_dbp': 7.926752686500549}
{'train_mae_sbp': 12.053914126227884, 'train_mae_dbp': 7.301647971658146, 'val_mae_sbp': 13.241154432296753, 'val_mae_dbp': 7.927401542663574}
{'train_mae_sbp': 12.06130953396068, 'train_mae_dbp': 7.319142089170568, 'val_mae_sbp': 13.243192434310913, 'val_mae_dbp': 7.925587058067322}
{'train_mae_sbp': 12.064784610972685, 'train_mae_dbp': 7.319413633907542, 'val_mae_sbp': 13.244943618774414, 'val_mae_dbp': 7.926417112350464}
{'train_mae_sbp': 12.058545337003821, 'train_mae_dbp': 7.314265868243049, 'val_mae_sbp': 13.245596170425415, 'val_mae_dbp': 7.924752712249756}
{'train_mae_sbp': 12.077595598557416, 'train_mae_dbp': 7.324762905345244, 'val_mae_sbp': 13.240543365478516, 'val_mae_dbp': 7.924304842948914}
{'train_mae_sbp': 12.102135994855095, 'train_mae_dbp': 7.329693149117863, 'val_mae_sbp': 13.241400003433228, 'val_mae_dbp': 7.925954341888428}
{'train_mae_sbp': 12.12230323342716, 'train_mae_dbp': 7.350033647873822, 'val_mae_sbp': 13.239327192306519, 'val_mae_dbp': 7.9287861585617065}
{'train_mae_sbp': 12.070624407599954, 'train_mae_dbp': 7.316372142118566, 'val_mae_sbp': 13.244023084640503, 'val_mae_dbp': 7.926650643348694}
{'train_mae_sbp': 12.064462998334099, 'train_mae_dbp': 7.3219168606926415, 'val_mae_sbp': 13.244383573532104, 'val_mae_dbp': 7.92767596244812}
{'train_mae_sbp': 12.068497208987965, 'train_mae_dbp': 7.320868744569666, 'val_mae_sbp': 13.238701581954956, 'val_mae_dbp': 7.928073883056641}
{'train_mae_sbp': 12.129924661972943, 'train_mae_dbp': 7.336288087508258, 'val_mae_sbp': 13.235901832580566, 'val_mae_dbp': 7.92965042591095}
{'train_mae_sbp': 12.062668912550983, 'train_mae_dbp': 7.317809665904326, 'val_mae_sbp': 13.240120649337769, 'val_mae_dbp': 7.929710268974304}
{'train_mae_sbp': 12.0490161671358, 'train_mae_dbp': 7.308666649986716, 'val_mae_sbp': 13.238625049591064, 'val_mae_dbp': 7.92630934715271}
{'train_mae_sbp': 12.026412290685316, 'train_mae_dbp': 7.318233293645522, 'val_mae_sbp': 13.242442846298218, 'val_mae_dbp': 7.926031708717346}
{'train_mae_sbp': 12.105540051179773, 'train_mae_dbp': 7.32063627243042, 'val_mae_sbp': 13.244376420974731, 'val_mae_dbp': 7.922399163246155}
{'train_mae_sbp': 12.04446158689611, 'train_mae_dbp': 7.327839009902057, 'val_mae_sbp': 13.241647005081177, 'val_mae_dbp': 7.92693829536438}
{'train_mae_sbp': 12.072074048659381, 'train_mae_dbp': 7.330037313349107, 'val_mae_sbp': 13.245573282241821, 'val_mae_dbp': 7.925932049751282}
{'train_mae_sbp': 12.053993168999167, 'train_mae_dbp': 7.314098919139189, 'val_mae_sbp': 13.24183464050293, 'val_mae_dbp': 7.927805185317993}
{'train_mae_sbp': 12.038816620321835, 'train_mae_dbp': 7.327083054710837, 'val_mae_sbp': 13.239832878112793, 'val_mae_dbp': 7.926713705062866}
{'train_mae_sbp': 12.047418369966394, 'train_mae_dbp': 7.3040686495163865, 'val_mae_sbp': 13.24227523803711, 'val_mae_dbp': 7.92600405216217}
{'train_mae_sbp': 12.07244598164278, 'train_mae_dbp': 7.323187210980584, 'val_mae_sbp': 13.24440336227417, 'val_mae_dbp': 7.926432251930237}
{'train_mae_sbp': 12.068970007054945, 'train_mae_dbp': 7.333871785332175, 'val_mae_sbp': 13.246129751205444, 'val_mae_dbp': 7.927690505981445}
{'train_mae_sbp': 12.064446000491872, 'train_mae_dbp': 7.319403339834774, 'val_mae_sbp': 13.242628812789917, 'val_mae_dbp': 7.925359725952148}
{'train_mae_sbp': 12.034059131846709, 'train_mae_dbp': 7.3090685676125915, 'val_mae_sbp': 13.245174169540405, 'val_mae_dbp': 7.928158521652222}
{'train_mae_sbp': 12.063252673429602, 'train_mae_dbp': 7.307998573078828, 'val_mae_sbp': 13.246309757232666, 'val_mae_dbp': 7.924677610397339}
{'train_mae_sbp': 12.060914768892175, 'train_mae_dbp': 7.310603562523337, 'val_mae_sbp': 13.242773532867432, 'val_mae_dbp': 7.928739428520203}
{'train_mae_sbp': 12.073994075550752, 'train_mae_dbp': 7.311853380764232, 'val_mae_sbp': 13.24315595626831, 'val_mae_dbp': 7.929374933242798}
{'train_mae_sbp': 12.082420966204475, 'train_mae_dbp': 7.313667353461771, 'val_mae_sbp': 13.246098279953003, 'val_mae_dbp': 7.927247762680054}
{'train_mae_sbp': 12.118459477144128, 'train_mae_dbp': 7.320169224458582, 'val_mae_sbp': 13.241903066635132, 'val_mae_dbp': 7.9253305196762085}
{'train_mae_sbp': 12.105368221507353, 'train_mae_dbp': 7.317863099715289, 'val_mae_sbp': 13.24221134185791, 'val_mae_dbp': 7.92702329158783}
{'train_mae_sbp': 12.045909713296329, 'train_mae_dbp': 7.311453314388499, 'val_mae_sbp': 13.241801261901855, 'val_mae_dbp': 7.926294326782227}
{'train_mae_sbp': 12.056939125061035, 'train_mae_dbp': 7.3139148880453675, 'val_mae_sbp': 13.238344669342041, 'val_mae_dbp': 7.924495697021484}
{'train_mae_sbp': 12.061068310457117, 'train_mae_dbp': 7.310645411996281, 'val_mae_sbp': 13.24137544631958, 'val_mae_dbp': 7.9290618896484375}
{'train_mae_sbp': 12.058242012472714, 'train_mae_dbp': 7.313387253705193, 'val_mae_sbp': 13.241758584976196, 'val_mae_dbp': 7.926920056343079}
{'train_mae_sbp': 12.096270897809196, 'train_mae_dbp': 7.330228805541992, 'val_mae_sbp': 13.238930463790894, 'val_mae_dbp': 7.925090789794922}
{'train_mae_sbp': 12.049537322100472, 'train_mae_dbp': 7.319434250102324, 'val_mae_sbp': 13.243922710418701, 'val_mae_dbp': 7.926894783973694}
{'train_mae_sbp': 12.06097552355598, 'train_mae_dbp': 7.3247177180121925, 'val_mae_sbp': 13.243001937866211, 'val_mae_dbp': 7.92599093914032}
{'train_mae_sbp': 12.051622783436494, 'train_mae_dbp': 7.311637822319479, 'val_mae_sbp': 13.240806818008423, 'val_mae_dbp': 7.9263917207717896}
{'train_mae_sbp': 12.052246374242445, 'train_mae_dbp': 7.314386339748607, 'val_mae_sbp': 13.243227243423462, 'val_mae_dbp': 7.9267802238464355}
{'train_mae_sbp': 12.067470270044664, 'train_mae_dbp': 7.314446870018454, 'val_mae_sbp': 13.241153478622437, 'val_mae_dbp': 7.929592728614807}
{'train_mae_sbp': 12.038949798135196, 'train_mae_dbp': 7.3099302123574645, 'val_mae_sbp': 13.24070429801941, 'val_mae_dbp': 7.926910758018494}
{'train_mae_sbp': 12.075389132780188, 'train_mae_dbp': 7.307365333332735, 'val_mae_sbp': 13.247416734695435, 'val_mae_dbp': 7.925014495849609}
{'train_mae_sbp': 12.046029427472282, 'train_mae_dbp': 7.3107006129096535, 'val_mae_sbp': 13.245683431625366, 'val_mae_dbp': 7.920443773269653}
{'train_mae_sbp': 12.055904388427734, 'train_mae_dbp': 7.321252458235797, 'val_mae_sbp': 13.245041608810425, 'val_mae_dbp': 7.924371361732483}
{'train_mae_sbp': 12.061664525200339, 'train_mae_dbp': 7.321773276609533, 'val_mae_sbp': 13.247161865234375, 'val_mae_dbp': 7.927925705909729}
{'train_mae_sbp': 12.072657641242532, 'train_mae_dbp': 7.328726095311782, 'val_mae_sbp': 13.241205930709839, 'val_mae_dbp': 7.927153825759888}
{'train_mae_sbp': 12.079354959375719, 'train_mae_dbp': 7.326164610245648, 'val_mae_sbp': 13.24216628074646, 'val_mae_dbp': 7.92538046836853}
{'train_mae_sbp': 12.072754916022806, 'train_mae_dbp': 7.311615354874554, 'val_mae_sbp': 13.244303941726685, 'val_mae_dbp': 7.923829555511475}
{'train_mae_sbp': 12.098522130180807, 'train_mae_dbp': 7.326366508708281, 'val_mae_sbp': 13.243600606918335, 'val_mae_dbp': 7.929698824882507}
{'train_mae_sbp': 12.036305708043715, 'train_mae_dbp': 7.309912877924302, 'val_mae_sbp': 13.241363763809204, 'val_mae_dbp': 7.9240909814834595}
{'train_mae_sbp': 12.027804206399356, 'train_mae_dbp': 7.306766958797679, 'val_mae_sbp': 13.241803884506226, 'val_mae_dbp': 7.924045443534851}
{'train_mae_sbp': 12.063597959630629, 'train_mae_dbp': 7.316063011393828, 'val_mae_sbp': 13.242734670639038, 'val_mae_dbp': 7.922599792480469}
{'train_mae_sbp': 12.09779514985926, 'train_mae_dbp': 7.3222850631265075, 'val_mae_sbp': 13.240732669830322, 'val_mae_dbp': 7.923732280731201}
{'train_mae_sbp': 12.093580582562614, 'train_mae_dbp': 7.313422483556411, 'val_mae_sbp': 13.235837936401367, 'val_mae_dbp': 7.924211859703064}
{'train_mae_sbp': 12.086930611554314, 'train_mae_dbp': 7.32988977432251, 'val_mae_sbp': 13.246663570404053, 'val_mae_dbp': 7.923809885978699}
{'train_mae_sbp': 12.098821696113138, 'train_mae_dbp': 7.324590654934154, 'val_mae_sbp': 13.242542505264282, 'val_mae_dbp': 7.921531438827515}
{'train_mae_sbp': 12.06113618962905, 'train_mae_dbp': 7.323618075426887, 'val_mae_sbp': 13.238329410552979, 'val_mae_dbp': 7.925133943557739}
{'train_mae_sbp': 12.03824525720933, 'train_mae_dbp': 7.30488603255328, 'val_mae_sbp': 13.237758874893188, 'val_mae_dbp': 7.926245331764221}
{'train_mae_sbp': 12.057713676901425, 'train_mae_dbp': 7.316554350011489, 'val_mae_sbp': 13.239062309265137, 'val_mae_dbp': 7.927617430686951}
{'train_mae_sbp': 12.00102295595057, 'train_mae_dbp': 7.314241493449492, 'val_mae_sbp': 13.2417733669281, 'val_mae_dbp': 7.925688982009888}
{'train_mae_sbp': 12.06206994898179, 'train_mae_dbp': 7.307931591482723, 'val_mae_sbp': 13.241706371307373, 'val_mae_dbp': 7.924121379852295}
{'train_mae_sbp': 12.076078807606416, 'train_mae_dbp': 7.307234904345344, 'val_mae_sbp': 13.237889766693115, 'val_mae_dbp': 7.925536870956421}
{'train_mae_sbp': 12.096846468308392, 'train_mae_dbp': 7.330785554998061, 'val_mae_sbp': 13.24005126953125, 'val_mae_dbp': 7.925020456314087}
{'train_mae_sbp': 12.055684314054602, 'train_mae_dbp': 7.3068042923422425, 'val_mae_sbp': 13.242352962493896, 'val_mae_dbp': 7.9266427755355835}
{'train_mae_sbp': 12.063085331636316, 'train_mae_dbp': 7.307045403648825, 'val_mae_sbp': 13.24099326133728, 'val_mae_dbp': 7.925766825675964}
{'train_mae_sbp': 12.04171298531925, 'train_mae_dbp': 7.315465197843664, 'val_mae_sbp': 13.24216103553772, 'val_mae_dbp': 7.927280426025391}
{'train_mae_sbp': 12.07713643242331, 'train_mae_dbp': 7.321246175205006, 'val_mae_sbp': 13.237816333770752, 'val_mae_dbp': 7.922009825706482}
{'train_mae_sbp': 12.048325426438275, 'train_mae_dbp': 7.323922045090619, 'val_mae_sbp': 13.243770122528076, 'val_mae_dbp': 7.922566175460815}
{'train_mae_sbp': 12.044275283813477, 'train_mae_dbp': 7.318586237290326, 'val_mae_sbp': 13.238756895065308, 'val_mae_dbp': 7.923618793487549}
{'train_mae_sbp': 12.037865750929889, 'train_mae_dbp': 7.305192386402803, 'val_mae_sbp': 13.239644527435303, 'val_mae_dbp': 7.926940679550171}
{'train_mae_sbp': 12.038594470304602, 'train_mae_dbp': 7.310290084165685, 'val_mae_sbp': 13.239101886749268, 'val_mae_dbp': 7.92525315284729}
{'train_mae_sbp': 12.04672353407916, 'train_mae_dbp': 7.314088877509622, 'val_mae_sbp': 13.242868185043335, 'val_mae_dbp': 7.9251720905303955}
{'train_mae_sbp': 12.05998841454001, 'train_mae_dbp': 7.322078929227941, 'val_mae_sbp': 13.24158501625061, 'val_mae_dbp': 7.926785588264465}
{'train_mae_sbp': 12.04023680967443, 'train_mae_dbp': 7.307995796203613, 'val_mae_sbp': 13.242151498794556, 'val_mae_dbp': 7.9236650466918945}
{'train_mae_sbp': 12.037159134359921, 'train_mae_dbp': 7.304561025956097, 'val_mae_sbp': 13.239004611968994, 'val_mae_dbp': 7.926015257835388}
{'train_mae_sbp': 12.097452668582692, 'train_mae_dbp': 7.323806313907399, 'val_mae_sbp': 13.238790035247803, 'val_mae_dbp': 7.9247671365737915}
{'train_mae_sbp': 12.065304026884192, 'train_mae_dbp': 7.319426929249483, 'val_mae_sbp': 13.241597175598145, 'val_mae_dbp': 7.927009224891663}
{'train_mae_sbp': 12.097593587987562, 'train_mae_dbp': 7.338763152851778, 'val_mae_sbp': 13.240665435791016, 'val_mae_dbp': 7.92406165599823}
{'train_mae_sbp': 12.112747192382812, 'train_mae_dbp': 7.344259710872874, 'val_mae_sbp': 13.242518901824951, 'val_mae_dbp': 7.922452926635742}
{'train_mae_sbp': 12.05313918169807, 'train_mae_dbp': 7.312385755426743, 'val_mae_sbp': 13.244033813476562, 'val_mae_dbp': 7.9242963790893555}
{'train_mae_sbp': 12.073686319239, 'train_mae_dbp': 7.3129823067609, 'val_mae_sbp': 13.241488695144653, 'val_mae_dbp': 7.923008441925049}
{'train_mae_sbp': 12.017820638768812, 'train_mae_dbp': 7.31260664322797, 'val_mae_sbp': 13.24125599861145, 'val_mae_dbp': 7.927721619606018}
{'train_mae_sbp': 12.064480613259708, 'train_mae_dbp': 7.335153383367202, 'val_mae_sbp': 13.23928713798523, 'val_mae_dbp': 7.9280019998550415}
{'train_mae_sbp': 12.099465370178223, 'train_mae_dbp': 7.327658204471364, 'val_mae_sbp': 13.23941969871521, 'val_mae_dbp': 7.926328539848328}
{'train_mae_sbp': 12.070346663979922, 'train_mae_dbp': 7.305842792286592, 'val_mae_sbp': 13.237128973007202, 'val_mae_dbp': 7.926090836524963}
{'train_mae_sbp': 12.07412691677318, 'train_mae_dbp': 7.318768585429472, 'val_mae_sbp': 13.23708724975586, 'val_mae_dbp': 7.922599673271179}
{'train_mae_sbp': 12.069533965166878, 'train_mae_dbp': 7.313486295587876, 'val_mae_sbp': 13.240361213684082, 'val_mae_dbp': 7.920965552330017}
{'train_mae_sbp': 12.03096311232623, 'train_mae_dbp': 7.308446239022648, 'val_mae_sbp': 13.240656852722168, 'val_mae_dbp': 7.923030734062195}
{'train_mae_sbp': 12.074149748858284, 'train_mae_dbp': 7.318024298724006, 'val_mae_sbp': 13.239058256149292, 'val_mae_dbp': 7.9268012046813965}
{'train_mae_sbp': 12.067752725937787, 'train_mae_dbp': 7.331223796395695, 'val_mae_sbp': 13.24063777923584, 'val_mae_dbp': 7.929080128669739}
{'train_mae_sbp': 12.035885754753561, 'train_mae_dbp': 7.313717561609605, 'val_mae_sbp': 13.236267328262329, 'val_mae_dbp': 7.925765156745911}
{'train_mae_sbp': 12.087616752175723, 'train_mae_dbp': 7.330910233890309, 'val_mae_sbp': 13.23851990699768, 'val_mae_dbp': 7.924988031387329}
{'train_mae_sbp': 12.075019499834847, 'train_mae_dbp': 7.3101652089287255, 'val_mae_sbp': 13.23283076286316, 'val_mae_dbp': 7.926732420921326}
{'train_mae_sbp': 12.071758775150075, 'train_mae_dbp': 7.324167868670295, 'val_mae_sbp': 13.240727186203003, 'val_mae_dbp': 7.926078200340271}
{'train_mae_sbp': 12.072811855989343, 'train_mae_dbp': 7.308249389424043, 'val_mae_sbp': 13.244916915893555, 'val_mae_dbp': 7.922586679458618}
{'train_mae_sbp': 12.072107988245348, 'train_mae_dbp': 7.323561247657327, 'val_mae_sbp': 13.236814260482788, 'val_mae_dbp': 7.926174163818359}
{'train_mae_sbp': 12.075669456930722, 'train_mae_dbp': 7.306343667647418, 'val_mae_sbp': 13.241012334823608, 'val_mae_dbp': 7.929423213005066}
{'train_mae_sbp': 12.053476109224206, 'train_mae_dbp': 7.312084787032184, 'val_mae_sbp': 13.2391996383667, 'val_mae_dbp': 7.92746365070343}
{'train_mae_sbp': 12.062816227183623, 'train_mae_dbp': 7.324103972491096, 'val_mae_sbp': 13.240041017532349, 'val_mae_dbp': 7.921205997467041}
{'train_mae_sbp': 12.056882072897519, 'train_mae_dbp': 7.319850080153522, 'val_mae_sbp': 13.235487937927246, 'val_mae_dbp': 7.922784209251404}
{'train_mae_sbp': 12.077098117155188, 'train_mae_dbp': 7.316265751333797, 'val_mae_sbp': 13.236640214920044, 'val_mae_dbp': 7.923316955566406}
{'train_mae_sbp': 12.038630822125603, 'train_mae_dbp': 7.312252156874713, 'val_mae_sbp': 13.23793888092041, 'val_mae_dbp': 7.925317883491516}
{'train_mae_sbp': 12.123464864843031, 'train_mae_dbp': 7.321411890142104, 'val_mae_sbp': 13.2389075756073, 'val_mae_dbp': 7.92708432674408}
{'train_mae_sbp': 12.068355784696692, 'train_mae_dbp': 7.306629096760469, 'val_mae_sbp': 13.242246150970459, 'val_mae_dbp': 7.9283106327056885}
{'train_mae_sbp': 12.091205821317786, 'train_mae_dbp': 7.327004096087287, 'val_mae_sbp': 13.235163450241089, 'val_mae_dbp': 7.921759009361267}
{'train_mae_sbp': 12.0447457818424, 'train_mae_dbp': 7.326237089493695, 'val_mae_sbp': 13.239933252334595, 'val_mae_dbp': 7.9255287647247314}
{'train_mae_sbp': 12.050060496610755, 'train_mae_dbp': 7.309978372910443, 'val_mae_sbp': 13.236589193344116, 'val_mae_dbp': 7.92575740814209}
{'train_mae_sbp': 12.051547835854922, 'train_mae_dbp': 7.314558113322539, 'val_mae_sbp': 13.239588260650635, 'val_mae_dbp': 7.923738241195679}
{'train_mae_sbp': 12.078071033253389, 'train_mae_dbp': 7.309534072875977, 'val_mae_sbp': 13.246127367019653, 'val_mae_dbp': 7.921133279800415}
{'train_mae_sbp': 12.075759607202867, 'train_mae_dbp': 7.319588436799891, 'val_mae_sbp': 13.244715690612793, 'val_mae_dbp': 7.920692205429077}
{'train_mae_sbp': 12.10146988139433, 'train_mae_dbp': 7.32284158818862, 'val_mae_sbp': 13.238391399383545, 'val_mae_dbp': 7.9254233837127686}
