Training : base_mlp
Launch training on cuda
Saving best model
{'epoch': 0, 'train_mae': 39.53906478938017, 'train_mae_sbp': 26.450900076415298, 'train_mae_dbp': 13.088164697515069, 'val_mae': 140.35020216850384, 'val_mae_sbp': 94.8864510157337, 'val_mae_dbp': 45.463750577952766, 'lr': 0.01}
Saving best model
{'epoch': 1, 'train_mae': 32.75734847213453, 'train_mae_sbp': 21.89209641132158, 'train_mae_dbp': 10.86525196109148, 'val_mae': 138.07388692359402, 'val_mae_sbp': 94.09998109895889, 'val_mae_dbp': 43.97390587689125, 'lr': 0.01}
{'epoch': 2, 'train_mae': 32.1952844824812, 'train_mae_sbp': 21.50363315363169, 'train_mae_dbp': 10.691651275477458, 'val_mae': 140.17167757635247, 'val_mae_sbp': 94.80120274791979, 'val_mae_dbp': 45.370474671664304, 'lr': 0.01}
Saving best model
{'epoch': 3, 'train_mae': 31.87969057479207, 'train_mae_sbp': 21.28083128781663, 'train_mae_dbp': 10.598859361415409, 'val_mae': 135.6347922233686, 'val_mae_sbp': 91.8765929235171, 'val_mae_dbp': 43.7581993782357, 'lr': 0.01}
Saving best model
{'epoch': 4, 'train_mae': 31.81788595646225, 'train_mae_sbp': 21.23309447803975, 'train_mae_dbp': 10.58479155707605, 'val_mae': 132.73336023827122, 'val_mae_sbp': 90.43561229967091, 'val_mae_dbp': 42.297748382777385, 'lr': 0.01}
Saving best model
{'epoch': 5, 'train_mae': 31.626373167417185, 'train_mae_sbp': 21.121785187756366, 'train_mae_dbp': 10.504587922075185, 'val_mae': 132.03143467315255, 'val_mae_sbp': 89.32556836899013, 'val_mae_dbp': 42.7058662519063, 'lr': 0.01}
Saving best model
{'epoch': 6, 'train_mae': 31.640213956537934, 'train_mae_sbp': 21.11316755909983, 'train_mae_dbp': 10.52704641288791, 'val_mae': 129.00004535831818, 'val_mae_sbp': 88.10197234480349, 'val_mae_dbp': 40.89807283061825, 'lr': 0.01}
{'epoch': 7, 'train_mae': 31.49741537125016, 'train_mae_sbp': 21.02615400266577, 'train_mae_dbp': 10.471261360157222, 'val_mae': 130.61988600639447, 'val_mae_sbp': 89.0565558916902, 'val_mae_dbp': 41.563330702585716, 'lr': 0.01}
{'epoch': 8, 'train_mae': 31.536286397605302, 'train_mae_sbp': 21.048559247832937, 'train_mae_dbp': 10.487727172244806, 'val_mae': 130.20337488879898, 'val_mae_sbp': 88.76176990874826, 'val_mae_dbp': 41.44160507149892, 'lr': 0.01}
{'epoch': 9, 'train_mae': 31.466327189696905, 'train_mae_sbp': 20.992279726907675, 'train_mae_dbp': 10.474047452957535, 'val_mae': 131.82363254076813, 'val_mae_sbp': 89.75326718369575, 'val_mae_dbp': 42.07036553996883, 'lr': 0.01}
Saving best model
{'epoch': 10, 'train_mae': 31.46389982029686, 'train_mae_sbp': 21.005800264046716, 'train_mae_dbp': 10.458099552036561, 'val_mae': 126.27153454088185, 'val_mae_sbp': 86.78635482265524, 'val_mae_dbp': 39.48518001869933, 'lr': 0.01}
{'epoch': 11, 'train_mae': 31.360549480118, 'train_mae_sbp': 20.924792903512497, 'train_mae_dbp': 10.435756593459836, 'val_mae': 126.69930026955801, 'val_mae_sbp': 87.26992829205238, 'val_mae_dbp': 39.429371951377554, 'lr': 0.01}
Saving best model
{'epoch': 12, 'train_mae': 31.41451003309202, 'train_mae_sbp': 20.943580377435474, 'train_mae_dbp': 10.47092964863391, 'val_mae': 125.13873196954597, 'val_mae_sbp': 86.06387339552788, 'val_mae_dbp': 39.07485837805761, 'lr': 0.01}
{'epoch': 13, 'train_mae': 31.35385823987194, 'train_mae_sbp': 20.911557364709598, 'train_mae_dbp': 10.442300886398563, 'val_mae': 125.41356282691433, 'val_mae_sbp': 86.02229019060526, 'val_mae_dbp': 39.391272427284555, 'lr': 0.01}
{'epoch': 14, 'train_mae': 31.26164960510074, 'train_mae_sbp': 20.85270819572707, 'train_mae_dbp': 10.40894140937367, 'val_mae': 126.29681177008642, 'val_mae_sbp': 86.3012466430664, 'val_mae_dbp': 39.99556514008405, 'lr': 0.01}
Saving best model
{'epoch': 15, 'train_mae': 31.348478862217494, 'train_mae_sbp': 20.91773412926383, 'train_mae_dbp': 10.43074480318005, 'val_mae': 121.99808909795055, 'val_mae_sbp': 84.04352812571068, 'val_mae_dbp': 37.954560710959235, 'lr': 0.01}
Saving best model
{'epoch': 16, 'train_mae': 31.294495831181973, 'train_mae_sbp': 20.866342735571433, 'train_mae_dbp': 10.428153123701092, 'val_mae': 121.91336117052052, 'val_mae_sbp': 84.35481345816834, 'val_mae_dbp': 37.55854768622412, 'lr': 0.01}
Saving best model
{'epoch': 17, 'train_mae': 31.310167885669376, 'train_mae_sbp': 20.894155555691388, 'train_mae_dbp': 10.41601233419157, 'val_mae': 119.88988301525377, 'val_mae_sbp': 82.40973409887863, 'val_mae_dbp': 37.480148694286605, 'lr': 0.01}
{'epoch': 18, 'train_mae': 31.248429361604625, 'train_mae_sbp': 20.850269151892682, 'train_mae_dbp': 10.398160220948165, 'val_mae': 121.46439858005472, 'val_mae_sbp': 84.38906716647213, 'val_mae_dbp': 37.07533146583871, 'lr': 0.01}
Saving best model
{'epoch': 19, 'train_mae': 31.270954786589993, 'train_mae_sbp': 20.850867727894848, 'train_mae_dbp': 10.420087071335896, 'val_mae': 114.23720702079878, 'val_mae_sbp': 78.98251572700396, 'val_mae_dbp': 35.254690914937896, 'lr': 0.01}
{'epoch': 20, 'train_mae': 31.211266710059455, 'train_mae_sbp': 20.816917180663882, 'train_mae_dbp': 10.394349463382772, 'val_mae': 118.57426212258535, 'val_mae_sbp': 81.28537862594814, 'val_mae_dbp': 37.28888374485382, 'lr': 0.01}
{'epoch': 21, 'train_mae': 31.200099745625423, 'train_mae_sbp': 20.804105371017343, 'train_mae_dbp': 10.395994347922054, 'val_mae': 117.37176435287685, 'val_mae_sbp': 80.76209334804587, 'val_mae_dbp': 36.60967139675193, 'lr': 0.01}
{'epoch': 22, 'train_mae': 31.27470256653731, 'train_mae_sbp': 20.847010838616754, 'train_mae_dbp': 10.427691680166612, 'val_mae': 117.69746043584118, 'val_mae_sbp': 81.32361566203915, 'val_mae_dbp': 36.37384465622576, 'lr': 0.01}
{'epoch': 23, 'train_mae': 31.193103304316615, 'train_mae_sbp': 20.81507287004384, 'train_mae_dbp': 10.378030411800333, 'val_mae': 115.8095404219954, 'val_mae_sbp': 80.36462687139641, 'val_mae_dbp': 35.44491366817527, 'lr': 0.01}
{'epoch': 24, 'train_mae': 31.154280287527722, 'train_mae_sbp': 20.763659877524283, 'train_mae_dbp': 10.390620362249495, 'val_mae': 116.90456202258802, 'val_mae_sbp': 80.86012453575657, 'val_mae_dbp': 36.04443751295952, 'lr': 0.01}
{'epoch': 25, 'train_mae': 31.172448892832154, 'train_mae_sbp': 20.789132501661165, 'train_mae_dbp': 10.38331647122907, 'val_mae': 114.3497297992445, 'val_mae_sbp': 79.28543137850826, 'val_mae_dbp': 35.06429861669671, 'lr': 0.005}
{'epoch': 26, 'train_mae': 30.679809598403054, 'train_mae_sbp': 20.47128949284729, 'train_mae_dbp': 10.208520074656153, 'val_mae': 114.69911836598017, 'val_mae_sbp': 79.23378505445507, 'val_mae_dbp': 35.46533327233301, 'lr': 0.005}
Saving best model
{'epoch': 27, 'train_mae': 30.736505769665005, 'train_mae_sbp': 20.50419312759422, 'train_mae_dbp': 10.232312583080624, 'val_mae': 112.62408086698349, 'val_mae_sbp': 77.94945343226603, 'val_mae_dbp': 34.674627669870034, 'lr': 0.005}
{'epoch': 28, 'train_mae': 30.75331562081563, 'train_mae_sbp': 20.51364264958737, 'train_mae_dbp': 10.239672944542235, 'val_mae': 112.66369074991304, 'val_mae_sbp': 78.08929242173286, 'val_mae_dbp': 34.57439885074145, 'lr': 0.005}
Saving best model
{'epoch': 29, 'train_mae': 30.764903435124214, 'train_mae_sbp': 20.508175640639923, 'train_mae_dbp': 10.256727791675235, 'val_mae': 111.00952435846199, 'val_mae_sbp': 77.12561479333328, 'val_mae_dbp': 33.883909695769006, 'lr': 0.005}
Saving best model
{'epoch': 30, 'train_mae': 30.738639154560612, 'train_mae_sbp': 20.497727064039992, 'train_mae_dbp': 10.240912129847397, 'val_mae': 110.27864722683005, 'val_mae_sbp': 76.42259292079977, 'val_mae_dbp': 33.856054397478495, 'lr': 0.005}
Saving best model
{'epoch': 31, 'train_mae': 30.75013055927799, 'train_mae_sbp': 20.508767474909067, 'train_mae_dbp': 10.241363077346286, 'val_mae': 109.6454857081583, 'val_mae_sbp': 76.34348059353763, 'val_mae_dbp': 33.302005010108424, 'lr': 0.005}
{'epoch': 32, 'train_mae': 30.744906575760538, 'train_mae_sbp': 20.498488489412242, 'train_mae_dbp': 10.246418016121911, 'val_mae': 111.5394139747097, 'val_mae_sbp': 77.22019119785257, 'val_mae_dbp': 34.31922254170457, 'lr': 0.005}
{'epoch': 33, 'train_mae': 30.72883543315095, 'train_mae_sbp': 20.49480232609565, 'train_mae_dbp': 10.23403311548247, 'val_mae': 112.54076874092834, 'val_mae_sbp': 77.86783466600392, 'val_mae_dbp': 34.672934270884895, 'lr': 0.005}
{'epoch': 34, 'train_mae': 30.789334843541457, 'train_mae_sbp': 20.52383282679697, 'train_mae_dbp': 10.265502013935432, 'val_mae': 111.36248204479479, 'val_mae_sbp': 77.02241798296366, 'val_mae_dbp': 34.34006364378211, 'lr': 0.005}
{'epoch': 35, 'train_mae': 30.729857586620483, 'train_mae_sbp': 20.494375501360214, 'train_mae_dbp': 10.235482081046687, 'val_mae': 110.20974025987599, 'val_mae_sbp': 76.58675596158798, 'val_mae_dbp': 33.6229846248888, 'lr': 0.005}
Saving best model
{'epoch': 36, 'train_mae': 30.73243061678048, 'train_mae_sbp': 20.501114453412647, 'train_mae_dbp': 10.231316178817636, 'val_mae': 108.90358245536072, 'val_mae_sbp': 75.84663560945694, 'val_mae_dbp': 33.056946349470586, 'lr': 0.005}
{'epoch': 37, 'train_mae': 30.748830770006588, 'train_mae_sbp': 20.50429014675045, 'train_mae_dbp': 10.244540631683305, 'val_mae': 109.82296293075771, 'val_mae_sbp': 76.51578788234762, 'val_mae_dbp': 33.30717525743459, 'lr': 0.005}
Saving best model
{'epoch': 38, 'train_mae': 30.746827593257045, 'train_mae_sbp': 20.50977261673895, 'train_mae_dbp': 10.237054968090929, 'val_mae': 108.68264132983064, 'val_mae_sbp': 75.45013182130579, 'val_mae_dbp': 33.23250929950035, 'lr': 0.005}
Saving best model
{'epoch': 39, 'train_mae': 30.74010306570421, 'train_mae_sbp': 20.48613891264476, 'train_mae_dbp': 10.253964169913784, 'val_mae': 106.14745461450865, 'val_mae_sbp': 73.67229114166678, 'val_mae_dbp': 32.47516330300945, 'lr': 0.005}
{'epoch': 40, 'train_mae': 30.76249991179566, 'train_mae_sbp': 20.505201258259074, 'train_mae_dbp': 10.257298668986392, 'val_mae': 108.43003839989231, 'val_mae_sbp': 75.32058689692249, 'val_mae_dbp': 33.10945158135401, 'lr': 0.005}
{'epoch': 41, 'train_mae': 30.705950420980777, 'train_mae_sbp': 20.47281433521209, 'train_mae_dbp': 10.233136113859242, 'val_mae': 107.9618675806751, 'val_mae_sbp': 75.12834595980709, 'val_mae_dbp': 32.83352203891702, 'lr': 0.005}
{'epoch': 42, 'train_mae': 30.751500662015708, 'train_mae_sbp': 20.49812019977373, 'train_mae_dbp': 10.253380469264618, 'val_mae': 108.09803824228783, 'val_mae_sbp': 75.01398081322239, 'val_mae_dbp': 33.08405727229706, 'lr': 0.005}
{'epoch': 43, 'train_mae': 30.754201464870718, 'train_mae_sbp': 20.506817445488146, 'train_mae_dbp': 10.247383970224103, 'val_mae': 108.19813307670698, 'val_mae_sbp': 74.88697459599743, 'val_mae_dbp': 33.311158258621006, 'lr': 0.005}
Saving best model
{'epoch': 44, 'train_mae': 30.722039954476223, 'train_mae_sbp': 20.48609064464541, 'train_mae_dbp': 10.235949335112313, 'val_mae': 104.1314215986696, 'val_mae_sbp': 72.41886613140368, 'val_mae_dbp': 31.712555637098337, 'lr': 0.005}
{'epoch': 45, 'train_mae': 30.767310790004366, 'train_mae_sbp': 20.509454333905094, 'train_mae_dbp': 10.257856430817775, 'val_mae': 105.25799372424818, 'val_mae_sbp': 73.51074621122177, 'val_mae_dbp': 31.747247094977393, 'lr': 0.005}
Saving best model
{'epoch': 46, 'train_mae': 30.674129941150962, 'train_mae_sbp': 20.442213086562234, 'train_mae_dbp': 10.231916848970618, 'val_mae': 101.21139366986, 'val_mae_sbp': 70.35947334603088, 'val_mae_dbp': 30.85192085945443, 'lr': 0.005}
{'epoch': 47, 'train_mae': 30.715851824483746, 'train_mae_sbp': 20.483151617036125, 'train_mae_dbp': 10.232700228515535, 'val_mae': 102.60853895422531, 'val_mae_sbp': 71.19707449821577, 'val_mae_dbp': 31.41146441681744, 'lr': 0.005}
{'epoch': 48, 'train_mae': 30.680560666787958, 'train_mae_sbp': 20.460472604136402, 'train_mae_dbp': 10.220088013493084, 'val_mae': 101.24178225373569, 'val_mae_sbp': 70.65408792887648, 'val_mae_dbp': 30.587694429371457, 'lr': 0.005}
{'epoch': 49, 'train_mae': 30.723706258063114, 'train_mae_sbp': 20.480623646934184, 'train_mae_dbp': 10.243082594274597, 'val_mae': 102.6190787014896, 'val_mae_sbp': 71.3709766178915, 'val_mae_dbp': 31.248101992149877, 'lr': 0.005}
Saving best model
{'epoch': 50, 'train_mae': 30.67244654446182, 'train_mae_sbp': 20.441504451768562, 'train_mae_dbp': 10.230942043534785, 'val_mae': 99.37001601963827, 'val_mae_sbp': 69.48503948890999, 'val_mae_dbp': 29.88497634783183, 'lr': 0.005}
{'epoch': 51, 'train_mae': 30.69658804431404, 'train_mae_sbp': 20.45989780397935, 'train_mae_dbp': 10.236690264211664, 'val_mae': 100.02505762283116, 'val_mae_sbp': 69.78823204563089, 'val_mae_dbp': 30.23682569477656, 'lr': 0.005}
{'epoch': 52, 'train_mae': 30.713013406003522, 'train_mae_sbp': 20.472145847438536, 'train_mae_dbp': 10.240867569801207, 'val_mae': 100.74191467076132, 'val_mae_sbp': 70.1606806402337, 'val_mae_dbp': 30.581234409384532, 'lr': 0.005}
{'epoch': 53, 'train_mae': 30.673408221777127, 'train_mae_sbp': 20.446945182002523, 'train_mae_dbp': 10.226463027133857, 'val_mae': 101.75965003444723, 'val_mae_sbp': 70.59274621205788, 'val_mae_dbp': 31.166903783197274, 'lr': 0.005}
{'epoch': 54, 'train_mae': 30.654297172759875, 'train_mae_sbp': 20.43432553421942, 'train_mae_dbp': 10.21997171578948, 'val_mae': 100.62134154855389, 'val_mae_sbp': 70.27220537891127, 'val_mae_dbp': 30.34913594755408, 'lr': 0.005}
Saving best model
{'epoch': 55, 'train_mae': 30.68276609552802, 'train_mae_sbp': 20.441052533741026, 'train_mae_dbp': 10.241713594091133, 'val_mae': 95.33332741097229, 'val_mae_sbp': 66.40666572361776, 'val_mae_dbp': 28.926661406477837, 'lr': 0.005}
{'epoch': 56, 'train_mae': 30.67686182901329, 'train_mae_sbp': 20.455565108466395, 'train_mae_dbp': 10.221296713524257, 'val_mae': 99.3046214221275, 'val_mae_sbp': 68.85046992889822, 'val_mae_dbp': 30.4541518720862, 'lr': 0.005}
{'epoch': 57, 'train_mae': 30.7011417843983, 'train_mae_sbp': 20.464297885922868, 'train_mae_dbp': 10.23684388864374, 'val_mae': 98.43265361002047, 'val_mae_sbp': 68.47410077918066, 'val_mae_dbp': 29.958552438918858, 'lr': 0.005}
{'epoch': 58, 'train_mae': 30.659024138864957, 'train_mae_sbp': 20.442630073985576, 'train_mae_dbp': 10.216394056452216, 'val_mae': 100.87878177590567, 'val_mae_sbp': 70.1997725734972, 'val_mae_dbp': 30.679008980319924, 'lr': 0.005}
{'epoch': 59, 'train_mae': 30.643872824262974, 'train_mae_sbp': 20.42881948501969, 'train_mae_dbp': 10.21505333643423, 'val_mae': 96.71787990935862, 'val_mae_sbp': 67.26873066000742, 'val_mae_dbp': 29.449149210159092, 'lr': 0.005}
{'epoch': 60, 'train_mae': 30.672356559180372, 'train_mae_sbp': 20.439206293299904, 'train_mae_dbp': 10.233150261666884, 'val_mae': 96.00045535989004, 'val_mae_sbp': 67.09697399400685, 'val_mae_dbp': 28.903481522651568, 'lr': 0.005}
{'epoch': 61, 'train_mae': 30.66976037116746, 'train_mae_sbp': 20.441529764166987, 'train_mae_dbp': 10.228230653349886, 'val_mae': 96.25832427037905, 'val_mae_sbp': 67.37399811940651, 'val_mae_dbp': 28.884325785179662, 'lr': 0.0025}
{'epoch': 62, 'train_mae': 30.4484133292017, 'train_mae_sbp': 20.293523802497425, 'train_mae_dbp': 10.154889533726912, 'val_mae': 97.78209330937634, 'val_mae_sbp': 68.43771615746903, 'val_mae_dbp': 29.344376890626673, 'lr': 0.0025}
{'epoch': 63, 'train_mae': 30.439887062263768, 'train_mae_sbp': 20.2915496376723, 'train_mae_dbp': 10.148337406332608, 'val_mae': 95.64332805267752, 'val_mae_sbp': 66.71564956560526, 'val_mae_dbp': 28.927678545860395, 'lr': 0.0025}
{'epoch': 64, 'train_mae': 30.451443544368153, 'train_mae_sbp': 20.288980905367104, 'train_mae_dbp': 10.16246260248333, 'val_mae': 95.67169521279531, 'val_mae_sbp': 66.75622063466948, 'val_mae_dbp': 28.91547479368236, 'lr': 0.0025}
Saving best model
{'epoch': 65, 'train_mae': 30.454342919351074, 'train_mae_sbp': 20.29790729977772, 'train_mae_dbp': 10.156435626595993, 'val_mae': 95.09158902625515, 'val_mae_sbp': 66.22566191790855, 'val_mae_dbp': 28.86592734349917, 'lr': 0.0025}
{'epoch': 66, 'train_mae': 30.460435257744543, 'train_mae_sbp': 20.304493975744684, 'train_mae_dbp': 10.155941279190806, 'val_mae': 95.94537711470095, 'val_mae_sbp': 67.02940731832426, 'val_mae_dbp': 28.91596983556878, 'lr': 0.0025}
{'epoch': 67, 'train_mae': 30.465361183627188, 'train_mae_sbp': 20.308352977432452, 'train_mae_dbp': 10.157008199172097, 'val_mae': 96.55265977937881, 'val_mae_sbp': 67.5606548622863, 'val_mae_dbp': 28.99200530901347, 'lr': 0.0025}
{'epoch': 68, 'train_mae': 30.450926324229176, 'train_mae_sbp': 20.290528925248204, 'train_mae_dbp': 10.160397391958336, 'val_mae': 95.69162363548801, 'val_mae_sbp': 66.6227201435664, 'val_mae_dbp': 29.068903975290795, 'lr': 0.0025}
Saving best model
{'epoch': 69, 'train_mae': 30.43491501450012, 'train_mae_sbp': 20.286432263426295, 'train_mae_dbp': 10.148482744051185, 'val_mae': 92.7191078499572, 'val_mae_sbp': 64.58512012272665, 'val_mae_dbp': 28.133987420225797, 'lr': 0.0025}
{'epoch': 70, 'train_mae': 30.454778095408287, 'train_mae_sbp': 20.300274254822767, 'train_mae_dbp': 10.154503832158355, 'val_mae': 94.6361580940142, 'val_mae_sbp': 65.89854825686102, 'val_mae_dbp': 28.73760983062117, 'lr': 0.0025}
{'epoch': 71, 'train_mae': 30.44512964734624, 'train_mae_sbp': 20.28904534228947, 'train_mae_dbp': 10.156084298034129, 'val_mae': 94.44552364088085, 'val_mae_sbp': 65.48727759269819, 'val_mae_dbp': 28.95824585222218, 'lr': 0.0025}
{'epoch': 72, 'train_mae': 30.467323581319143, 'train_mae_sbp': 20.307246990512855, 'train_mae_dbp': 10.160076585188179, 'val_mae': 93.87846439831877, 'val_mae_sbp': 65.53085572752234, 'val_mae_dbp': 28.34760901046126, 'lr': 0.0025}
{'epoch': 73, 'train_mae': 30.43931755717619, 'train_mae_sbp': 20.285158123639967, 'train_mae_dbp': 10.154159426513582, 'val_mae': 94.78974752556788, 'val_mae_sbp': 65.8741615243154, 'val_mae_dbp': 28.915585648523617, 'lr': 0.0025}
Saving best model
{'epoch': 74, 'train_mae': 30.43279571420841, 'train_mae_sbp': 20.282204222082214, 'train_mae_dbp': 10.150591504766945, 'val_mae': 92.30550669317375, 'val_mae_sbp': 64.48102727654862, 'val_mae_dbp': 27.82447957339352, 'lr': 0.0025}
{'epoch': 75, 'train_mae': 30.442490699891664, 'train_mae_sbp': 20.28403484979329, 'train_mae_dbp': 10.158455875379873, 'val_mae': 92.9873465969138, 'val_mae_sbp': 65.01954396130287, 'val_mae_dbp': 27.96780268133503, 'lr': 0.0025}
{'epoch': 76, 'train_mae': 30.442607320636643, 'train_mae_sbp': 20.282869735066072, 'train_mae_dbp': 10.159737560289072, 'val_mae': 93.47057977441239, 'val_mae_sbp': 65.20077269044641, 'val_mae_dbp': 28.269806763897204, 'lr': 0.0025}
{'epoch': 77, 'train_mae': 30.41813496742754, 'train_mae_sbp': 20.26948670399909, 'train_mae_dbp': 10.148648243765065, 'val_mae': 93.92631089197447, 'val_mae_sbp': 65.26870803310446, 'val_mae_dbp': 28.65760291765814, 'lr': 0.0025}
{'epoch': 78, 'train_mae': 30.436371195123193, 'train_mae_sbp': 20.289466422506564, 'train_mae_dbp': 10.146904768403044, 'val_mae': 94.3277288985579, 'val_mae_sbp': 65.63241894604408, 'val_mae_dbp': 28.695310337902747, 'lr': 0.0025}
{'epoch': 79, 'train_mae': 30.431509664027082, 'train_mae_sbp': 20.28198378426688, 'train_mae_dbp': 10.149525847456065, 'val_mae': 92.58885780752522, 'val_mae_sbp': 64.68815023605137, 'val_mae_dbp': 27.90070768251811, 'lr': 0.0025}
{'epoch': 80, 'train_mae': 30.41602692582997, 'train_mae_sbp': 20.26976205884796, 'train_mae_dbp': 10.146264890858983, 'val_mae': 93.32091464735058, 'val_mae_sbp': 64.9448862990288, 'val_mae_dbp': 28.37602843323799, 'lr': 0.00125}
{'epoch': 81, 'train_mae': 30.338759875964698, 'train_mae_sbp': 20.219235491857965, 'train_mae_dbp': 10.119524356016179, 'val_mae': 93.59678950375074, 'val_mae_sbp': 65.32764191823463, 'val_mae_dbp': 28.269147552856026, 'lr': 0.00125}
{'epoch': 82, 'train_mae': 30.32101477509219, 'train_mae_sbp': 20.203790066344045, 'train_mae_dbp': 10.117224743861337, 'val_mae': 93.75385652829523, 'val_mae_sbp': 65.5102232319035, 'val_mae_dbp': 28.24363371444075, 'lr': 0.00125}
{'epoch': 83, 'train_mae': 30.32798838158946, 'train_mae_sbp': 20.212319117055902, 'train_mae_dbp': 10.11566926312903, 'val_mae': 93.66651762348332, 'val_mae_sbp': 65.26712616175821, 'val_mae_dbp': 28.39939153357728, 'lr': 0.00125}
{'epoch': 84, 'train_mae': 30.31892512999859, 'train_mae_sbp': 20.208671381617506, 'train_mae_dbp': 10.11025373293128, 'val_mae': 93.19821490980175, 'val_mae_sbp': 65.09550886284815, 'val_mae_dbp': 28.102705935909324, 'lr': 0.00125}
{'epoch': 85, 'train_mae': 30.335639582817965, 'train_mae_sbp': 20.21514267844199, 'train_mae_dbp': 10.120496905780506, 'val_mae': 94.48175743834614, 'val_mae_sbp': 65.8660086279046, 'val_mae_dbp': 28.615748718993306, 'lr': 0.00125}
{'epoch': 86, 'train_mae': 30.33221506054166, 'train_mae_sbp': 20.215336829116666, 'train_mae_dbp': 10.116878225806886, 'val_mae': 94.06730016943527, 'val_mae_sbp': 65.78850277156046, 'val_mae_dbp': 28.278797365214725, 'lr': 0.000625}
{'epoch': 87, 'train_mae': 30.280555564981498, 'train_mae_sbp': 20.179870465015977, 'train_mae_dbp': 10.100685104179101, 'val_mae': 93.54144258368505, 'val_mae_sbp': 65.24070883450443, 'val_mae_dbp': 28.30073364466837, 'lr': 0.000625}
{'epoch': 88, 'train_mae': 30.27918913929733, 'train_mae_sbp': 20.175940332426766, 'train_mae_dbp': 10.10324880265698, 'val_mae': 93.74287788182089, 'val_mae_sbp': 65.2658439009157, 'val_mae_dbp': 28.477033928649067, 'lr': 0.000625}
{'epoch': 89, 'train_mae': 30.27218706302334, 'train_mae_sbp': 20.17206080216196, 'train_mae_dbp': 10.100126251029687, 'val_mae': 93.4810377669661, 'val_mae_sbp': 65.22924084859352, 'val_mae_dbp': 28.251796630963888, 'lr': 0.000625}
{'epoch': 90, 'train_mae': 30.26601318055997, 'train_mae_sbp': 20.166155058084076, 'train_mae_dbp': 10.099858095789868, 'val_mae': 92.75643032544279, 'val_mae_sbp': 64.76550920042273, 'val_mae_dbp': 27.99092111848805, 'lr': 0.000625}
{'epoch': 91, 'train_mae': 30.275996291058053, 'train_mae_sbp': 20.17595838903503, 'train_mae_dbp': 10.100037937136216, 'val_mae': 92.46726145809644, 'val_mae_sbp': 64.48469377543829, 'val_mae_dbp': 27.98256778717041, 'lr': 0.000625}
Saving best model
{'epoch': 92, 'train_mae': 30.270536220477503, 'train_mae_sbp': 20.172717182906634, 'train_mae_dbp': 10.097819027739176, 'val_mae': 91.84290089019358, 'val_mae_sbp': 64.12295900632257, 'val_mae_dbp': 27.719942223535824, 'lr': 0.000625}
{'epoch': 93, 'train_mae': 30.271084441352137, 'train_mae_sbp': 20.173069109797304, 'train_mae_dbp': 10.098015296441641, 'val_mae': 92.09423127892899, 'val_mae_sbp': 64.18203380009899, 'val_mae_dbp': 27.912197433105888, 'lr': 0.000625}
{'epoch': 94, 'train_mae': 30.273432452127402, 'train_mae_sbp': 20.177759459864934, 'train_mae_dbp': 10.095672995071524, 'val_mae': 93.25635395311329, 'val_mae_sbp': 65.00261954738669, 'val_mae_dbp': 28.25373445798273, 'lr': 0.000625}
{'epoch': 95, 'train_mae': 30.275009837873906, 'train_mae_sbp': 20.176428152991676, 'train_mae_dbp': 10.098581663814315, 'val_mae': 92.86579879342693, 'val_mae_sbp': 64.76984299698921, 'val_mae_dbp': 28.09595627327488, 'lr': 0.000625}
{'epoch': 96, 'train_mae': 30.26186773106346, 'train_mae_sbp': 20.16559395207221, 'train_mae_dbp': 10.096273801463694, 'val_mae': 92.76049606114218, 'val_mae_sbp': 64.57163375697723, 'val_mae_dbp': 28.188862356421065, 'lr': 0.000625}
{'epoch': 97, 'train_mae': 30.26989566876014, 'train_mae_sbp': 20.16894250906269, 'train_mae_dbp': 10.100953158292924, 'val_mae': 92.46042207169207, 'val_mae_sbp': 64.56094402156464, 'val_mae_dbp': 27.899478344068136, 'lr': 0.000625}
{'epoch': 98, 'train_mae': 30.269836128021375, 'train_mae_sbp': 20.169265747070312, 'train_mae_dbp': 10.100570394996339, 'val_mae': 93.26428713863844, 'val_mae_sbp': 65.06719859658855, 'val_mae_dbp': 28.197088156660943, 'lr': 0.0003125}
{'epoch': 99, 'train_mae': 30.236779020531365, 'train_mae_sbp': 20.14810069987279, 'train_mae_dbp': 10.088678320658575, 'val_mae': 92.57400387280607, 'val_mae_sbp': 64.65968368478018, 'val_mae_dbp': 27.914319920213256, 'lr': 0.0003125}
{'epoch': 100, 'train_mae': 30.243864812275095, 'train_mae_sbp': 20.154210173504342, 'train_mae_dbp': 10.08965463455717, 'val_mae': 92.20980678192556, 'val_mae_sbp': 64.33472941672966, 'val_mae_dbp': 27.87507721495955, 'lr': 0.0003125}
{'epoch': 101, 'train_mae': 30.24355685271992, 'train_mae_sbp': 20.15495483724288, 'train_mae_dbp': 10.088602015477042, 'val_mae': 92.78131103515625, 'val_mae_sbp': 64.66432110250813, 'val_mae_dbp': 28.116989547259188, 'lr': 0.0003125}
{'epoch': 102, 'train_mae': 30.23995401722342, 'train_mae_sbp': 20.152573173983633, 'train_mae_dbp': 10.087380841835257, 'val_mae': 92.4802479156076, 'val_mae_sbp': 64.54313099221008, 'val_mae_dbp': 27.937116942993583, 'lr': 0.0003125}
{'epoch': 103, 'train_mae': 30.246651836277284, 'train_mae_sbp': 20.1564462602753, 'train_mae_dbp': 10.090205552125012, 'val_mae': 92.6105247654327, 'val_mae_sbp': 64.63273165977165, 'val_mae_dbp': 27.977792896636544, 'lr': 0.0003125}
{'epoch': 104, 'train_mae': 30.232094673415173, 'train_mae_sbp': 20.14438542912389, 'train_mae_dbp': 10.087709223223365, 'val_mae': 92.2865604505147, 'val_mae_sbp': 64.2137899921365, 'val_mae_dbp': 28.07277060861457, 'lr': 0.00015625}
{'epoch': 105, 'train_mae': 30.22954902311839, 'train_mae_sbp': 20.14298310652046, 'train_mae_dbp': 10.086565932047735, 'val_mae': 92.76820195864325, 'val_mae_sbp': 64.70896092506304, 'val_mae_dbp': 28.059240876811824, 'lr': 0.00015625}
{'epoch': 106, 'train_mae': 30.23255507479009, 'train_mae_sbp': 20.144420098485934, 'train_mae_dbp': 10.08813493838191, 'val_mae': 92.35956184178183, 'val_mae_sbp': 64.39393179383997, 'val_mae_dbp': 27.96563020471024, 'lr': 0.00015625}
{'epoch': 107, 'train_mae': 30.224570747678865, 'train_mae_sbp': 20.143279470294846, 'train_mae_dbp': 10.08129127738402, 'val_mae': 92.75954089752615, 'val_mae_sbp': 64.69856820041186, 'val_mae_dbp': 28.060972670986228, 'lr': 0.00015625}
{'epoch': 108, 'train_mae': 30.229161221780902, 'train_mae_sbp': 20.14368559790992, 'train_mae_dbp': 10.085475611230235, 'val_mae': 92.73280099320085, 'val_mae_sbp': 64.7138955103208, 'val_mae_dbp': 28.018905260791517, 'lr': 0.00015625}
{'epoch': 109, 'train_mae': 30.229775716700154, 'train_mae_sbp': 20.145077307901957, 'train_mae_dbp': 10.084698434079694, 'val_mae': 92.5716792328717, 'val_mae_sbp': 64.51457945941246, 'val_mae_dbp': 28.057099747331176, 'lr': 0.00015625}
{'epoch': 110, 'train_mae': 30.237943815026263, 'train_mae_sbp': 20.151040764023524, 'train_mae_dbp': 10.08690301308049, 'val_mae': 92.39347787099342, 'val_mae_sbp': 64.44351089164002, 'val_mae_dbp': 27.94996695322533, 'lr': 7.8125e-05}
{'epoch': 111, 'train_mae': 30.219395085532817, 'train_mae_sbp': 20.135429944135304, 'train_mae_dbp': 10.083965154038262, 'val_mae': 92.50754460896532, 'val_mae_sbp': 64.47724523936232, 'val_mae_dbp': 28.0302992520267, 'lr': 7.8125e-05}
{'epoch': 112, 'train_mae': 30.223309703708924, 'train_mae_sbp': 20.13991667701148, 'train_mae_dbp': 10.08339302810197, 'val_mae': 92.36237285561758, 'val_mae_sbp': 64.35685113358171, 'val_mae_dbp': 28.005521852676182, 'lr': 7.8125e-05}
{'epoch': 113, 'train_mae': 30.214769515092314, 'train_mae_sbp': 20.132262798753157, 'train_mae_dbp': 10.082506709316517, 'val_mae': 92.43968054366438, 'val_mae_sbp': 64.47349280527193, 'val_mae_dbp': 27.9661878820968, 'lr': 7.8125e-05}
{'epoch': 114, 'train_mae': 30.220997578616696, 'train_mae_sbp': 20.13485696424616, 'train_mae_dbp': 10.086140614370533, 'val_mae': 92.33369362190979, 'val_mae_sbp': 64.36804118221754, 'val_mae_dbp': 27.965652949189487, 'lr': 7.8125e-05}
{'epoch': 115, 'train_mae': 30.21449599736569, 'train_mae_sbp': 20.13340313480248, 'train_mae_dbp': 10.08109286256321, 'val_mae': 92.31686019897461, 'val_mae_sbp': 64.35330825962433, 'val_mae_dbp': 27.963551880562143, 'lr': 7.8125e-05}
{'epoch': 116, 'train_mae': 30.221178633474988, 'train_mae_sbp': 20.138572850178196, 'train_mae_dbp': 10.082605750992652, 'val_mae': 92.53160024669073, 'val_mae_sbp': 64.49332770256147, 'val_mae_dbp': 28.038272256720557, 'lr': 3.90625e-05}
{'epoch': 117, 'train_mae': 30.214344667931893, 'train_mae_sbp': 20.136259705398853, 'train_mae_dbp': 10.078084973769265, 'val_mae': 92.54810780041838, 'val_mae_sbp': 64.52444723207657, 'val_mae_dbp': 28.02366022867699, 'lr': 3.90625e-05}
{'epoch': 118, 'train_mae': 30.215099472360514, 'train_mae_sbp': 20.131231212475512, 'train_mae_dbp': 10.083868254266887, 'val_mae': 92.45752862381609, 'val_mae_sbp': 64.45276630088074, 'val_mae_dbp': 28.004762061654706, 'lr': 3.90625e-05}
{'epoch': 119, 'train_mae': 30.206418322533676, 'train_mae_sbp': 20.129066930779302, 'train_mae_dbp': 10.077351426867567, 'val_mae': 92.56527822311611, 'val_mae_sbp': 64.55270380516575, 'val_mae_dbp': 28.012574293842054, 'lr': 3.90625e-05}
{'epoch': 120, 'train_mae': 30.21563979698035, 'train_mae_sbp': 20.13341824190255, 'train_mae_dbp': 10.082221588786467, 'val_mae': 92.3445098824697, 'val_mae_sbp': 64.40559157280073, 'val_mae_dbp': 27.938918283540907, 'lr': 3.90625e-05}
{'epoch': 121, 'train_mae': 30.21952854094695, 'train_mae_sbp': 20.1371714770355, 'train_mae_dbp': 10.082357083574838, 'val_mae': 92.56013470479887, 'val_mae_sbp': 64.50591202304788, 'val_mae_dbp': 28.054222675218973, 'lr': 3.90625e-05}
{'epoch': 122, 'train_mae': 30.21629927049505, 'train_mae_sbp': 20.135830860952566, 'train_mae_dbp': 10.080468403924371, 'val_mae': 92.48581384632685, 'val_mae_sbp': 64.47992131481432, 'val_mae_dbp': 28.005892655620837, 'lr': 1.953125e-05}
{'epoch': 123, 'train_mae': 30.206859406034443, 'train_mae_sbp': 20.128720366375436, 'train_mae_dbp': 10.078139042468065, 'val_mae': 92.60016164387743, 'val_mae_sbp': 64.5511441688015, 'val_mae_dbp': 28.049017200731253, 'lr': 1.953125e-05}
{'epoch': 124, 'train_mae': 30.211037954631013, 'train_mae_sbp': 20.131107805052633, 'train_mae_dbp': 10.07993014957838, 'val_mae': 92.59232957395788, 'val_mae_sbp': 64.52292400516876, 'val_mae_dbp': 28.069405542661066, 'lr': 1.953125e-05}
{'epoch': 125, 'train_mae': 30.215238967243806, 'train_mae_sbp': 20.131987991670094, 'train_mae_dbp': 10.083251016305017, 'val_mae': 92.61504356175253, 'val_mae_sbp': 64.55319954597786, 'val_mae_dbp': 28.06184417907506, 'lr': 1.953125e-05}
{'epoch': 126, 'train_mae': 30.210550459916533, 'train_mae_sbp': 20.13140646944341, 'train_mae_dbp': 10.079143983450484, 'val_mae': 92.55563378007444, 'val_mae_sbp': 64.52064380907032, 'val_mae_dbp': 28.03498984689582, 'lr': 1.953125e-05}
{'epoch': 127, 'train_mae': 30.206425640123054, 'train_mae_sbp': 20.126898823149602, 'train_mae_dbp': 10.079526823996092, 'val_mae': 92.64726142360739, 'val_mae_sbp': 64.57596015930176, 'val_mae_dbp': 28.071301081409192, 'lr': 1.953125e-05}
{'epoch': 128, 'train_mae': 30.204174668167408, 'train_mae_sbp': 20.126756069762013, 'train_mae_dbp': 10.077418580146531, 'val_mae': 92.51405300506174, 'val_mae_sbp': 64.48713077910959, 'val_mae_dbp': 28.026922265144243, 'lr': 9.765625e-06}
{'epoch': 129, 'train_mae': 30.210124660486326, 'train_mae_sbp': 20.132469626694963, 'train_mae_dbp': 10.077655040814003, 'val_mae': 92.48086845711487, 'val_mae_sbp': 64.47618379984816, 'val_mae_dbp': 28.00468450703033, 'lr': 9.765625e-06}
{'epoch': 130, 'train_mae': 30.21335131289857, 'train_mae_sbp': 20.134950986140254, 'train_mae_dbp': 10.078400330971899, 'val_mae': 92.53726253770802, 'val_mae_sbp': 64.5076045467429, 'val_mae_dbp': 28.029657814600696, 'lr': 9.765625e-06}
{'epoch': 131, 'train_mae': 30.202544997472298, 'train_mae_sbp': 20.126637055701817, 'train_mae_dbp': 10.075907941770483, 'val_mae': 92.5051095779628, 'val_mae_sbp': 64.4797028972678, 'val_mae_dbp': 28.02540677214322, 'lr': 9.765625e-06}
{'epoch': 132, 'train_mae': 30.216526045539418, 'train_mae_sbp': 20.13870329147586, 'train_mae_dbp': 10.07782272737753, 'val_mae': 92.54324787610197, 'val_mae_sbp': 64.51598872877148, 'val_mae_dbp': 28.027259003626156, 'lr': 9.765625e-06}
{'epoch': 133, 'train_mae': 30.213936989718228, 'train_mae_sbp': 20.133935953626224, 'train_mae_dbp': 10.080000986933532, 'val_mae': 92.50294557336258, 'val_mae_sbp': 64.49766343260464, 'val_mae_dbp': 28.00528231712237, 'lr': 9.765625e-06}
{'epoch': 134, 'train_mae': 30.215155976510363, 'train_mae_sbp': 20.13330240207498, 'train_mae_dbp': 10.081853605334993, 'val_mae': 92.52291836150705, 'val_mae_sbp': 64.51255487415888, 'val_mae_dbp': 28.01036331751575, 'lr': 4.8828125e-06}
{'epoch': 135, 'train_mae': 30.21204301499829, 'train_mae_sbp': 20.133340740063403, 'train_mae_dbp': 10.078702280552994, 'val_mae': 92.52436614363161, 'val_mae_sbp': 64.50427444667032, 'val_mae_dbp': 28.020091827601604, 'lr': 4.8828125e-06}
{'epoch': 136, 'train_mae': 30.204157575065153, 'train_mae_sbp': 20.127074779572297, 'train_mae_dbp': 10.077082801110965, 'val_mae': 92.55733544859167, 'val_mae_sbp': 64.524691960583, 'val_mae_dbp': 28.032643292048206, 'lr': 4.8828125e-06}
{'epoch': 137, 'train_mae': 30.220009723713893, 'train_mae_sbp': 20.136129887711494, 'train_mae_dbp': 10.083879831788817, 'val_mae': 92.56333298879127, 'val_mae_sbp': 64.52801530655117, 'val_mae_dbp': 28.035317558131805, 'lr': 4.8828125e-06}
{'epoch': 138, 'train_mae': 30.21402132598922, 'train_mae_sbp': 20.13194245969073, 'train_mae_dbp': 10.082078863489434, 'val_mae': 92.55808589883047, 'val_mae_sbp': 64.53024976547451, 'val_mae_dbp': 28.027835956991535, 'lr': 4.8828125e-06}
{'epoch': 139, 'train_mae': 30.211084489443166, 'train_mae_sbp': 20.132025675148604, 'train_mae_dbp': 10.079058825530781, 'val_mae': 92.56766081509525, 'val_mae_sbp': 64.53553421856606, 'val_mae_dbp': 28.032126426696777, 'lr': 4.8828125e-06}
{'epoch': 140, 'train_mae': 30.214389815070668, 'train_mae_sbp': 20.132753234548666, 'train_mae_dbp': 10.081636590353694, 'val_mae': 92.57047708067175, 'val_mae_sbp': 64.54124421942724, 'val_mae_dbp': 28.029232789392342, 'lr': 2.44140625e-06}
{'epoch': 141, 'train_mae': 30.218247179079125, 'train_mae_sbp': 20.137838939503823, 'train_mae_dbp': 10.080408245193414, 'val_mae': 92.5740476895685, 'val_mae_sbp': 64.54359843632946, 'val_mae_dbp': 28.03044899195841, 'lr': 2.44140625e-06}
{'epoch': 142, 'train_mae': 30.209436644159467, 'train_mae_sbp': 20.127898905870666, 'train_mae_dbp': 10.081537717220884, 'val_mae': 92.5689125844877, 'val_mae_sbp': 64.54009549911709, 'val_mae_dbp': 28.028817209478927, 'lr': 2.44140625e-06}
{'epoch': 143, 'train_mae': 30.209285533831995, 'train_mae_sbp': 20.12894776503011, 'train_mae_dbp': 10.080337763183774, 'val_mae': 92.55820668886786, 'val_mae_sbp': 64.5290459410785, 'val_mae_dbp': 28.029160564892912, 'lr': 2.44140625e-06}
{'epoch': 144, 'train_mae': 30.211706422741177, 'train_mae_sbp': 20.129134376200028, 'train_mae_dbp': 10.082572026877761, 'val_mae': 92.58302286226456, 'val_mae_sbp': 64.54458187051016, 'val_mae_dbp': 28.038441050542545, 'lr': 2.44140625e-06}
{'epoch': 145, 'train_mae': 30.208320227217076, 'train_mae_sbp': 20.128387296673825, 'train_mae_dbp': 10.079932955824749, 'val_mae': 92.58245026575376, 'val_mae_sbp': 64.54525818236887, 'val_mae_dbp': 28.0371920050007, 'lr': 2.44140625e-06}
{'epoch': 146, 'train_mae': 30.215430395943777, 'train_mae_sbp': 20.133986803147508, 'train_mae_dbp': 10.081443606841546, 'val_mae': 92.57700031750822, 'val_mae_sbp': 64.54141567177969, 'val_mae_dbp': 28.035584658792573, 'lr': 1.220703125e-06}
{'epoch': 147, 'train_mae': 30.210892389378948, 'train_mae_sbp': 20.131314700411767, 'train_mae_dbp': 10.079577686158126, 'val_mae': 92.57930732099977, 'val_mae_sbp': 64.54290416142712, 'val_mae_dbp': 28.036403316341033, 'lr': 1.220703125e-06}
{'epoch': 148, 'train_mae': 30.213747957142534, 'train_mae_sbp': 20.132134023225362, 'train_mae_dbp': 10.08161394796245, 'val_mae': 92.57724500682257, 'val_mae_sbp': 64.54296297569798, 'val_mae_dbp': 28.034281665331697, 'lr': 1.220703125e-06}
{'epoch': 149, 'train_mae': 30.215850037924497, 'train_mae_sbp': 20.135182980409603, 'train_mae_dbp': 10.080667105268835, 'val_mae': 92.57990837097168, 'val_mae_sbp': 64.5448495002642, 'val_mae_dbp': 28.035058772727236, 'lr': 1.220703125e-06}
{'epoch': 150, 'train_mae': 30.209185874163666, 'train_mae_sbp': 20.12891734857798, 'train_mae_dbp': 10.080268491877021, 'val_mae': 92.5786456016645, 'val_mae_sbp': 64.54354970749111, 'val_mae_dbp': 28.035096090133877, 'lr': 1.220703125e-06}
{'epoch': 151, 'train_mae': 30.21062122002266, 'train_mae_sbp': 20.131470749058675, 'train_mae_dbp': 10.079150444277959, 'val_mae': 92.5659698852121, 'val_mae_sbp': 64.53506788488937, 'val_mae_dbp': 28.030902242007322, 'lr': 1.220703125e-06}
{'epoch': 152, 'train_mae': 30.21715126824133, 'train_mae_sbp': 20.138187391592933, 'train_mae_dbp': 10.078963858389539, 'val_mae': 92.57061647389033, 'val_mae_sbp': 64.53790583675855, 'val_mae_dbp': 28.03271083309226, 'lr': 6.103515625e-07}
{'epoch': 153, 'train_mae': 30.209974519282973, 'train_mae_sbp': 20.134285571473338, 'train_mae_dbp': 10.075688945000582, 'val_mae': 92.56594480227118, 'val_mae_sbp': 64.53411823429474, 'val_mae_dbp': 28.031826378547983, 'lr': 6.103515625e-07}
{'epoch': 154, 'train_mae': 30.21775027121992, 'train_mae_sbp': 20.135627024654788, 'train_mae_dbp': 10.082123252183242, 'val_mae': 92.56958261254715, 'val_mae_sbp': 64.5363478464623, 'val_mae_dbp': 28.03323487059711, 'lr': 6.103515625e-07}
{'epoch': 155, 'train_mae': 30.20852704392266, 'train_mae_sbp': 20.129939855988493, 'train_mae_dbp': 10.078587164057197, 'val_mae': 92.56869198524788, 'val_mae_sbp': 64.53610383647762, 'val_mae_dbp': 28.032588312070665, 'lr': 6.103515625e-07}
{'epoch': 156, 'train_mae': 30.213401350602837, 'train_mae_sbp': 20.134653200983827, 'train_mae_dbp': 10.07874815664165, 'val_mae': 92.56952779587002, 'val_mae_sbp': 64.53683631060875, 'val_mae_dbp': 28.03269152445336, 'lr': 6.103515625e-07}
{'epoch': 157, 'train_mae': 30.21023769125847, 'train_mae_sbp': 20.130193263687335, 'train_mae_dbp': 10.08004443740283, 'val_mae': 92.56075015133375, 'val_mae_sbp': 64.53128025629749, 'val_mae_dbp': 28.02946970560779, 'lr': 6.103515625e-07}
{'epoch': 158, 'train_mae': 30.21510325615817, 'train_mae_sbp': 20.13376761536184, 'train_mae_dbp': 10.08133564781897, 'val_mae': 92.5584659576416, 'val_mae_sbp': 64.52949584020327, 'val_mae_dbp': 28.028970143566394, 'lr': 3.0517578125e-07}
{'epoch': 159, 'train_mae': 30.21599901056079, 'train_mae_sbp': 20.136670701106976, 'train_mae_dbp': 10.079328316476454, 'val_mae': 92.55688487013725, 'val_mae_sbp': 64.5286606697187, 'val_mae_dbp': 28.02822391954187, 'lr': 3.0517578125e-07}
{'epoch': 160, 'train_mae': 30.213378645007847, 'train_mae_sbp': 20.13409585910623, 'train_mae_dbp': 10.079282767642756, 'val_mae': 92.55766944362692, 'val_mae_sbp': 64.52906869862177, 'val_mae_dbp': 28.028600614364834, 'lr': 3.0517578125e-07}
{'epoch': 161, 'train_mae': 30.21111190301505, 'train_mae_sbp': 20.131354951366937, 'train_mae_dbp': 10.079756997997526, 'val_mae': 92.55798358133394, 'val_mae_sbp': 64.52914723958055, 'val_mae_dbp': 28.02883636788146, 'lr': 3.0517578125e-07}
{'epoch': 162, 'train_mae': 30.20988476434407, 'train_mae_sbp': 20.13091550554548, 'train_mae_dbp': 10.07896924756237, 'val_mae': 92.56005360328987, 'val_mae_sbp': 64.53065974091831, 'val_mae_dbp': 28.029393810115447, 'lr': 3.0517578125e-07}
{'epoch': 163, 'train_mae': 30.21128396889598, 'train_mae_sbp': 20.13297337741318, 'train_mae_dbp': 10.078310574628468, 'val_mae': 92.56139632447125, 'val_mae_sbp': 64.53158740474753, 'val_mae_dbp': 28.029809350836768, 'lr': 3.0517578125e-07}
{'epoch': 164, 'train_mae': 30.204363874904537, 'train_mae_sbp': 20.126415002679614, 'train_mae_dbp': 10.077948875033979, 'val_mae': 92.56064153697393, 'val_mae_sbp': 64.53141687994133, 'val_mae_dbp': 28.029224500264206, 'lr': 1.52587890625e-07}
{'epoch': 165, 'train_mae': 30.21671760907405, 'train_mae_sbp': 20.135157097772925, 'train_mae_dbp': 10.08156052394187, 'val_mae': 92.56173878499906, 'val_mae_sbp': 64.53200392527123, 'val_mae_dbp': 28.02973464417131, 'lr': 1.52587890625e-07}
{'epoch': 166, 'train_mae': 30.22233450079175, 'train_mae_sbp': 20.13928309175157, 'train_mae_dbp': 10.083051452580538, 'val_mae': 92.56259954792179, 'val_mae_sbp': 64.53248993337971, 'val_mae_dbp': 28.030109594946037, 'lr': 1.52587890625e-07}
{'epoch': 167, 'train_mae': 30.205697844762337, 'train_mae_sbp': 20.126344121784104, 'train_mae_dbp': 10.079353724382763, 'val_mae': 92.56335133069182, 'val_mae_sbp': 64.53281201401802, 'val_mae_dbp': 28.0305391925655, 'lr': 1.52587890625e-07}
{'epoch': 168, 'train_mae': 30.20641589550979, 'train_mae_sbp': 20.12838436682902, 'train_mae_dbp': 10.0780315048038, 'val_mae': 92.56311003802574, 'val_mae_sbp': 64.53267711482636, 'val_mae_dbp': 28.030432877475267, 'lr': 1.52587890625e-07}
{'epoch': 169, 'train_mae': 30.209924453488156, 'train_mae_sbp': 20.13084312742343, 'train_mae_dbp': 10.079081351346225, 'val_mae': 92.56269376571865, 'val_mae_sbp': 64.53247575890528, 'val_mae_dbp': 28.03021826156198, 'lr': 1.52587890625e-07}
{'epoch': 170, 'train_mae': 30.213266249082224, 'train_mae_sbp': 20.1317987512243, 'train_mae_dbp': 10.081467473980956, 'val_mae': 92.56294613668364, 'val_mae_sbp': 64.53254702319838, 'val_mae_dbp': 28.030398924056797, 'lr': 7.62939453125e-08}
{'epoch': 171, 'train_mae': 30.211893337289084, 'train_mae_sbp': 20.13291019894764, 'train_mae_dbp': 10.078983094801082, 'val_mae': 92.56305166793196, 'val_mae_sbp': 64.53252699603773, 'val_mae_dbp': 28.030524319165373, 'lr': 7.62939453125e-08}
{'epoch': 172, 'train_mae': 30.20194077807779, 'train_mae_sbp': 20.123768319086402, 'train_mae_dbp': 10.078172496913634, 'val_mae': 92.56258502071852, 'val_mae_sbp': 64.53223283323523, 'val_mae_dbp': 28.030352024182882, 'lr': 7.62939453125e-08}
{'epoch': 173, 'train_mae': 30.21418086629202, 'train_mae_sbp': 20.133291491703712, 'train_mae_dbp': 10.080889331047945, 'val_mae': 92.5625937474917, 'val_mae_sbp': 64.53229473061758, 'val_mae_dbp': 28.030298964618005, 'lr': 7.62939453125e-08}
{'epoch': 174, 'train_mae': 30.21317383677689, 'train_mae_sbp': 20.135013937072305, 'train_mae_dbp': 10.078159923581557, 'val_mae': 92.56242488181755, 'val_mae_sbp': 64.53213346820988, 'val_mae_dbp': 28.030291230711217, 'lr': 7.62939453125e-08}
{'epoch': 175, 'train_mae': 30.212248958087635, 'train_mae_sbp': 20.131651011763335, 'train_mae_dbp': 10.080597925256384, 'val_mae': 92.56270954706898, 'val_mae_sbp': 64.53242573672777, 'val_mae_dbp': 28.030283666636844, 'lr': 7.62939453125e-08}
{'epoch': 176, 'train_mae': 30.213184362307565, 'train_mae_sbp': 20.133232026809445, 'train_mae_dbp': 10.07995232847548, 'val_mae': 92.56249981710356, 'val_mae_sbp': 64.53223301613167, 'val_mae_dbp': 28.0302668924201, 'lr': 3.814697265625e-08}
{'epoch': 177, 'train_mae': 30.214861913352372, 'train_mae_sbp': 20.13297915564019, 'train_mae_dbp': 10.081882750689545, 'val_mae': 92.56256004228983, 'val_mae_sbp': 64.53229082447208, 'val_mae_dbp': 28.03026929620194, 'lr': 3.814697265625e-08}
{'epoch': 178, 'train_mae': 30.21081824717009, 'train_mae_sbp': 20.131782565446947, 'train_mae_dbp': 10.079035676105033, 'val_mae': 92.56257681650658, 'val_mae_sbp': 64.53235422421808, 'val_mae_dbp': 28.03022251390431, 'lr': 3.814697265625e-08}
{'epoch': 179, 'train_mae': 30.20822676151596, 'train_mae_sbp': 20.12767736971466, 'train_mae_dbp': 10.080549400228463, 'val_mae': 92.562686502117, 'val_mae_sbp': 64.53238154110844, 'val_mae_dbp': 28.030304614811726, 'lr': 3.814697265625e-08}
{'epoch': 180, 'train_mae': 30.208557862069714, 'train_mae_sbp': 20.129901456200848, 'train_mae_dbp': 10.078656396037173, 'val_mae': 92.56271738548801, 'val_mae_sbp': 64.53234915537377, 'val_mae_dbp': 28.030367994961672, 'lr': 3.814697265625e-08}
{'epoch': 181, 'train_mae': 30.208783064043047, 'train_mae_sbp': 20.129622786666577, 'train_mae_dbp': 10.079160261926665, 'val_mae': 92.56298263758829, 'val_mae_sbp': 64.53253364562988, 'val_mae_dbp': 28.030449625563946, 'lr': 3.814697265625e-08}
{'epoch': 182, 'train_mae': 30.20550440196963, 'train_mae_sbp': 20.127950671144017, 'train_mae_dbp': 10.077553736443724, 'val_mae': 92.56269682270207, 'val_mae_sbp': 64.53236383934544, 'val_mae_dbp': 28.03033325116928, 'lr': 1.9073486328125e-08}
{'epoch': 183, 'train_mae': 30.211387816865948, 'train_mae_sbp': 20.12914005330104, 'train_mae_dbp': 10.082247787441878, 'val_mae': 92.56271513847456, 'val_mae_sbp': 64.53236023367268, 'val_mae_dbp': 28.030354636989227, 'lr': 1.9073486328125e-08}
{'epoch': 184, 'train_mae': 30.2167380674247, 'train_mae_sbp': 20.13780059870634, 'train_mae_dbp': 10.078937465909304, 'val_mae': 92.56262345509987, 'val_mae_sbp': 64.53228711428707, 'val_mae_dbp': 28.03033628855666, 'lr': 1.9073486328125e-08}
{'epoch': 185, 'train_mae': 30.21119675334318, 'train_mae_sbp': 20.13241837828781, 'train_mae_dbp': 10.078778339942179, 'val_mae': 92.56264320791584, 'val_mae_sbp': 64.53229923770853, 'val_mae_dbp': 28.030343473774114, 'lr': 1.9073486328125e-08}
{'epoch': 186, 'train_mae': 30.21483204466605, 'train_mae_sbp': 20.133736735415564, 'train_mae_dbp': 10.081095340150094, 'val_mae': 92.5627080316413, 'val_mae_sbp': 64.53234181338793, 'val_mae_dbp': 28.030366473001976, 'lr': 1.9073486328125e-08}
{'epoch': 187, 'train_mae': 30.211233141847142, 'train_mae_sbp': 20.131045135026124, 'train_mae_dbp': 10.080187991371211, 'val_mae': 92.56277047771297, 'val_mae_sbp': 64.53238458502783, 'val_mae_dbp': 28.030385944941273, 'lr': 1.9073486328125e-08}
{'epoch': 188, 'train_mae': 30.213083371146965, 'train_mae_sbp': 20.136309521187737, 'train_mae_dbp': 10.076773858386392, 'val_mae': 92.56283036323443, 'val_mae_sbp': 64.53242030209059, 'val_mae_dbp': 28.030410433468752, 'lr': 1.9073486328125e-08}
{'epoch': 189, 'train_mae': 30.217763372654417, 'train_mae_sbp': 20.13731484841528, 'train_mae_dbp': 10.080448527048192, 'val_mae': 92.56282521600593, 'val_mae_sbp': 64.53238858262154, 'val_mae_dbp': 28.030436287187552, 'lr': 1.9073486328125e-08}
{'epoch': 190, 'train_mae': 30.214425178269398, 'train_mae_sbp': 20.132739554448754, 'train_mae_dbp': 10.081685599943675, 'val_mae': 92.56280564608639, 'val_mae_sbp': 64.53236276809483, 'val_mae_dbp': 28.030442819203415, 'lr': 1.9073486328125e-08}
{'epoch': 191, 'train_mae': 30.215497122246315, 'train_mae_sbp': 20.13471703957739, 'train_mae_dbp': 10.080780074241762, 'val_mae': 92.56282064359482, 'val_mae_sbp': 64.53236329065611, 'val_mae_dbp': 28.03045743132291, 'lr': 1.9073486328125e-08}
{'epoch': 192, 'train_mae': 30.218844246618527, 'train_mae_sbp': 20.135658609673975, 'train_mae_dbp': 10.083185658012468, 'val_mae': 92.56270343310213, 'val_mae_sbp': 64.5322515931848, 'val_mae_dbp': 28.030451852981358, 'lr': 1.9073486328125e-08}
{'epoch': 193, 'train_mae': 30.21026824254526, 'train_mae_sbp': 20.129145132073248, 'train_mae_dbp': 10.081123092213154, 'val_mae': 92.56272731415213, 'val_mae_sbp': 64.5323138824881, 'val_mae_dbp': 28.0304131703834, 'lr': 1.9073486328125e-08}
{'epoch': 194, 'train_mae': 30.214121586795407, 'train_mae_sbp': 20.13623925266631, 'train_mae_dbp': 10.077882366433235, 'val_mae': 92.56272666095055, 'val_mae_sbp': 64.5323236805119, 'val_mae_dbp': 28.030403065354857, 'lr': 1.9073486328125e-08}
{'epoch': 195, 'train_mae': 30.215442421510048, 'train_mae_sbp': 20.136380129604873, 'train_mae_dbp': 10.079062303141395, 'val_mae': 92.56276214286072, 'val_mae_sbp': 64.53230242533226, 'val_mae_dbp': 28.03045937133162, 'lr': 1.9073486328125e-08}
{'epoch': 196, 'train_mae': 30.212173467532175, 'train_mae_sbp': 20.132293855669925, 'train_mae_dbp': 10.079879596412445, 'val_mae': 92.56262520568012, 'val_mae_sbp': 64.53221786185486, 'val_mae_dbp': 28.030407330761218, 'lr': 1.9073486328125e-08}
{'epoch': 197, 'train_mae': 30.206604321329515, 'train_mae_sbp': 20.129094462331512, 'train_mae_dbp': 10.07750987866139, 'val_mae': 92.56258747675648, 'val_mae_sbp': 64.53220516361603, 'val_mae_dbp': 28.03038263320923, 'lr': 1.9073486328125e-08}
{'epoch': 198, 'train_mae': 30.20836534345624, 'train_mae_sbp': 20.12940559331026, 'train_mae_dbp': 10.078959768404841, 'val_mae': 92.56265953795551, 'val_mae_sbp': 64.53224939842747, 'val_mae_dbp': 28.030410381212626, 'lr': 1.9073486328125e-08}
{'epoch': 199, 'train_mae': 30.216208037992992, 'train_mae_sbp': 20.135134375323602, 'train_mae_dbp': 10.081073631769778, 'val_mae': 92.5626780627525, 'val_mae_sbp': 64.532238503025, 'val_mae_dbp': 28.030439709963865, 'lr': 1.9073486328125e-08}
{'epoch': 200, 'train_mae': 30.21004262764078, 'train_mae_sbp': 20.130883089045888, 'train_mae_dbp': 10.07915953438131, 'val_mae': 92.56261794207848, 'val_mae_sbp': 64.53218956516214, 'val_mae_dbp': 28.030428618600922, 'lr': 1.9073486328125e-08}
{'epoch': 201, 'train_mae': 30.21273618032374, 'train_mae_sbp': 20.134538987599345, 'train_mae_dbp': 10.078197180083643, 'val_mae': 92.5626204242445, 'val_mae_sbp': 64.53219228248074, 'val_mae_dbp': 28.030428416108432, 'lr': 1.9073486328125e-08}
{'epoch': 202, 'train_mae': 30.21193376240569, 'train_mae_sbp': 20.131332136218784, 'train_mae_dbp': 10.080601613546156, 'val_mae': 92.56277894320553, 'val_mae_sbp': 64.53228427939219, 'val_mae_dbp': 28.03049442866077, 'lr': 1.9073486328125e-08}
{'epoch': 203, 'train_mae': 30.209926897366373, 'train_mae_sbp': 20.131310023334485, 'train_mae_dbp': 10.078616862795666, 'val_mae': 92.56279323525625, 'val_mae_sbp': 64.53229022352663, 'val_mae_dbp': 28.030503148901953, 'lr': 1.9073486328125e-08}
{'epoch': 204, 'train_mae': 30.206699368528835, 'train_mae_sbp': 20.12832660141328, 'train_mae_dbp': 10.078372776947246, 'val_mae': 92.56275647307095, 'val_mae_sbp': 64.53227224741896, 'val_mae_dbp': 28.03048417992788, 'lr': 1.9073486328125e-08}
{'epoch': 205, 'train_mae': 30.21618645602017, 'train_mae_sbp': 20.13664597018302, 'train_mae_dbp': 10.079540466173759, 'val_mae': 92.56276109773819, 'val_mae_sbp': 64.53228422713606, 'val_mae_dbp': 28.03047662238552, 'lr': 1.9073486328125e-08}
{'epoch': 206, 'train_mae': 30.21076298181368, 'train_mae_sbp': 20.130518027012055, 'train_mae_dbp': 10.08024495058804, 'val_mae': 92.5627462831262, 'val_mae_sbp': 64.53228050388702, 'val_mae_dbp': 28.030465557150645, 'lr': 1.9073486328125e-08}
{'epoch': 207, 'train_mae': 30.222585385958823, 'train_mae_sbp': 20.140999727993545, 'train_mae_dbp': 10.08158563689736, 'val_mae': 92.56265473039183, 'val_mae_sbp': 64.5322292406265, 'val_mae_dbp': 28.030425535489435, 'lr': 1.9073486328125e-08}
{'epoch': 208, 'train_mae': 30.21503165052636, 'train_mae_sbp': 20.134573887303933, 'train_mae_dbp': 10.080457743559037, 'val_mae': 92.56281460801216, 'val_mae_sbp': 64.53234285851048, 'val_mae_dbp': 28.03047186707797, 'lr': 1.9073486328125e-08}
{'epoch': 209, 'train_mae': 30.217753054993846, 'train_mae_sbp': 20.139023358059912, 'train_mae_dbp': 10.07872972923807, 'val_mae': 92.56287870015184, 'val_mae_sbp': 64.53238628335195, 'val_mae_dbp': 28.030492122859172, 'lr': 1.9073486328125e-08}
{'epoch': 210, 'train_mae': 30.21487672550162, 'train_mae_sbp': 20.135665960972016, 'train_mae_dbp': 10.079210756102437, 'val_mae': 92.56274816434677, 'val_mae_sbp': 64.53229308454958, 'val_mae_dbp': 28.030455158181386, 'lr': 1.9073486328125e-08}
{'epoch': 211, 'train_mae': 30.213252894832742, 'train_mae_sbp': 20.133794023291877, 'train_mae_dbp': 10.079458908058582, 'val_mae': 92.56276574853348, 'val_mae_sbp': 64.53230839559477, 'val_mae_dbp': 28.030457588091288, 'lr': 1.9073486328125e-08}
{'epoch': 212, 'train_mae': 30.21002155410699, 'train_mae_sbp': 20.131153637600928, 'train_mae_dbp': 10.07886790667437, 'val_mae': 92.56286775249325, 'val_mae_sbp': 64.53237110294708, 'val_mae_dbp': 28.03049640786158, 'lr': 1.9073486328125e-08}
{'epoch': 213, 'train_mae': 30.212533119325258, 'train_mae_sbp': 20.133769503047084, 'train_mae_dbp': 10.078763630323452, 'val_mae': 92.56279838248474, 'val_mae_sbp': 64.53233251179735, 'val_mae_dbp': 28.030465988263693, 'lr': 1.9073486328125e-08}
{'epoch': 214, 'train_mae': 30.21655647884588, 'train_mae_sbp': 20.136017812018192, 'train_mae_dbp': 10.080538676659383, 'val_mae': 92.5627909098586, 'val_mae_sbp': 64.53233285146217, 'val_mae_dbp': 28.030457770987734, 'lr': 1.9073486328125e-08}
{'epoch': 215, 'train_mae': 30.213544969179495, 'train_mae_sbp': 20.134733259063406, 'train_mae_dbp': 10.07881169607081, 'val_mae': 92.56278534458109, 'val_mae_sbp': 64.5323173836486, 'val_mae_dbp': 28.03046820261707, 'lr': 1.9073486328125e-08}
{'epoch': 216, 'train_mae': 30.211693251080295, 'train_mae_sbp': 20.132402695331375, 'train_mae_dbp': 10.079290559962502, 'val_mae': 92.56285939151293, 'val_mae_sbp': 64.5323655115415, 'val_mae_dbp': 28.030493866907406, 'lr': 1.9073486328125e-08}
{'epoch': 217, 'train_mae': 30.21577177483133, 'train_mae_sbp': 20.13612876128027, 'train_mae_dbp': 10.079643014955591, 'val_mae': 92.56293406551832, 'val_mae_sbp': 64.53239098640337, 'val_mae_dbp': 28.03054305951889, 'lr': 1.9073486328125e-08}
{'epoch': 218, 'train_mae': 30.219017211397198, 'train_mae_sbp': 20.13712295903022, 'train_mae_dbp': 10.0818942383217, 'val_mae': 92.56301851141943, 'val_mae_sbp': 64.53243071412388, 'val_mae_dbp': 28.030587882211762, 'lr': 1.9073486328125e-08}
{'epoch': 219, 'train_mae': 30.204009223230106, 'train_mae_sbp': 20.125075108523923, 'train_mae_dbp': 10.078934125942405, 'val_mae': 92.56289777363817, 'val_mae_sbp': 64.53234581098165, 'val_mae_dbp': 28.030551812420153, 'lr': 1.9073486328125e-08}
{'epoch': 220, 'train_mae': 30.208225553622125, 'train_mae_sbp': 20.130781713044698, 'train_mae_dbp': 10.077443832150264, 'val_mae': 92.56295376607817, 'val_mae_sbp': 64.53239801485245, 'val_mae_dbp': 28.03055571856564, 'lr': 1.9073486328125e-08}
{'epoch': 221, 'train_mae': 30.207195790421455, 'train_mae_sbp': 20.128979937141878, 'train_mae_dbp': 10.07821583782977, 'val_mae': 92.56296523629803, 'val_mae_sbp': 64.53237230483799, 'val_mae_dbp': 28.030592951056075, 'lr': 1.9073486328125e-08}
{'epoch': 222, 'train_mae': 30.211971681844854, 'train_mae_sbp': 20.132523858318976, 'train_mae_dbp': 10.079447857234545, 'val_mae': 92.56297884901909, 'val_mae_sbp': 64.53238706719385, 'val_mae_dbp': 28.030591533608632, 'lr': 1.9073486328125e-08}
{'epoch': 223, 'train_mae': 30.21891602922083, 'train_mae_sbp': 20.138003800157595, 'train_mae_dbp': 10.080912233276816, 'val_mae': 92.56293670445272, 'val_mae_sbp': 64.53233055219259, 'val_mae_dbp': 28.030606015087805, 'lr': 1.9073486328125e-08}
{'epoch': 224, 'train_mae': 30.205320911660287, 'train_mae_sbp': 20.12662707231884, 'train_mae_dbp': 10.078693851982194, 'val_mae': 92.56297184669808, 'val_mae_sbp': 64.53234596775003, 'val_mae_dbp': 28.030625989992323, 'lr': 1.9073486328125e-08}
{'epoch': 225, 'train_mae': 30.20358048271887, 'train_mae_sbp': 20.123606177598283, 'train_mae_dbp': 10.079974295288896, 'val_mae': 92.5629814095693, 'val_mae_sbp': 64.53232190380358, 'val_mae_dbp': 28.030659296741224, 'lr': 1.9073486328125e-08}
{'epoch': 226, 'train_mae': 30.21239216092409, 'train_mae_sbp': 20.132387748347465, 'train_mae_dbp': 10.080004406958512, 'val_mae': 92.56292392782969, 'val_mae_sbp': 64.53229418192824, 'val_mae_dbp': 28.030629301724368, 'lr': 1.9073486328125e-08}
{'epoch': 227, 'train_mae': 30.209251886966126, 'train_mae_sbp': 20.129854491603215, 'train_mae_dbp': 10.079397406599131, 'val_mae': 92.56293740991043, 'val_mae_sbp': 64.5323292849815, 'val_mae_dbp': 28.03060831435739, 'lr': 1.9073486328125e-08}
{'epoch': 228, 'train_mae': 30.203054079777715, 'train_mae_sbp': 20.125953755779012, 'train_mae_dbp': 10.077100308548895, 'val_mae': 92.56290963577898, 'val_mae_sbp': 64.53231697866362, 'val_mae_dbp': 28.030592970652123, 'lr': 1.9073486328125e-08}
{'epoch': 229, 'train_mae': 30.20543013616233, 'train_mae_sbp': 20.12783190147164, 'train_mae_dbp': 10.077598276826524, 'val_mae': 92.562803425201, 'val_mae_sbp': 64.53223957427561, 'val_mae_dbp': 28.03056419059022, 'lr': 1.9073486328125e-08}
{'epoch': 230, 'train_mae': 30.212810058481388, 'train_mae_sbp': 20.132776973876055, 'train_mae_dbp': 10.080033083200806, 'val_mae': 92.56275119520214, 'val_mae_sbp': 64.53217567809641, 'val_mae_dbp': 28.030575412593475, 'lr': 1.9073486328125e-08}
{'epoch': 231, 'train_mae': 30.218130867330245, 'train_mae_sbp': 20.13695803376817, 'train_mae_dbp': 10.081172802662463, 'val_mae': 92.5627106705757, 'val_mae_sbp': 64.53215736232391, 'val_mae_dbp': 28.03055298165099, 'lr': 1.9073486328125e-08}
{'epoch': 232, 'train_mae': 30.21188566014061, 'train_mae_sbp': 20.133637367889, 'train_mae_dbp': 10.078248307701415, 'val_mae': 92.5626348730636, 'val_mae_sbp': 64.53210174874084, 'val_mae_dbp': 28.03053345745557, 'lr': 1.9073486328125e-08}
{'epoch': 233, 'train_mae': 30.210561305679523, 'train_mae_sbp': 20.132986647391004, 'train_mae_dbp': 10.077574662502103, 'val_mae': 92.5625611396685, 'val_mae_sbp': 64.53207274659039, 'val_mae_dbp': 28.030488863383255, 'lr': 1.9073486328125e-08}
{'epoch': 234, 'train_mae': 30.211368970913107, 'train_mae_sbp': 20.133238737642852, 'train_mae_dbp': 10.078130224843088, 'val_mae': 92.56261525088793, 'val_mae_sbp': 64.53209869175741, 'val_mae_dbp': 28.030516454618272, 'lr': 1.9073486328125e-08}
{'epoch': 235, 'train_mae': 30.213083034060315, 'train_mae_sbp': 20.13302169878458, 'train_mae_dbp': 10.080061339489315, 'val_mae': 92.5627022312112, 'val_mae_sbp': 64.53219557461674, 'val_mae_dbp': 28.030506480230045, 'lr': 1.9073486328125e-08}
{'epoch': 236, 'train_mae': 30.211934790519972, 'train_mae_sbp': 20.132249447312727, 'train_mae_dbp': 10.07968536427516, 'val_mae': 92.56262510116787, 'val_mae_sbp': 64.53213460478064, 'val_mae_dbp': 28.030490613963504, 'lr': 1.9073486328125e-08}
{'epoch': 237, 'train_mae': 30.21137590085284, 'train_mae_sbp': 20.132321901279276, 'train_mae_dbp': 10.079053943392454, 'val_mae': 92.56267440482361, 'val_mae_sbp': 64.53221219206509, 'val_mae_dbp': 28.03046232380279, 'lr': 1.9073486328125e-08}
{'epoch': 238, 'train_mae': 30.20984714828289, 'train_mae_sbp': 20.13036818356858, 'train_mae_dbp': 10.079478947859975, 'val_mae': 92.56269141419293, 'val_mae_sbp': 64.53223795433567, 'val_mae_dbp': 28.03045347945331, 'lr': 1.9073486328125e-08}
{'epoch': 239, 'train_mae': 30.203969955444336, 'train_mae_sbp': 20.12710969894027, 'train_mae_dbp': 10.076860267740287, 'val_mae': 92.56269585596372, 'val_mae_sbp': 64.53224700770966, 'val_mae_dbp': 28.030448730677776, 'lr': 1.9073486328125e-08}
{'epoch': 240, 'train_mae': 30.206805073284436, 'train_mae_sbp': 20.12871238303992, 'train_mae_dbp': 10.07809268743546, 'val_mae': 92.56269227641903, 'val_mae_sbp': 64.53224490440056, 'val_mae_dbp': 28.03044736548646, 'lr': 1.9073486328125e-08}
{'epoch': 241, 'train_mae': 30.198579408985527, 'train_mae_sbp': 20.123385840908945, 'train_mae_dbp': 10.075193572290164, 'val_mae': 92.56264947865107, 'val_mae_sbp': 64.532238503025, 'val_mae_dbp': 28.030411138926468, 'lr': 1.9073486328125e-08}
{'epoch': 242, 'train_mae': 30.208613422376946, 'train_mae_sbp': 20.131214863772946, 'train_mae_dbp': 10.07739853894061, 'val_mae': 92.5627267654628, 'val_mae_sbp': 64.5322828423487, 'val_mae_dbp': 28.030444073350463, 'lr': 1.9073486328125e-08}
{'epoch': 243, 'train_mae': 30.217050465287446, 'train_mae_sbp': 20.13539442924758, 'train_mae_dbp': 10.08165600935384, 'val_mae': 92.56287658377869, 'val_mae_sbp': 64.53237005782454, 'val_mae_dbp': 28.030506447569966, 'lr': 1.9073486328125e-08}
{'epoch': 244, 'train_mae': 30.216663495430364, 'train_mae_sbp': 20.13672808168212, 'train_mae_dbp': 10.079935432007106, 'val_mae': 92.56295935748375, 'val_mae_sbp': 64.53240926298376, 'val_mae_dbp': 28.03055015328812, 'lr': 1.9073486328125e-08}
{'epoch': 245, 'train_mae': 30.208660448773795, 'train_mae_sbp': 20.128104270294592, 'train_mae_dbp': 10.080556199547118, 'val_mae': 92.56304278439039, 'val_mae_sbp': 64.53244227579195, 'val_mae_dbp': 28.030600489002385, 'lr': 1.9073486328125e-08}
{'epoch': 246, 'train_mae': 30.21520931766381, 'train_mae_sbp': 20.13372367049879, 'train_mae_dbp': 10.081485664019352, 'val_mae': 92.56309480536474, 'val_mae_sbp': 64.53247817575115, 'val_mae_dbp': 28.030616211564574, 'lr': 1.9073486328125e-08}
{'epoch': 247, 'train_mae': 30.206386675715272, 'train_mae_sbp': 20.127982652240018, 'train_mae_dbp': 10.078403992575645, 'val_mae': 92.56302167291511, 'val_mae_sbp': 64.53243843496662, 'val_mae_dbp': 28.030583133436227, 'lr': 1.9073486328125e-08}
{'epoch': 248, 'train_mae': 30.209860988498964, 'train_mae_sbp': 20.129364645709344, 'train_mae_dbp': 10.080496358239422, 'val_mae': 92.56305253015806, 'val_mae_sbp': 64.53244900376829, 'val_mae_dbp': 28.030603931374745, 'lr': 1.9073486328125e-08}
{'epoch': 249, 'train_mae': 30.21643965865797, 'train_mae_sbp': 20.135179870785247, 'train_mae_dbp': 10.081259807536107, 'val_mae': 92.56309099066748, 'val_mae_sbp': 64.53246650957081, 'val_mae_dbp': 28.03062469012117, 'lr': 1.9073486328125e-08}
{'epoch': 250, 'train_mae': 30.204287620286, 'train_mae_sbp': 20.12565126545475, 'train_mae_dbp': 10.078636353426724, 'val_mae': 92.56302292706215, 'val_mae_sbp': 64.5324290811199, 'val_mae_dbp': 28.03059406149877, 'lr': 1.9073486328125e-08}
{'epoch': 251, 'train_mae': 30.217275417254847, 'train_mae_sbp': 20.13529439035677, 'train_mae_dbp': 10.081981059202214, 'val_mae': 92.56310536110237, 'val_mae_sbp': 64.53249668748411, 'val_mae_dbp': 28.03060860176609, 'lr': 1.9073486328125e-08}
{'epoch': 252, 'train_mae': 30.21568335700281, 'train_mae_sbp': 20.13555301166248, 'train_mae_dbp': 10.080130315845247, 'val_mae': 92.56309038972202, 'val_mae_sbp': 64.53248601417019, 'val_mae_dbp': 28.030604480064078, 'lr': 1.9073486328125e-08}
{'epoch': 253, 'train_mae': 30.209726417889826, 'train_mae_sbp': 20.128230635652837, 'train_mae_dbp': 10.081495740101158, 'val_mae': 92.56306096952255, 'val_mae_sbp': 64.53245195623947, 'val_mae_dbp': 28.030609130859375, 'lr': 1.9073486328125e-08}
{'epoch': 254, 'train_mae': 30.213869061139967, 'train_mae_sbp': 20.133173227661313, 'train_mae_dbp': 10.080695837692238, 'val_mae': 92.56310818293323, 'val_mae_sbp': 64.53245233509638, 'val_mae_dbp': 28.030656024201274, 'lr': 1.9073486328125e-08}
{'epoch': 255, 'train_mae': 30.208365082214087, 'train_mae_sbp': 20.128435148932972, 'train_mae_dbp': 10.079929930472058, 'val_mae': 92.56321611796339, 'val_mae_sbp': 64.53252614687567, 'val_mae_dbp': 28.030689742467175, 'lr': 1.9073486328125e-08}
{'epoch': 256, 'train_mae': 30.203226263638975, 'train_mae_sbp': 20.126820071280793, 'train_mae_dbp': 10.076406168481212, 'val_mae': 92.56314878594385, 'val_mae_sbp': 64.53247911636143, 'val_mae_dbp': 28.030669519346056, 'lr': 1.9073486328125e-08}
{'epoch': 257, 'train_mae': 30.212635838054943, 'train_mae_sbp': 20.132353601469735, 'train_mae_dbp': 10.080282235180682, 'val_mae': 92.56314907335255, 'val_mae_sbp': 64.53249804614342, 'val_mae_dbp': 28.030651001081075, 'lr': 1.9073486328125e-08}
{'epoch': 258, 'train_mae': 30.213652696455, 'train_mae_sbp': 20.13121142548911, 'train_mae_dbp': 10.082441255516086, 'val_mae': 92.56315824430283, 'val_mae_sbp': 64.53250048911735, 'val_mae_dbp': 28.030657859697733, 'lr': 1.9073486328125e-08}
{'epoch': 259, 'train_mae': 30.216608665477544, 'train_mae_sbp': 20.13351584815136, 'train_mae_dbp': 10.083092803280906, 'val_mae': 92.5633125827737, 'val_mae_sbp': 64.53263013656826, 'val_mae_dbp': 28.030682433141422, 'lr': 1.9073486328125e-08}
{'epoch': 260, 'train_mae': 30.213087680237987, 'train_mae_sbp': 20.136061240015042, 'train_mae_dbp': 10.077026430391246, 'val_mae': 92.56328823141855, 'val_mae_sbp': 64.53259554301222, 'val_mae_dbp': 28.03069270147036, 'lr': 1.9073486328125e-08}
{'epoch': 261, 'train_mae': 30.219070844692403, 'train_mae_sbp': 20.137648583863022, 'train_mae_dbp': 10.08142227908824, 'val_mae': 92.56333236171774, 'val_mae_sbp': 64.53262556415714, 'val_mae_dbp': 28.0307067975606, 'lr': 1.9073486328125e-08}
{'epoch': 262, 'train_mae': 30.209338852512996, 'train_mae_sbp': 20.131993859786874, 'train_mae_dbp': 10.077344975871787, 'val_mae': 92.56333641156759, 'val_mae_sbp': 64.53260637309454, 'val_mae_dbp': 28.030729751064353, 'lr': 1.9073486328125e-08}
{'epoch': 263, 'train_mae': 30.21650480627136, 'train_mae_sbp': 20.13418094539502, 'train_mae_dbp': 10.082323842617479, 'val_mae': 92.5632998584068, 'val_mae_sbp': 64.53258032341526, 'val_mae_dbp': 28.030719417415252, 'lr': 1.9073486328125e-08}
{'epoch': 264, 'train_mae': 30.208869970599753, 'train_mae_sbp': 20.131678579833267, 'train_mae_dbp': 10.077191396384597, 'val_mae': 92.56325248822775, 'val_mae_sbp': 64.53252716587015, 'val_mae_dbp': 28.03072533542163, 'lr': 1.9073486328125e-08}
{'epoch': 265, 'train_mae': 30.20342225705401, 'train_mae_sbp': 20.12376199028453, 'train_mae_dbp': 10.079660255533256, 'val_mae': 92.56328206519558, 'val_mae_sbp': 64.53253790450422, 'val_mae_dbp': 28.0307440561791, 'lr': 1.9073486328125e-08}
{'epoch': 266, 'train_mae': 30.20600021991533, 'train_mae_sbp': 20.129827954456626, 'train_mae_dbp': 10.076172278099452, 'val_mae': 92.56335031169735, 'val_mae_sbp': 64.53255832358582, 'val_mae_dbp': 28.030791733362904, 'lr': 1.9073486328125e-08}
{'epoch': 267, 'train_mae': 30.21732566002016, 'train_mae_sbp': 20.13547158557291, 'train_mae_dbp': 10.081854094110637, 'val_mae': 92.56331901027731, 'val_mae_sbp': 64.53256216441115, 'val_mae_dbp': 28.030756858930197, 'lr': 1.9073486328125e-08}
{'epoch': 268, 'train_mae': 30.21101519004586, 'train_mae_sbp': 20.130548685042953, 'train_mae_dbp': 10.08046645303538, 'val_mae': 92.56320736506214, 'val_mae_sbp': 64.5324911613987, 'val_mae_dbp': 28.030716438816018, 'lr': 1.9073486328125e-08}
{'epoch': 269, 'train_mae': 30.206548808776226, 'train_mae_sbp': 20.130689873786668, 'train_mae_dbp': 10.075858919539753, 'val_mae': 92.56309548469439, 'val_mae_sbp': 64.5324021953426, 'val_mae_dbp': 28.030693348139934, 'lr': 1.9073486328125e-08}
{'epoch': 270, 'train_mae': 30.21537297604186, 'train_mae_sbp': 20.136089243488566, 'train_mae_dbp': 10.079283739575933, 'val_mae': 92.5631405294758, 'val_mae_sbp': 64.53241510260595, 'val_mae_dbp': 28.03072566202242, 'lr': 1.9073486328125e-08}
{'epoch': 271, 'train_mae': 30.218790113311453, 'train_mae_sbp': 20.137183044725735, 'train_mae_dbp': 10.08160704892233, 'val_mae': 92.56309752268334, 'val_mae_sbp': 64.53239097333935, 'val_mae_dbp': 28.030706314191427, 'lr': 1.9073486328125e-08}
{'epoch': 272, 'train_mae': 30.21585988647281, 'train_mae_sbp': 20.13586641797612, 'train_mae_dbp': 10.07999350501441, 'val_mae': 92.56305819994783, 'val_mae_sbp': 64.53237233096606, 'val_mae_dbp': 28.030685836321688, 'lr': 1.9073486328125e-08}
{'epoch': 273, 'train_mae': 30.205397191560323, 'train_mae_sbp': 20.127801875478212, 'train_mae_dbp': 10.077595295014191, 'val_mae': 92.56302512181948, 'val_mae_sbp': 64.53238988902471, 'val_mae_dbp': 28.030634873533902, 'lr': 1.9073486328125e-08}
{'epoch': 274, 'train_mae': 30.209676967278146, 'train_mae_sbp': 20.129148873735073, 'train_mae_dbp': 10.080528073879686, 'val_mae': 92.5631696361385, 'val_mae_sbp': 64.53250949023521, 'val_mae_dbp': 28.030660224287477, 'lr': 1.9073486328125e-08}
{'epoch': 275, 'train_mae': 30.20989579550472, 'train_mae_sbp': 20.12873688362133, 'train_mae_dbp': 10.08115891328792, 'val_mae': 92.56310585753559, 'val_mae_sbp': 64.53246661408306, 'val_mae_dbp': 28.030639106280184, 'lr': 1.9073486328125e-08}
{'epoch': 276, 'train_mae': 30.203460103457736, 'train_mae_sbp': 20.124715703927716, 'train_mae_dbp': 10.078744395316438, 'val_mae': 92.56309386475445, 'val_mae_sbp': 64.53244469263782, 'val_mae_dbp': 28.030649296224933, 'lr': 1.9073486328125e-08}
{'epoch': 277, 'train_mae': 30.213772730202315, 'train_mae_sbp': 20.131900197451877, 'train_mae_dbp': 10.081872511682525, 'val_mae': 92.56320984722817, 'val_mae_sbp': 64.53247297626652, 'val_mae_dbp': 28.030736844833584, 'lr': 1.9073486328125e-08}
{'epoch': 278, 'train_mae': 30.20620382867962, 'train_mae_sbp': 20.128158080560294, 'train_mae_dbp': 10.078045749523854, 'val_mae': 92.56316260768942, 'val_mae_sbp': 64.53244356913109, 'val_mae_dbp': 28.030718692361493, 'lr': 1.9073486328125e-08}
{'epoch': 279, 'train_mae': 30.214184074233312, 'train_mae_sbp': 20.136587780599918, 'train_mae_dbp': 10.077596285206228, 'val_mae': 92.56314128718964, 'val_mae_sbp': 64.53244663917854, 'val_mae_dbp': 28.030694726395282, 'lr': 1.9073486328125e-08}
{'epoch': 280, 'train_mae': 30.209704319050807, 'train_mae_sbp': 20.13176135426944, 'train_mae_dbp': 10.077942976017589, 'val_mae': 92.56298966603737, 'val_mae_sbp': 64.53232612348583, 'val_mae_dbp': 28.03066382342822, 'lr': 1.9073486328125e-08}
{'epoch': 281, 'train_mae': 30.221525742835606, 'train_mae_sbp': 20.138710771990453, 'train_mae_dbp': 10.082814998935705, 'val_mae': 92.56304241859749, 'val_mae_sbp': 64.53231687415136, 'val_mae_dbp': 28.03072527010147, 'lr': 1.9073486328125e-08}
{'epoch': 282, 'train_mae': 30.213514704416358, 'train_mae_sbp': 20.133899166236393, 'train_mae_dbp': 10.079615559247879, 'val_mae': 92.56303390084881, 'val_mae_sbp': 64.53233302129458, 'val_mae_dbp': 28.030701441307592, 'lr': 1.9073486328125e-08}
{'epoch': 283, 'train_mae': 30.219099966169985, 'train_mae_sbp': 20.137908224855853, 'train_mae_dbp': 10.081191737100548, 'val_mae': 92.56303042581636, 'val_mae_sbp': 64.5323483454038, 'val_mae_dbp': 28.03068228943707, 'lr': 1.9073486328125e-08}
{'epoch': 284, 'train_mae': 30.21568967737751, 'train_mae_sbp': 20.1342306544398, 'train_mae_dbp': 10.08145900046527, 'val_mae': 92.56301132620197, 'val_mae_sbp': 64.53233021252775, 'val_mae_dbp': 28.030680787073422, 'lr': 1.9073486328125e-08}
{'epoch': 285, 'train_mae': 30.215081404516027, 'train_mae_sbp': 20.134695800309327, 'train_mae_dbp': 10.080385597184058, 'val_mae': 92.56301832852299, 'val_mae_sbp': 64.53235090595402, 'val_mae_dbp': 28.030667605465407, 'lr': 1.9073486328125e-08}
{'epoch': 286, 'train_mae': 30.217960461601066, 'train_mae_sbp': 20.135426904737336, 'train_mae_dbp': 10.082533570909009, 'val_mae': 92.56306253720636, 'val_mae_sbp': 64.53236754953045, 'val_mae_dbp': 28.03069520323244, 'lr': 1.9073486328125e-08}
{'epoch': 287, 'train_mae': 30.209087388680505, 'train_mae_sbp': 20.130941646615256, 'train_mae_dbp': 10.078145779987498, 'val_mae': 92.56304375112873, 'val_mae_sbp': 64.5323402718322, 'val_mae_dbp': 28.030703766705237, 'lr': 1.9073486328125e-08}
{'epoch': 288, 'train_mae': 30.211996589739297, 'train_mae_sbp': 20.131787647028208, 'train_mae_dbp': 10.080208941306562, 'val_mae': 92.56299298430142, 'val_mae_sbp': 64.53229936834884, 'val_mae_dbp': 28.030693295883808, 'lr': 1.9073486328125e-08}
{'epoch': 289, 'train_mae': 30.20671155702032, 'train_mae_sbp': 20.12726205087024, 'train_mae_dbp': 10.079449466823302, 'val_mae': 92.5630175969372, 'val_mae_sbp': 64.53230502507458, 'val_mae_dbp': 28.03071289846342, 'lr': 1.9073486328125e-08}
{'epoch': 290, 'train_mae': 30.212418903131724, 'train_mae_sbp': 20.130667679439764, 'train_mae_dbp': 10.08175124897346, 'val_mae': 92.56303802908283, 'val_mae_sbp': 64.53231632546203, 'val_mae_dbp': 28.03072137702001, 'lr': 1.9073486328125e-08}
{'epoch': 291, 'train_mae': 30.211244417395612, 'train_mae_sbp': 20.132683305922946, 'train_mae_dbp': 10.078561143776804, 'val_mae': 92.56290728425327, 'val_mae_sbp': 64.53222185944858, 'val_mae_dbp': 28.030685601169115, 'lr': 1.9073486328125e-08}
{'epoch': 292, 'train_mae': 30.19927737217764, 'train_mae_sbp': 20.124257735194796, 'train_mae_dbp': 10.075019622235304, 'val_mae': 92.5630010840011, 'val_mae_sbp': 64.53227416783163, 'val_mae_dbp': 28.030727360346546, 'lr': 1.9073486328125e-08}
{'epoch': 293, 'train_mae': 30.204074640512818, 'train_mae_sbp': 20.12795828087516, 'train_mae_dbp': 10.076116396155378, 'val_mae': 92.56283909000763, 'val_mae_sbp': 64.53215192768671, 'val_mae_dbp': 28.030687325621304, 'lr': 1.9073486328125e-08}
{'epoch': 294, 'train_mae': 30.20534468469634, 'train_mae_sbp': 20.125680114453953, 'train_mae_dbp': 10.079664575860496, 'val_mae': 92.56286579288849, 'val_mae_sbp': 64.5321601972188, 'val_mae_dbp': 28.03070567405387, 'lr': 1.9073486328125e-08}
{'epoch': 295, 'train_mae': 30.2056699620782, 'train_mae_sbp': 20.126649873421716, 'train_mae_dbp': 10.07902008022932, 'val_mae': 92.56283747006769, 'val_mae_sbp': 64.53212340890545, 'val_mae_dbp': 28.030714093822322, 'lr': 1.9073486328125e-08}
{'epoch': 296, 'train_mae': 30.221727230763047, 'train_mae_sbp': 20.139757454131946, 'train_mae_dbp': 10.08196981595788, 'val_mae': 92.5628254511585, 'val_mae_sbp': 64.53213882446289, 'val_mae_dbp': 28.030686692015767, 'lr': 1.9073486328125e-08}
{'epoch': 297, 'train_mae': 30.211151842165062, 'train_mae_sbp': 20.13111223212398, 'train_mae_dbp': 10.08003963672711, 'val_mae': 92.56277698360077, 'val_mae_sbp': 64.53209068350596, 'val_mae_dbp': 28.030686744271893, 'lr': 1.9073486328125e-08}
{'epoch': 298, 'train_mae': 30.2119832804347, 'train_mae_sbp': 20.13139646358799, 'train_mae_dbp': 10.080586830891987, 'val_mae': 92.56269716236689, 'val_mae_sbp': 64.53203868865967, 'val_mae_dbp': 28.030658192830543, 'lr': 1.9073486328125e-08}
{'epoch': 299, 'train_mae': 30.21394763322923, 'train_mae_sbp': 20.13325672964284, 'train_mae_dbp': 10.080690854427916, 'val_mae': 92.56266076597448, 'val_mae_sbp': 64.53200711289497, 'val_mae_dbp': 28.030653293818645, 'lr': 1.9073486328125e-08}
{'epoch': 300, 'train_mae': 30.217792114909514, 'train_mae_sbp': 20.135273561210802, 'train_mae_dbp': 10.082518583193794, 'val_mae': 92.56271806481766, 'val_mae_sbp': 64.53208147336359, 'val_mae_dbp': 28.030636545729962, 'lr': 1.9073486328125e-08}
{'epoch': 301, 'train_mae': 30.211153277592384, 'train_mae_sbp': 20.132142295893583, 'train_mae_dbp': 10.079010985912385, 'val_mae': 92.56261888268875, 'val_mae_sbp': 64.53199634813282, 'val_mae_dbp': 28.03062237778755, 'lr': 1.9073486328125e-08}
{'epoch': 302, 'train_mae': 30.211914790045356, 'train_mae_sbp': 20.13252858876831, 'train_mae_dbp': 10.079386208299685, 'val_mae': 92.5626317899521, 'val_mae_sbp': 64.53200084215975, 'val_mae_dbp': 28.030630967388415, 'lr': 1.9073486328125e-08}
{'epoch': 303, 'train_mae': 30.215745296674907, 'train_mae_sbp': 20.13590480371849, 'train_mae_dbp': 10.079840514024333, 'val_mae': 92.5626579702717, 'val_mae_sbp': 64.53202109140892, 'val_mae_dbp': 28.0306368070106, 'lr': 1.9073486328125e-08}
{'epoch': 304, 'train_mae': 30.20743357977214, 'train_mae_sbp': 20.127451426150696, 'train_mae_dbp': 10.079982140980693, 'val_mae': 92.56263267830627, 'val_mae_sbp': 64.53199173652962, 'val_mae_dbp': 28.030640987500753, 'lr': 1.9073486328125e-08}
{'epoch': 305, 'train_mae': 30.218819220743754, 'train_mae_sbp': 20.13803221937132, 'train_mae_dbp': 10.08078703086752, 'val_mae': 92.56250859613289, 'val_mae_sbp': 64.53188634898565, 'val_mae_dbp': 28.03062228633933, 'lr': 1.9073486328125e-08}
{'epoch': 306, 'train_mae': 30.215394319244968, 'train_mae_sbp': 20.133487229494705, 'train_mae_dbp': 10.081907112222709, 'val_mae': 92.56242354928631, 'val_mae_sbp': 64.53182121172343, 'val_mae_dbp': 28.030602677227698, 'lr': 1.9073486328125e-08}
{'epoch': 307, 'train_mae': 30.21957956462967, 'train_mae_sbp': 20.138663405697898, 'train_mae_dbp': 10.080916175786104, 'val_mae': 92.56252142501204, 'val_mae_sbp': 64.531891025909, 'val_mae_dbp': 28.03063002677813, 'lr': 1.9073486328125e-08}
{'epoch': 308, 'train_mae': 30.214155756145583, 'train_mae_sbp': 20.132805033530683, 'train_mae_dbp': 10.081350681883597, 'val_mae': 92.56244599329283, 'val_mae_sbp': 64.53184991340115, 'val_mae_dbp': 28.03059589699523, 'lr': 1.9073486328125e-08}
{'epoch': 309, 'train_mae': 30.215797174310474, 'train_mae_sbp': 20.13342250604868, 'train_mae_dbp': 10.082374633148598, 'val_mae': 92.56240842113756, 'val_mae_sbp': 64.53182656797644, 'val_mae_dbp': 28.030582029525547, 'lr': 1.9073486328125e-08}
{'epoch': 310, 'train_mae': 30.209969771979306, 'train_mae_sbp': 20.132423139636753, 'train_mae_dbp': 10.077546652005944, 'val_mae': 92.56242064907126, 'val_mae_sbp': 64.53181405263405, 'val_mae_dbp': 28.030606367816663, 'lr': 1.9073486328125e-08}
{'epoch': 311, 'train_mae': 30.20904842989083, 'train_mae_sbp': 20.130941865721578, 'train_mae_dbp': 10.078106551528503, 'val_mae': 92.56246532805979, 'val_mae_sbp': 64.53181500630836, 'val_mae_dbp': 28.03065045892376, 'lr': 1.9073486328125e-08}
{'epoch': 312, 'train_mae': 30.205802906244248, 'train_mae_sbp': 20.13035183205696, 'train_mae_dbp': 10.075451071378232, 'val_mae': 92.5624766937674, 'val_mae_sbp': 64.53181379135341, 'val_mae_dbp': 28.030662601941252, 'lr': 1.9073486328125e-08}
{'epoch': 313, 'train_mae': 30.20439014519086, 'train_mae_sbp': 20.125468381901378, 'train_mae_dbp': 10.078921781548344, 'val_mae': 92.56252492617254, 'val_mae_sbp': 64.5317961287825, 'val_mae_dbp': 28.03072865368569, 'lr': 1.9073486328125e-08}
{'epoch': 314, 'train_mae': 30.209356709678325, 'train_mae_sbp': 20.130543409636868, 'train_mae_dbp': 10.07881331689579, 'val_mae': 92.56251732290607, 'val_mae_sbp': 64.53177122873802, 'val_mae_dbp': 28.03074610723208, 'lr': 1.9073486328125e-08}
{'epoch': 315, 'train_mae': 30.20408172214154, 'train_mae_sbp': 20.126404199052455, 'train_mae_dbp': 10.077677556797752, 'val_mae': 92.56249412118572, 'val_mae_sbp': 64.53173151408156, 'val_mae_dbp': 28.03076233275949, 'lr': 1.9073486328125e-08}
{'epoch': 316, 'train_mae': 30.217979880601213, 'train_mae_sbp': 20.138335805227197, 'train_mae_dbp': 10.079644073969485, 'val_mae': 92.56249276252642, 'val_mae_sbp': 64.53171713058262, 'val_mae_dbp': 28.030775533963556, 'lr': 1.9073486328125e-08}
{'epoch': 317, 'train_mae': 30.202122560481435, 'train_mae_sbp': 20.124753665502713, 'train_mae_dbp': 10.07736890200136, 'val_mae': 92.56253958401615, 'val_mae_sbp': 64.53172611863646, 'val_mae_dbp': 28.0308132236951, 'lr': 1.9073486328125e-08}
{'epoch': 318, 'train_mae': 30.215808593120773, 'train_mae_sbp': 20.134359112544335, 'train_mae_dbp': 10.081449477767382, 'val_mae': 92.56239441649555, 'val_mae_sbp': 64.53164355395592, 'val_mae_dbp': 28.03075114994833, 'lr': 1.9073486328125e-08}
{'epoch': 319, 'train_mae': 30.216696659138698, 'train_mae_sbp': 20.13502056363405, 'train_mae_dbp': 10.081676067414094, 'val_mae': 92.56240622638023, 'val_mae_sbp': 64.53165092206982, 'val_mae_dbp': 28.0307551736701, 'lr': 1.9073486328125e-08}
{'epoch': 320, 'train_mae': 30.211950352687023, 'train_mae_sbp': 20.133517252679074, 'train_mae_dbp': 10.07843307894003, 'val_mae': 92.5624621665641, 'val_mae_sbp': 64.53167708932537, 'val_mae_dbp': 28.030784953130436, 'lr': 1.9073486328125e-08}
{'epoch': 321, 'train_mae': 30.217946860154704, 'train_mae_sbp': 20.13501369268448, 'train_mae_dbp': 10.082933157638527, 'val_mae': 92.56257702553108, 'val_mae_sbp': 64.53173178842623, 'val_mae_dbp': 28.03084525016889, 'lr': 1.9073486328125e-08}
{'epoch': 322, 'train_mae': 30.209092782066918, 'train_mae_sbp': 20.130988102773856, 'train_mae_dbp': 10.078104698956452, 'val_mae': 92.56265888475392, 'val_mae_sbp': 64.53179138653898, 'val_mae_dbp': 28.030867504746947, 'lr': 1.9073486328125e-08}
{'epoch': 323, 'train_mae': 30.20669667183563, 'train_mae_sbp': 20.130168611416938, 'train_mae_dbp': 10.076528057609636, 'val_mae': 92.56262606790621, 'val_mae_sbp': 64.53176075138458, 'val_mae_dbp': 28.030865336117678, 'lr': 1.9073486328125e-08}
{'epoch': 324, 'train_mae': 30.208858624824895, 'train_mae_sbp': 20.130200252617232, 'train_mae_dbp': 10.078658377825775, 'val_mae': 92.56268070168692, 'val_mae_sbp': 64.53176703518385, 'val_mae_dbp': 28.03091368609912, 'lr': 1.9073486328125e-08}
{'epoch': 325, 'train_mae': 30.20659728745473, 'train_mae_sbp': 20.12862397082951, 'train_mae_dbp': 10.077973339097666, 'val_mae': 92.56268067555885, 'val_mae_sbp': 64.53175824309048, 'val_mae_dbp': 28.030922746005125, 'lr': 1.9073486328125e-08}
{'epoch': 326, 'train_mae': 30.21612828890951, 'train_mae_sbp': 20.137434393386954, 'train_mae_dbp': 10.078693888499917, 'val_mae': 92.56264072574982, 'val_mae_sbp': 64.53170601309162, 'val_mae_dbp': 28.030934830234475, 'lr': 1.9073486328125e-08}
{'epoch': 327, 'train_mae': 30.211623420771513, 'train_mae_sbp': 20.13157187786299, 'train_mae_dbp': 10.080051580830773, 'val_mae': 92.56254452222014, 'val_mae_sbp': 64.53166905494585, 'val_mae_dbp': 28.030875774279032, 'lr': 1.9073486328125e-08}
{'epoch': 328, 'train_mae': 30.2105997223215, 'train_mae_sbp': 20.131125740871514, 'train_mae_dbp': 10.079473981449986, 'val_mae': 92.5626147021986, 'val_mae_sbp': 64.53171289783634, 'val_mae_dbp': 28.030901477761464, 'lr': 1.9073486328125e-08}
{'epoch': 329, 'train_mae': 30.21505069030402, 'train_mae_sbp': 20.135828079987697, 'train_mae_dbp': 10.07922260750727, 'val_mae': 92.56262065939707, 'val_mae_sbp': 64.53172067093523, 'val_mae_dbp': 28.0309002562745, 'lr': 1.9073486328125e-08}
{'epoch': 330, 'train_mae': 30.21475902607936, 'train_mae_sbp': 20.134325277471753, 'train_mae_dbp': 10.080433744394025, 'val_mae': 92.56274215489218, 'val_mae_sbp': 64.53177271803764, 'val_mae_dbp': 28.03096981571145, 'lr': 1.9073486328125e-08}
{'epoch': 331, 'train_mae': 30.212390062559688, 'train_mae_sbp': 20.1329590147128, 'train_mae_dbp': 10.079431057678581, 'val_mae': 92.56277026868847, 'val_mae_sbp': 64.53180072732168, 'val_mae_dbp': 28.030969606686945, 'lr': 1.9073486328125e-08}
{'epoch': 332, 'train_mae': 30.215780819989796, 'train_mae_sbp': 20.13402301187192, 'train_mae_dbp': 10.0817578348039, 'val_mae': 92.56271080121603, 'val_mae_sbp': 64.5317546635458, 'val_mae_dbp': 28.030956131138215, 'lr': 1.9073486328125e-08}
{'epoch': 333, 'train_mae': 30.21617596419816, 'train_mae_sbp': 20.136720278126152, 'train_mae_dbp': 10.079455690285593, 'val_mae': 92.56269298187674, 'val_mae_sbp': 64.53172699392658, 'val_mae_dbp': 28.030966066334347, 'lr': 1.9073486328125e-08}
{'epoch': 334, 'train_mae': 30.204586155460227, 'train_mae_sbp': 20.125876838223398, 'train_mae_dbp': 10.078709291955333, 'val_mae': 92.5626963001408, 'val_mae_sbp': 64.53173061266337, 'val_mae_dbp': 28.030965543773075, 'lr': 1.9073486328125e-08}
{'epoch': 335, 'train_mae': 30.20645001429697, 'train_mae_sbp': 20.12847863591999, 'train_mae_dbp': 10.07797135871359, 'val_mae': 92.56265627194757, 'val_mae_sbp': 64.53171692155811, 'val_mae_dbp': 28.030939481029773, 'lr': 1.9073486328125e-08}
{'epoch': 336, 'train_mae': 30.220963718262617, 'train_mae_sbp': 20.13819606595608, 'train_mae_dbp': 10.082767663542757, 'val_mae': 92.56279992404049, 'val_mae_sbp': 64.53183364868164, 'val_mae_dbp': 28.030966183910632, 'lr': 1.9073486328125e-08}
{'epoch': 337, 'train_mae': 30.213651741376154, 'train_mae_sbp': 20.134327235383385, 'train_mae_dbp': 10.079324487733912, 'val_mae': 92.5627360670534, 'val_mae_sbp': 64.53177838782742, 'val_mae_dbp': 28.030957738014116, 'lr': 1.9073486328125e-08}
{'epoch': 338, 'train_mae': 30.217562443729, 'train_mae_sbp': 20.13617266400749, 'train_mae_dbp': 10.081389760058126, 'val_mae': 92.56277988381582, 'val_mae_sbp': 64.53181400037792, 'val_mae_dbp': 28.030966066334347, 'lr': 1.9073486328125e-08}
{'epoch': 339, 'train_mae': 30.2129797563286, 'train_mae_sbp': 20.13600387910329, 'train_mae_dbp': 10.076975894079643, 'val_mae': 92.56275817139507, 'val_mae_sbp': 64.5318279527638, 'val_mae_dbp': 28.030930277419415, 'lr': 1.9073486328125e-08}
{'epoch': 340, 'train_mae': 30.21299854610033, 'train_mae_sbp': 20.132739762318852, 'train_mae_dbp': 10.080258790804114, 'val_mae': 92.56270042837482, 'val_mae_sbp': 64.5318005705533, 'val_mae_dbp': 28.030899642265005, 'lr': 1.9073486328125e-08}
{'epoch': 341, 'train_mae': 30.21569048919453, 'train_mae_sbp': 20.135816065657647, 'train_mae_dbp': 10.07987442494141, 'val_mae': 92.56273256589289, 'val_mae_sbp': 64.53183908331884, 'val_mae_dbp': 28.030893417253886, 'lr': 1.9073486328125e-08}
{'epoch': 342, 'train_mae': 30.209300947119104, 'train_mae_sbp': 20.130806137781608, 'train_mae_dbp': 10.078494802314859, 'val_mae': 92.56266758539905, 'val_mae_sbp': 64.53178242461323, 'val_mae_dbp': 28.03088519344591, 'lr': 1.9073486328125e-08}
{'epoch': 343, 'train_mae': 30.204728765585987, 'train_mae_sbp': 20.127163787302457, 'train_mae_dbp': 10.077564967047309, 'val_mae': 92.56261365707607, 'val_mae_sbp': 64.53174982985405, 'val_mae_dbp': 28.030863637793555, 'lr': 1.9073486328125e-08}
{'epoch': 344, 'train_mae': 30.208296153612096, 'train_mae_sbp': 20.130439800436612, 'train_mae_dbp': 10.07785635458001, 'val_mae': 92.56263382794106, 'val_mae_sbp': 64.53176606844549, 'val_mae_dbp': 28.030868229800706, 'lr': 1.9073486328125e-08}
{'epoch': 345, 'train_mae': 30.212508947403336, 'train_mae_sbp': 20.133607299759742, 'train_mae_dbp': 10.078901613934928, 'val_mae': 92.56264707486923, 'val_mae_sbp': 64.53176115636956, 'val_mae_dbp': 28.030885774795323, 'lr': 1.9073486328125e-08}
{'epoch': 346, 'train_mae': 30.20743344493748, 'train_mae_sbp': 20.12786394998497, 'train_mae_dbp': 10.07956950759326, 'val_mae': 92.56270071578352, 'val_mae_sbp': 64.5318059268063, 'val_mae_dbp': 28.03089495880963, 'lr': 1.9073486328125e-08}
{'epoch': 347, 'train_mae': 30.218424003499948, 'train_mae_sbp': 20.137921208310022, 'train_mae_dbp': 10.08050283592123, 'val_mae': 92.56277664393595, 'val_mae_sbp': 64.53183268194329, 'val_mae_dbp': 28.030943896672497, 'lr': 1.9073486328125e-08}
{'epoch': 348, 'train_mae': 30.211608367043496, 'train_mae_sbp': 20.132320780466163, 'train_mae_dbp': 10.079287580959225, 'val_mae': 92.56263288733078, 'val_mae_sbp': 64.53171923389174, 'val_mae_dbp': 28.030913908187657, 'lr': 1.9073486328125e-08}
{'epoch': 349, 'train_mae': 30.20747896287157, 'train_mae_sbp': 20.12888968780922, 'train_mae_dbp': 10.078589270848765, 'val_mae': 92.56275143035471, 'val_mae_sbp': 64.53179923802206, 'val_mae_dbp': 28.030952479741345, 'lr': 1.9073486328125e-08}
{'epoch': 350, 'train_mae': 30.209782927657788, 'train_mae_sbp': 20.131522390733586, 'train_mae_dbp': 10.078260591700783, 'val_mae': 92.56276504307577, 'val_mae_sbp': 64.531824739012, 'val_mae_dbp': 28.030940166891437, 'lr': 1.9073486328125e-08}
{'epoch': 351, 'train_mae': 30.21053795119273, 'train_mae_sbp': 20.128010037721346, 'train_mae_dbp': 10.082527941561938, 'val_mae': 92.56283872421474, 'val_mae_sbp': 64.53188825633428, 'val_mae_dbp': 28.030950474412474, 'lr': 1.9073486328125e-08}
{'epoch': 352, 'train_mae': 30.205867272940228, 'train_mae_sbp': 20.12520896001487, 'train_mae_dbp': 10.080658325566107, 'val_mae': 92.56283396890719, 'val_mae_sbp': 64.53188823020622, 'val_mae_dbp': 28.030945921597414, 'lr': 1.9073486328125e-08}
{'epoch': 353, 'train_mae': 30.21765355825073, 'train_mae_sbp': 20.137520645433742, 'train_mae_dbp': 10.080132901580766, 'val_mae': 92.56281115910778, 'val_mae_sbp': 64.53188342264254, 'val_mae_dbp': 28.030927658081055, 'lr': 1.9073486328125e-08}
{'epoch': 354, 'train_mae': 30.213987266192206, 'train_mae_sbp': 20.13299828249857, 'train_mae_dbp': 10.080988934535165, 'val_mae': 92.56268556150671, 'val_mae_sbp': 64.53178184979582, 'val_mae_dbp': 28.03090365292275, 'lr': 1.9073486328125e-08}
{'epoch': 355, 'train_mae': 30.208929179869976, 'train_mae_sbp': 20.127088192811946, 'train_mae_dbp': 10.081841006721419, 'val_mae': 92.56266552128204, 'val_mae_sbp': 64.53179550170898, 'val_mae_dbp': 28.030870339641833, 'lr': 1.9073486328125e-08}
{'epoch': 356, 'train_mae': 30.21517904728256, 'train_mae_sbp': 20.13395871259327, 'train_mae_dbp': 10.08122034171193, 'val_mae': 92.5626351604723, 'val_mae_sbp': 64.5317630245261, 'val_mae_dbp': 28.03087224045845, 'lr': 1.9073486328125e-08}
{'epoch': 357, 'train_mae': 30.21555920518024, 'train_mae_sbp': 20.1346062925673, 'train_mae_dbp': 10.080952946321602, 'val_mae': 92.56274139717834, 'val_mae_sbp': 64.53182769148317, 'val_mae_dbp': 28.030913757951293, 'lr': 1.9073486328125e-08}
{'epoch': 358, 'train_mae': 30.208148150099923, 'train_mae_sbp': 20.127256514222, 'train_mae_dbp': 10.080891631664338, 'val_mae': 92.56276305734295, 'val_mae_sbp': 64.53179653376749, 'val_mae_dbp': 28.03096628189087, 'lr': 1.9073486328125e-08}
{'epoch': 359, 'train_mae': 30.216438658634235, 'train_mae_sbp': 20.13476885541374, 'train_mae_dbp': 10.081669810243138, 'val_mae': 92.56274975815865, 'val_mae_sbp': 64.53174120759311, 'val_mae_dbp': 28.031008439521266, 'lr': 1.9073486328125e-08}
{'epoch': 360, 'train_mae': 30.215558356845502, 'train_mae_sbp': 20.135081129678042, 'train_mae_dbp': 10.080477211717653, 'val_mae': 92.56266902244255, 'val_mae_sbp': 64.53169652860458, 'val_mae_dbp': 28.030972500369973, 'lr': 1.9073486328125e-08}
{'epoch': 361, 'train_mae': 30.213675786890583, 'train_mae_sbp': 20.133453621955613, 'train_mae_dbp': 10.08022220145269, 'val_mae': 92.56264161410397, 'val_mae_sbp': 64.5316914728243, 'val_mae_dbp': 28.030950121683617, 'lr': 1.9073486328125e-08}
{'epoch': 362, 'train_mae': 30.21637907575964, 'train_mae_sbp': 20.1367076654673, 'train_mae_dbp': 10.079671413101398, 'val_mae': 92.56258954087349, 'val_mae_sbp': 64.5316278640538, 'val_mae_dbp': 28.030961702947746, 'lr': 1.9073486328125e-08}
{'epoch': 363, 'train_mae': 30.208268445089395, 'train_mae_sbp': 20.129547473081608, 'train_mae_dbp': 10.078720994480229, 'val_mae': 92.56252793089985, 'val_mae_sbp': 64.53159487737368, 'val_mae_dbp': 28.03093326255067, 'lr': 1.9073486328125e-08}
{'epoch': 364, 'train_mae': 30.212749750870493, 'train_mae_sbp': 20.132365598945448, 'train_mae_dbp': 10.080384142093349, 'val_mae': 92.56253704959398, 'val_mae_sbp': 64.53160411364412, 'val_mae_dbp': 28.03093297514197, 'lr': 1.9073486328125e-08}
{'epoch': 365, 'train_mae': 30.221697022181022, 'train_mae_sbp': 20.138936709936306, 'train_mae_dbp': 10.082760329099045, 'val_mae': 92.5624855511809, 'val_mae_sbp': 64.53155850710934, 'val_mae_dbp': 28.03092725309607, 'lr': 1.9073486328125e-08}
{'epoch': 366, 'train_mae': 30.207725142870807, 'train_mae_sbp': 20.127804398009985, 'train_mae_dbp': 10.079920730815545, 'val_mae': 92.56244677713472, 'val_mae_sbp': 64.5315339075376, 'val_mae_dbp': 28.030912523400293, 'lr': 1.9073486328125e-08}
{'epoch': 367, 'train_mae': 30.21497085975793, 'train_mae_sbp': 20.134494938801243, 'train_mae_dbp': 10.080475877416328, 'val_mae': 92.56239363265364, 'val_mae_sbp': 64.53149621780605, 'val_mae_dbp': 28.030897271143246, 'lr': 1.9073486328125e-08}
{'epoch': 368, 'train_mae': 30.216338237711888, 'train_mae_sbp': 20.13616315535488, 'train_mae_dbp': 10.080175079547955, 'val_mae': 92.56242046617481, 'val_mae_sbp': 64.53152392661735, 'val_mae_dbp': 28.030896500365376, 'lr': 1.9073486328125e-08}
{'epoch': 369, 'train_mae': 30.21335041680989, 'train_mae_sbp': 20.134573752469272, 'train_mae_dbp': 10.07877667557684, 'val_mae': 92.56245874378779, 'val_mae_sbp': 64.5315409882428, 'val_mae_dbp': 28.030917912313384, 'lr': 1.9073486328125e-08}
{'epoch': 370, 'train_mae': 30.214122730080966, 'train_mae_sbp': 20.133928256814364, 'train_mae_dbp': 10.080194459221325, 'val_mae': 92.56241991748549, 'val_mae_sbp': 64.53155900354255, 'val_mae_dbp': 28.030860979263096, 'lr': 1.9073486328125e-08}
{'epoch': 371, 'train_mae': 30.20481234060296, 'train_mae_sbp': 20.128162830673016, 'train_mae_dbp': 10.076649539425025, 'val_mae': 92.5624626629973, 'val_mae_sbp': 64.53160804591766, 'val_mae_dbp': 28.030854238222723, 'lr': 1.9073486328125e-08}
{'epoch': 372, 'train_mae': 30.20836499794242, 'train_mae_sbp': 20.131594900881243, 'train_mae_dbp': 10.076770125151734, 'val_mae': 92.562304849494, 'val_mae_sbp': 64.53152374372091, 'val_mae_dbp': 28.030781256009455, 'lr': 1.9073486328125e-08}
{'epoch': 373, 'train_mae': 30.208984127803124, 'train_mae_sbp': 20.130136138736237, 'train_mae_dbp': 10.078847996089525, 'val_mae': 92.5623403836603, 'val_mae_sbp': 64.5315738050905, 'val_mae_dbp': 28.030766565505772, 'lr': 1.9073486328125e-08}
{'epoch': 374, 'train_mae': 30.213533016648665, 'train_mae_sbp': 20.13503055825325, 'train_mae_dbp': 10.078502445754667, 'val_mae': 92.56231368077944, 'val_mae_sbp': 64.53154859150926, 'val_mae_dbp': 28.03076474960536, 'lr': 1.9073486328125e-08}
{'epoch': 375, 'train_mae': 30.202556511790483, 'train_mae_sbp': 20.124706060440445, 'train_mae_dbp': 10.077850496294923, 'val_mae': 92.56236964709139, 'val_mae_sbp': 64.53156220423033, 'val_mae_dbp': 28.03080707706817, 'lr': 1.9073486328125e-08}
{'epoch': 376, 'train_mae': 30.2142193643966, 'train_mae_sbp': 20.135142319332342, 'train_mae_dbp': 10.0790770268054, 'val_mae': 92.56235700110867, 'val_mae_sbp': 64.53158326344948, 'val_mae_dbp': 28.03077399893983, 'lr': 1.9073486328125e-08}
{'epoch': 377, 'train_mae': 30.21573817291035, 'train_mae_sbp': 20.134267649699733, 'train_mae_dbp': 10.081470537255896, 'val_mae': 92.5623466805236, 'val_mae_sbp': 64.53161059340385, 'val_mae_dbp': 28.03073555149444, 'lr': 1.9073486328125e-08}
{'epoch': 378, 'train_mae': 30.204371068895476, 'train_mae_sbp': 20.12743400438896, 'train_mae_dbp': 10.076937068720103, 'val_mae': 92.56231044089958, 'val_mae_sbp': 64.53158044161862, 'val_mae_dbp': 28.03073010379321, 'lr': 1.9073486328125e-08}
{'epoch': 379, 'train_mae': 30.22032452050997, 'train_mae_sbp': 20.13879986399228, 'train_mae_dbp': 10.08152462702261, 'val_mae': 92.56231765224508, 'val_mae_sbp': 64.53155295489586, 'val_mae_dbp': 28.030764566708918, 'lr': 1.9073486328125e-08}
{'epoch': 380, 'train_mae': 30.202903261592006, 'train_mae_sbp': 20.126455492404492, 'train_mae_dbp': 10.07644773969243, 'val_mae': 92.56221086684971, 'val_mae_sbp': 64.53148432953716, 'val_mae_dbp': 28.030726413204246, 'lr': 1.9073486328125e-08}
{'epoch': 381, 'train_mae': 30.202760626184748, 'train_mae_sbp': 20.12518862526266, 'train_mae_dbp': 10.077571979854174, 'val_mae': 92.56237228602579, 'val_mae_sbp': 64.53161964677784, 'val_mae_dbp': 28.03075254126771, 'lr': 1.9073486328125e-08}
{'epoch': 382, 'train_mae': 30.216658784644416, 'train_mae_sbp': 20.136590794716387, 'train_mae_dbp': 10.080068050322723, 'val_mae': 92.56241100781584, 'val_mae_sbp': 64.53165570350542, 'val_mae_dbp': 28.030755297778406, 'lr': 1.9073486328125e-08}
{'epoch': 383, 'train_mae': 30.211567669448517, 'train_mae_sbp': 20.13149181978341, 'train_mae_dbp': 10.080075881969243, 'val_mae': 92.56246227107636, 'val_mae_sbp': 64.53166777467075, 'val_mae_dbp': 28.03079415674079, 'lr': 1.9073486328125e-08}
{'epoch': 384, 'train_mae': 30.212036332255437, 'train_mae_sbp': 20.13182000734669, 'train_mae_dbp': 10.080216294009134, 'val_mae': 92.56254381676243, 'val_mae_sbp': 64.53171177432962, 'val_mae_dbp': 28.03083212734902, 'lr': 1.9073486328125e-08}
{'epoch': 385, 'train_mae': 30.20413409136181, 'train_mae_sbp': 20.127193462163955, 'train_mae_dbp': 10.076940623579741, 'val_mae': 92.56253326102478, 'val_mae_sbp': 64.5316985143374, 'val_mae_dbp': 28.03083496877592, 'lr': 1.9073486328125e-08}
{'epoch': 386, 'train_mae': 30.21510552025684, 'train_mae_sbp': 20.13369577376937, 'train_mae_dbp': 10.081409735251246, 'val_mae': 92.56256968354526, 'val_mae_sbp': 64.53170413187105, 'val_mae_dbp': 28.0308655908663, 'lr': 1.9073486328125e-08}
{'epoch': 387, 'train_mae': 30.21475968339833, 'train_mae_sbp': 20.133357917437323, 'train_mae_dbp': 10.081401787028923, 'val_mae': 92.56247267004562, 'val_mae_sbp': 64.53166460011103, 'val_mae_dbp': 28.03080826589506, 'lr': 1.9073486328125e-08}
{'epoch': 388, 'train_mae': 30.20629661178027, 'train_mae_sbp': 20.12840019866539, 'train_mae_dbp': 10.077896442609964, 'val_mae': 92.56241900300327, 'val_mae_sbp': 64.53161085468449, 'val_mae_dbp': 28.030808148318773, 'lr': 1.9073486328125e-08}
{'epoch': 389, 'train_mae': 30.213455896841058, 'train_mae_sbp': 20.132589146385136, 'train_mae_dbp': 10.080866758883086, 'val_mae': 92.56255008749766, 'val_mae_sbp': 64.5316947649603, 'val_mae_dbp': 28.03085534866542, 'lr': 1.9073486328125e-08}
{'epoch': 390, 'train_mae': 30.2079003745572, 'train_mae_sbp': 20.127316583063184, 'train_mae_dbp': 10.080583823798156, 'val_mae': 92.56251008543249, 'val_mae_sbp': 64.53165386147695, 'val_mae_dbp': 28.03085623048756, 'lr': 1.9073486328125e-08}
{'epoch': 391, 'train_mae': 30.213277212825545, 'train_mae_sbp': 20.134295212151553, 'train_mae_dbp': 10.078982040000769, 'val_mae': 92.56246666059103, 'val_mae_sbp': 64.53162224652016, 'val_mae_dbp': 28.030844361814733, 'lr': 1.9073486328125e-08}
{'epoch': 392, 'train_mae': 30.205513809496242, 'train_mae_sbp': 20.126775221901894, 'train_mae_dbp': 10.078738626921124, 'val_mae': 92.56255183807791, 'val_mae_sbp': 64.53168811536815, 'val_mae_dbp': 28.030863650857587, 'lr': 1.9073486328125e-08}
{'epoch': 393, 'train_mae': 30.215468548534545, 'train_mae_sbp': 20.135513041612853, 'train_mae_dbp': 10.079955511135276, 'val_mae': 92.5624123926032, 'val_mae_sbp': 64.53162316100239, 'val_mae_dbp': 28.030789505945492, 'lr': 1.9073486328125e-08}
{'epoch': 394, 'train_mae': 30.218165143424528, 'train_mae_sbp': 20.136488393409966, 'train_mae_dbp': 10.081676748610034, 'val_mae': 92.56237246892223, 'val_mae_sbp': 64.53157414475533, 'val_mae_dbp': 28.03079816739853, 'lr': 1.9073486328125e-08}
{'epoch': 395, 'train_mae': 30.213395625747882, 'train_mae_sbp': 20.130676494255685, 'train_mae_dbp': 10.08271912446956, 'val_mae': 92.56240988430912, 'val_mae_sbp': 64.53156993813711, 'val_mae_dbp': 28.030840109472404, 'lr': 1.9073486328125e-08}
{'epoch': 396, 'train_mae': 30.208017936335747, 'train_mae_sbp': 20.130152591373854, 'train_mae_dbp': 10.077865333725672, 'val_mae': 92.56249822329168, 'val_mae_sbp': 64.53164645417095, 'val_mae_dbp': 28.030851945485153, 'lr': 1.9073486328125e-08}
{'epoch': 397, 'train_mae': 30.207080484314414, 'train_mae_sbp': 20.12974026417346, 'train_mae_dbp': 10.07734018643229, 'val_mae': 92.5625604342108, 'val_mae_sbp': 64.53165772843035, 'val_mae_dbp': 28.03090262086424, 'lr': 1.9073486328125e-08}
{'epoch': 398, 'train_mae': 30.219019096273385, 'train_mae_sbp': 20.137417954794614, 'train_mae_dbp': 10.08160113726519, 'val_mae': 92.56258415849241, 'val_mae_sbp': 64.5316787484574, 'val_mae_dbp': 28.030905318586793, 'lr': 1.9073486328125e-08}
{'epoch': 399, 'train_mae': 30.211972791421747, 'train_mae_sbp': 20.133711394926586, 'train_mae_dbp': 10.078261395090633, 'val_mae': 92.56260150752655, 'val_mae_sbp': 64.53168406551832, 'val_mae_dbp': 28.030917344028, 'lr': 1.9073486328125e-08}
{'epoch': 400, 'train_mae': 30.21656414475813, 'train_mae_sbp': 20.135838296522273, 'train_mae_dbp': 10.080725842617749, 'val_mae': 92.5626027616736, 'val_mae_sbp': 64.53169375902986, 'val_mae_dbp': 28.030909002643742, 'lr': 1.9073486328125e-08}
{'epoch': 401, 'train_mae': 30.213635763468904, 'train_mae_sbp': 20.133504724291885, 'train_mae_dbp': 10.080131036367964, 'val_mae': 92.56251878607763, 'val_mae_sbp': 64.53163113006174, 'val_mae_dbp': 28.030887773592177, 'lr': 1.9073486328125e-08}
{'epoch': 402, 'train_mae': 30.22081787772312, 'train_mae_sbp': 20.13920932033803, 'train_mae_dbp': 10.081608598116397, 'val_mae': 92.56254561959881, 'val_mae_sbp': 64.53167509052851, 'val_mae_dbp': 28.030871149611798, 'lr': 1.9073486328125e-08}
{'epoch': 403, 'train_mae': 30.215932368529913, 'train_mae_sbp': 20.13660870525377, 'train_mae_dbp': 10.079323656253505, 'val_mae': 92.5626579702717, 'val_mae_sbp': 64.53173954846108, 'val_mae_dbp': 28.030918389150543, 'lr': 1.9073486328125e-08}
{'epoch': 404, 'train_mae': 30.209630547637264, 'train_mae_sbp': 20.128406460049927, 'train_mae_dbp': 10.081224038428868, 'val_mae': 92.5626435214526, 'val_mae_sbp': 64.5317494379331, 'val_mae_dbp': 28.030894096583538, 'lr': 1.9073486328125e-08}
{'epoch': 405, 'train_mae': 30.204180870561782, 'train_mae_sbp': 20.12679811008549, 'train_mae_dbp': 10.077382742217432, 'val_mae': 92.5627417107151, 'val_mae_sbp': 64.53181645641588, 'val_mae_dbp': 28.030925286959295, 'lr': 1.9073486328125e-08}
{'epoch': 406, 'train_mae': 30.212846067762868, 'train_mae_sbp': 20.132549350496948, 'train_mae_dbp': 10.080296718670448, 'val_mae': 92.5627286205553, 'val_mae_sbp': 64.53179011932791, 'val_mae_dbp': 28.03093902378866, 'lr': 1.9073486328125e-08}
{'epoch': 407, 'train_mae': 30.212462988447545, 'train_mae_sbp': 20.132219075805484, 'train_mae_dbp': 10.080243918260173, 'val_mae': 92.56270594139622, 'val_mae_sbp': 64.53176357321543, 'val_mae_dbp': 28.030942211412405, 'lr': 1.9073486328125e-08}
{'epoch': 408, 'train_mae': 30.20853123503335, 'train_mae_sbp': 20.12895872034626, 'train_mae_dbp': 10.079572524518785, 'val_mae': 92.56267511028133, 'val_mae_sbp': 64.53173404850372, 'val_mae_dbp': 28.030940898477215, 'lr': 1.9073486328125e-08}
