Model name :mlp_4_features
Launch training on cuda
Saving best model
{'train_mae_sbp': 74.36400256618377, 'train_mae_dbp': 33.01345500638408, 'val_mae_sbp': 15.688591241836548, 'val_mae_dbp': 9.696736097335815}
Saving best model
{'train_mae_sbp': 13.90009606269098, 'train_mae_dbp': 9.604892300021264, 'val_mae_sbp': 12.818888425827026, 'val_mae_dbp': 6.865237236022949}
Saving best model
{'train_mae_sbp': 12.729061372818485, 'train_mae_dbp': 6.8173684304760345, 'val_mae_sbp': 11.965710639953613, 'val_mae_dbp': 6.570565581321716}
{'train_mae_sbp': 12.349458602166944, 'train_mae_dbp': 6.52161027539161, 'val_mae_sbp': 11.811395168304443, 'val_mae_dbp': 6.536467671394348}
{'train_mae_sbp': 12.033520883129489, 'train_mae_dbp': 6.439587516169394, 'val_mae_sbp': 12.015493631362915, 'val_mae_dbp': 6.3999186754226685}
{'train_mae_sbp': 11.889447304510302, 'train_mae_dbp': 6.383074683527792, 'val_mae_sbp': 12.26667857170105, 'val_mae_dbp': 6.54845130443573}
Saving best model
{'train_mae_sbp': 11.851450489413354, 'train_mae_dbp': 6.356245840749433, 'val_mae_sbp': 11.640588760375977, 'val_mae_dbp': 6.361660838127136}
{'train_mae_sbp': 11.735725402832031, 'train_mae_dbp': 6.306652053709953, 'val_mae_sbp': 11.575212478637695, 'val_mae_dbp': 6.422216892242432}
{'train_mae_sbp': 11.700932041291267, 'train_mae_dbp': 6.2234970369646625, 'val_mae_sbp': 11.486289978027344, 'val_mae_dbp': 6.163120269775391}
{'train_mae_sbp': 11.745999059369487, 'train_mae_dbp': 6.177638407676451, 'val_mae_sbp': 11.40730357170105, 'val_mae_dbp': 6.131289601325989}
{'train_mae_sbp': 11.696371201545961, 'train_mae_dbp': 6.197294635157431, 'val_mae_sbp': 11.660352945327759, 'val_mae_dbp': 6.2947927713394165}
{'train_mae_sbp': 11.637580471654092, 'train_mae_dbp': 6.111200947915354, 'val_mae_sbp': 11.6189546585083, 'val_mae_dbp': 6.214441776275635}
Saving best model
{'train_mae_sbp': 11.498952865600586, 'train_mae_dbp': 6.079814880124984, 'val_mae_sbp': 11.273201704025269, 'val_mae_dbp': 6.3998225927352905}
{'train_mae_sbp': 11.611803547028572, 'train_mae_dbp': 6.154795415939823, 'val_mae_sbp': 11.335264205932617, 'val_mae_dbp': 6.170067548751831}
{'train_mae_sbp': 11.462272305642404, 'train_mae_dbp': 6.037649739173151, 'val_mae_sbp': 11.394676923751831, 'val_mae_dbp': 6.11144232749939}
{'train_mae_sbp': 11.650835221813571, 'train_mae_dbp': 6.058345963878017, 'val_mae_sbp': 11.710354328155518, 'val_mae_dbp': 6.239960074424744}
{'train_mae_sbp': 11.531701272533786, 'train_mae_dbp': 6.062825741306428, 'val_mae_sbp': 11.22029733657837, 'val_mae_dbp': 6.063265800476074}
{'train_mae_sbp': 11.47013565801805, 'train_mae_dbp': 5.981299784875685, 'val_mae_sbp': 11.365625381469727, 'val_mae_dbp': 5.991652965545654}
{'train_mae_sbp': 11.39806870491274, 'train_mae_dbp': 5.980889243464316, 'val_mae_sbp': 11.395281791687012, 'val_mae_dbp': 5.980545163154602}
{'train_mae_sbp': 11.515840561159196, 'train_mae_dbp': 5.980264679078133, 'val_mae_sbp': 11.443316221237183, 'val_mae_dbp': 5.910621643066406}
{'train_mae_sbp': 11.46876993486958, 'train_mae_dbp': 6.015789078127954, 'val_mae_sbp': 11.80610179901123, 'val_mae_dbp': 6.021210670471191}
{'train_mae_sbp': 11.413180905003701, 'train_mae_dbp': 5.977764452657392, 'val_mae_sbp': 11.57630729675293, 'val_mae_dbp': 6.352821469306946}
{'train_mae_sbp': 11.61736386822116, 'train_mae_dbp': 6.1046025214656705, 'val_mae_sbp': 11.298060894012451, 'val_mae_dbp': 6.066178679466248}
{'train_mae_sbp': 11.483012845439296, 'train_mae_dbp': 6.000336170196533, 'val_mae_sbp': 11.713143110275269, 'val_mae_dbp': 6.0855553150177}
{'train_mae_sbp': 11.444186149104949, 'train_mae_dbp': 5.973203812876055, 'val_mae_sbp': 11.530030250549316, 'val_mae_dbp': 6.002096652984619}
{'train_mae_sbp': 11.432997611261182, 'train_mae_dbp': 6.036266634541173, 'val_mae_sbp': 11.310989379882812, 'val_mae_dbp': 6.003652811050415}
Saving best model
{'train_mae_sbp': 11.340977853344333, 'train_mae_dbp': 5.966866754716443, 'val_mae_sbp': 11.26235580444336, 'val_mae_dbp': 6.019203424453735}
{'train_mae_sbp': 11.384253348073651, 'train_mae_dbp': 5.929594409081243, 'val_mae_sbp': 11.257542371749878, 'val_mae_dbp': 5.913457632064819}
{'train_mae_sbp': 11.320939094789567, 'train_mae_dbp': 5.981224798387097, 'val_mae_sbp': 11.242801666259766, 'val_mae_dbp': 5.907440662384033}
{'train_mae_sbp': 11.336963807382892, 'train_mae_dbp': 5.88742071582425, 'val_mae_sbp': 11.494559049606323, 'val_mae_dbp': 5.933970928192139}
{'train_mae_sbp': 11.28458878301805, 'train_mae_dbp': 5.876065331120645, 'val_mae_sbp': 11.476666927337646, 'val_mae_dbp': 5.940954566001892}
{'train_mae_sbp': 11.328388490984517, 'train_mae_dbp': 5.867644740689185, 'val_mae_sbp': 11.275826454162598, 'val_mae_dbp': 5.858285546302795}
{'train_mae_sbp': 11.420962395206574, 'train_mae_dbp': 5.946428329713883, 'val_mae_sbp': 11.400011777877808, 'val_mae_dbp': 5.948659300804138}
{'train_mae_sbp': 11.349503670969318, 'train_mae_dbp': 5.821731290509624, 'val_mae_sbp': 11.428203344345093, 'val_mae_dbp': 5.863782167434692}
{'train_mae_sbp': 11.343803590343844, 'train_mae_dbp': 5.838523187944966, 'val_mae_sbp': 11.942249536514282, 'val_mae_dbp': 5.757643818855286}
{'train_mae_sbp': 11.30747232129497, 'train_mae_dbp': 5.85123017526442, 'val_mae_sbp': 11.318969488143921, 'val_mae_dbp': 6.033853650093079}
{'train_mae_sbp': 11.401115355953094, 'train_mae_dbp': 5.837566791042205, 'val_mae_sbp': 11.341202974319458, 'val_mae_dbp': 5.931563138961792}
{'train_mae_sbp': 11.316071325732816, 'train_mae_dbp': 5.840367655600271, 'val_mae_sbp': 11.467265844345093, 'val_mae_dbp': 6.007767081260681}
{'train_mae_sbp': 11.423745186098161, 'train_mae_dbp': 5.917743452133671, 'val_mae_sbp': 11.846276760101318, 'val_mae_dbp': 5.8716607093811035}
{'train_mae_sbp': 11.405903539349955, 'train_mae_dbp': 5.814161362186555, 'val_mae_sbp': 11.31850528717041, 'val_mae_dbp': 5.827625870704651}
{'train_mae_sbp': 11.359575025496945, 'train_mae_dbp': 5.8687577555256505, 'val_mae_sbp': 11.477229833602905, 'val_mae_dbp': 5.815290808677673}
{'train_mae_sbp': 11.21558032497283, 'train_mae_dbp': 5.765767958856398, 'val_mae_sbp': 11.106354713439941, 'val_mae_dbp': 5.820635914802551}
{'train_mae_sbp': 11.320314591930758, 'train_mae_dbp': 5.900481393260341, 'val_mae_sbp': 11.3281569480896, 'val_mae_dbp': 5.807609438896179}
{'train_mae_sbp': 11.246691334632136, 'train_mae_dbp': 5.748503023578275, 'val_mae_sbp': 11.30338168144226, 'val_mae_dbp': 5.870465040206909}
{'train_mae_sbp': 11.294429409888483, 'train_mae_dbp': 5.75491371462422, 'val_mae_sbp': 11.180135250091553, 'val_mae_dbp': 5.807150721549988}
{'train_mae_sbp': 11.235549711411998, 'train_mae_dbp': 5.75750667818131, 'val_mae_sbp': 11.378852128982544, 'val_mae_dbp': 5.799070954322815}
{'train_mae_sbp': 11.296423081428774, 'train_mae_dbp': 5.756785162033573, 'val_mae_sbp': 11.495799541473389, 'val_mae_dbp': 5.861173987388611}
{'train_mae_sbp': 11.363889048176427, 'train_mae_dbp': 5.776410979609335, 'val_mae_sbp': 11.598469018936157, 'val_mae_dbp': 5.882474184036255}
{'train_mae_sbp': 11.26980972290039, 'train_mae_dbp': 5.808416489631899, 'val_mae_sbp': 11.323383331298828, 'val_mae_dbp': 5.8893386125564575}
{'train_mae_sbp': 11.2683165150304, 'train_mae_dbp': 5.8314693666273545, 'val_mae_sbp': 11.21896481513977, 'val_mae_dbp': 5.740931987762451}
{'train_mae_sbp': 11.314403595462922, 'train_mae_dbp': 5.790282864724436, 'val_mae_sbp': 11.225766897201538, 'val_mae_dbp': 5.933787107467651}
{'train_mae_sbp': 11.253460299584173, 'train_mae_dbp': 5.749516225630237, 'val_mae_sbp': 11.460329532623291, 'val_mae_dbp': 5.91597306728363}
{'train_mae_sbp': 11.218254396992345, 'train_mae_dbp': 5.7198697982295865, 'val_mae_sbp': 11.484934091567993, 'val_mae_dbp': 6.056249141693115}
Saving best model
{'train_mae_sbp': 11.060699770527501, 'train_mae_dbp': 5.620735537621282, 'val_mae_sbp': 10.9613037109375, 'val_mae_dbp': 5.629623889923096}
Saving best model
{'train_mae_sbp': 10.949692972244755, 'train_mae_dbp': 5.570257140744117, 'val_mae_sbp': 10.92549991607666, 'val_mae_dbp': 5.587856292724609}
{'train_mae_sbp': 10.91695474809216, 'train_mae_dbp': 5.576198147189233, 'val_mae_sbp': 11.07269811630249, 'val_mae_dbp': 5.637013077735901}
{'train_mae_sbp': 10.926932734827842, 'train_mae_dbp': 5.563333157570131, 'val_mae_sbp': 10.971704006195068, 'val_mae_dbp': 5.601270914077759}
{'train_mae_sbp': 10.894855591558642, 'train_mae_dbp': 5.569538424091954, 'val_mae_sbp': 11.048445701599121, 'val_mae_dbp': 5.646886706352234}
{'train_mae_sbp': 10.901766100237447, 'train_mae_dbp': 5.575709096847042, 'val_mae_sbp': 10.997756242752075, 'val_mae_dbp': 5.624155759811401}
{'train_mae_sbp': 10.884855977950558, 'train_mae_dbp': 5.556898286265712, 'val_mae_sbp': 10.937040328979492, 'val_mae_dbp': 5.607224345207214}
{'train_mae_sbp': 10.845484733581543, 'train_mae_dbp': 5.535588479811145, 'val_mae_sbp': 10.935704469680786, 'val_mae_dbp': 5.622216820716858}
{'train_mae_sbp': 10.83886057330716, 'train_mae_dbp': 5.549360352177774, 'val_mae_sbp': 10.918580055236816, 'val_mae_dbp': 5.623083829879761}
{'train_mae_sbp': 10.841900610154674, 'train_mae_dbp': 5.556124379557948, 'val_mae_sbp': 10.912491798400879, 'val_mae_dbp': 5.603105545043945}
{'train_mae_sbp': 10.86455948122086, 'train_mae_dbp': 5.547486505200786, 'val_mae_sbp': 11.00388216972351, 'val_mae_dbp': 5.598414897918701}
Saving best model
{'train_mae_sbp': 10.883862249312863, 'train_mae_dbp': 5.5635266919289865, 'val_mae_sbp': 10.930485010147095, 'val_mae_dbp': 5.629960775375366}
{'train_mae_sbp': 10.842152380174205, 'train_mae_dbp': 5.528730500128962, 'val_mae_sbp': 10.92435622215271, 'val_mae_dbp': 5.629764556884766}
{'train_mae_sbp': 10.79958749586536, 'train_mae_dbp': 5.519416193808278, 'val_mae_sbp': 10.923775434494019, 'val_mae_dbp': 5.588117480278015}
{'train_mae_sbp': 10.780430578416393, 'train_mae_dbp': 5.495290079424458, 'val_mae_sbp': 10.892477750778198, 'val_mae_dbp': 5.586216449737549}
{'train_mae_sbp': 10.805680982528195, 'train_mae_dbp': 5.509164133379536, 'val_mae_sbp': 10.909980535507202, 'val_mae_dbp': 5.591431379318237}
{'train_mae_sbp': 10.777972836648264, 'train_mae_dbp': 5.5006908447511735, 'val_mae_sbp': 10.943113327026367, 'val_mae_dbp': 5.605260252952576}
{'train_mae_sbp': 10.750912481738675, 'train_mae_dbp': 5.484940990324943, 'val_mae_sbp': 10.907488346099854, 'val_mae_dbp': 5.5946654081344604}
{'train_mae_sbp': 10.770923368392452, 'train_mae_dbp': 5.508154638351932, 'val_mae_sbp': 10.901508569717407, 'val_mae_dbp': 5.584892988204956}
{'train_mae_sbp': 10.790180298589892, 'train_mae_dbp': 5.4932931007877475, 'val_mae_sbp': 10.883983850479126, 'val_mae_dbp': 5.595876574516296}
{'train_mae_sbp': 10.79194708793394, 'train_mae_dbp': 5.505756301264609, 'val_mae_sbp': 10.877408266067505, 'val_mae_dbp': 5.582525968551636}
{'train_mae_sbp': 10.752461002719018, 'train_mae_dbp': 5.493892669677734, 'val_mae_sbp': 10.86267638206482, 'val_mae_dbp': 5.58284318447113}
{'train_mae_sbp': 10.76312231248425, 'train_mae_dbp': 5.493694059310421, 'val_mae_sbp': 10.871019840240479, 'val_mae_dbp': 5.600329399108887}
{'train_mae_sbp': 10.752807278786936, 'train_mae_dbp': 5.494709753221081, 'val_mae_sbp': 10.870363473892212, 'val_mae_dbp': 5.5763784646987915}
{'train_mae_sbp': 10.74745725816296, 'train_mae_dbp': 5.485222462684877, 'val_mae_sbp': 10.896550416946411, 'val_mae_dbp': 5.58308744430542}
{'train_mae_sbp': 10.745728554264192, 'train_mae_dbp': 5.492939149179766, 'val_mae_sbp': 10.854702472686768, 'val_mae_dbp': 5.576578974723816}
{'train_mae_sbp': 10.740740560716198, 'train_mae_dbp': 5.4936048599981495, 'val_mae_sbp': 10.870623350143433, 'val_mae_dbp': 5.5802435874938965}
{'train_mae_sbp': 10.785241034723096, 'train_mae_dbp': 5.500963918624386, 'val_mae_sbp': 10.877484321594238, 'val_mae_dbp': 5.586834192276001}
{'train_mae_sbp': 10.764734452770602, 'train_mae_dbp': 5.494677036039291, 'val_mae_sbp': 10.875914812088013, 'val_mae_dbp': 5.575136184692383}
{'train_mae_sbp': 10.766439253284085, 'train_mae_dbp': 5.506025191276304, 'val_mae_sbp': 10.888606786727905, 'val_mae_dbp': 5.57778525352478}
{'train_mae_sbp': 10.769983999190792, 'train_mae_dbp': 5.483928803474672, 'val_mae_sbp': 10.862955093383789, 'val_mae_dbp': 5.5842448472976685}
{'train_mae_sbp': 10.76814805307696, 'train_mae_dbp': 5.486427999311878, 'val_mae_sbp': 10.874654531478882, 'val_mae_dbp': 5.584550142288208}
{'train_mae_sbp': 10.739141894925025, 'train_mae_dbp': 5.472895422289448, 'val_mae_sbp': 10.857207775115967, 'val_mae_dbp': 5.577085971832275}
{'train_mae_sbp': 10.753585077101185, 'train_mae_dbp': 5.484640275278399, 'val_mae_sbp': 10.899789094924927, 'val_mae_dbp': 5.582559108734131}
{'train_mae_sbp': 10.749435701677877, 'train_mae_dbp': 5.487249174425679, 'val_mae_sbp': 10.891576290130615, 'val_mae_dbp': 5.594914197921753}
{'train_mae_sbp': 10.753829771472562, 'train_mae_dbp': 5.47766177884994, 'val_mae_sbp': 10.882637977600098, 'val_mae_dbp': 5.576661586761475}
{'train_mae_sbp': 10.760340198393791, 'train_mae_dbp': 5.473535783829227, 'val_mae_sbp': 10.885550260543823, 'val_mae_dbp': 5.57351016998291}
{'train_mae_sbp': 10.747194905434885, 'train_mae_dbp': 5.478500381592782, 'val_mae_sbp': 10.881430387496948, 'val_mae_dbp': 5.580758571624756}
{'train_mae_sbp': 10.744064484873126, 'train_mae_dbp': 5.478627297186082, 'val_mae_sbp': 10.877104759216309, 'val_mae_dbp': 5.574695587158203}
{'train_mae_sbp': 10.732115591725995, 'train_mae_dbp': 5.481211523855886, 'val_mae_sbp': 10.873590469360352, 'val_mae_dbp': 5.569418549537659}
{'train_mae_sbp': 10.73592653582173, 'train_mae_dbp': 5.4783746657832975, 'val_mae_sbp': 10.868510246276855, 'val_mae_dbp': 5.574289441108704}
{'train_mae_sbp': 10.745789281783566, 'train_mae_dbp': 5.477424498527281, 'val_mae_sbp': 10.871660232543945, 'val_mae_dbp': 5.577158212661743}
{'train_mae_sbp': 10.73864395387711, 'train_mae_dbp': 5.479021764570667, 'val_mae_sbp': 10.863533973693848, 'val_mae_dbp': 5.573107600212097}
{'train_mae_sbp': 10.718948733422064, 'train_mae_dbp': 5.466716304902108, 'val_mae_sbp': 10.869993209838867, 'val_mae_dbp': 5.575442552566528}
{'train_mae_sbp': 10.750020673198085, 'train_mae_dbp': 5.475126958662464, 'val_mae_sbp': 10.868805170059204, 'val_mae_dbp': 5.571801781654358}
{'train_mae_sbp': 10.755953881048388, 'train_mae_dbp': 5.47995138168335, 'val_mae_sbp': 10.87364912033081, 'val_mae_dbp': 5.577179789543152}
{'train_mae_sbp': 10.729986775305964, 'train_mae_dbp': 5.480926329089749, 'val_mae_sbp': 10.868551015853882, 'val_mae_dbp': 5.57584536075592}
{'train_mae_sbp': 10.711236615334787, 'train_mae_dbp': 5.47221895956224, 'val_mae_sbp': 10.86899709701538, 'val_mae_dbp': 5.573400378227234}
{'train_mae_sbp': 10.763681780907415, 'train_mae_dbp': 5.47732537792575, 'val_mae_sbp': 10.862663984298706, 'val_mae_dbp': 5.572274684906006}
{'train_mae_sbp': 10.73674524984052, 'train_mae_dbp': 5.479832295448549, 'val_mae_sbp': 10.870225429534912, 'val_mae_dbp': 5.574895739555359}
{'train_mae_sbp': 10.730660530828661, 'train_mae_dbp': 5.472542778138192, 'val_mae_sbp': 10.868935108184814, 'val_mae_dbp': 5.574847936630249}
{'train_mae_sbp': 10.728555064047537, 'train_mae_dbp': 5.488119340712024, 'val_mae_sbp': 10.86386227607727, 'val_mae_dbp': 5.5749839544296265}
{'train_mae_sbp': 10.72178489931168, 'train_mae_dbp': 5.475878484787479, 'val_mae_sbp': 10.867337942123413, 'val_mae_dbp': 5.572192549705505}
{'train_mae_sbp': 10.714016545203425, 'train_mae_dbp': 5.478870853301017, 'val_mae_sbp': 10.86614441871643, 'val_mae_dbp': 5.569660782814026}
{'train_mae_sbp': 10.717483243634623, 'train_mae_dbp': 5.487366568657659, 'val_mae_sbp': 10.86821985244751, 'val_mae_dbp': 5.575615167617798}
{'train_mae_sbp': 10.739304880942068, 'train_mae_dbp': 5.475006103515625, 'val_mae_sbp': 10.864888906478882, 'val_mae_dbp': 5.5736403465271}
{'train_mae_sbp': 10.72012725953133, 'train_mae_dbp': 5.471075211801836, 'val_mae_sbp': 10.867316484451294, 'val_mae_dbp': 5.57135283946991}
{'train_mae_sbp': 10.728325597701534, 'train_mae_dbp': 5.475764828343546, 'val_mae_sbp': 10.864721059799194, 'val_mae_dbp': 5.575365304946899}
{'train_mae_sbp': 10.709707290895524, 'train_mae_dbp': 5.467304183590796, 'val_mae_sbp': 10.865648746490479, 'val_mae_dbp': 5.574402689933777}
{'train_mae_sbp': 10.731363973309916, 'train_mae_dbp': 5.469611998527281, 'val_mae_sbp': 10.865398645401001, 'val_mae_dbp': 5.578110098838806}
{'train_mae_sbp': 10.703353912599626, 'train_mae_dbp': 5.457749751306349, 'val_mae_sbp': 10.866574048995972, 'val_mae_dbp': 5.57270610332489}
{'train_mae_sbp': 10.731540280003701, 'train_mae_dbp': 5.46628345981721, 'val_mae_sbp': 10.870386838912964, 'val_mae_dbp': 5.5743831396102905}
{'train_mae_sbp': 10.697864409415953, 'train_mae_dbp': 5.460640722705472, 'val_mae_sbp': 10.872187852859497, 'val_mae_dbp': 5.573119640350342}
{'train_mae_sbp': 10.72320181323636, 'train_mae_dbp': 5.463755884478169, 'val_mae_sbp': 10.864594221115112, 'val_mae_dbp': 5.571747779846191}
{'train_mae_sbp': 10.730557749348302, 'train_mae_dbp': 5.4732035206210226, 'val_mae_sbp': 10.865295648574829, 'val_mae_dbp': 5.573526620864868}
{'train_mae_sbp': 10.739517365732501, 'train_mae_dbp': 5.461368299299671, 'val_mae_sbp': 10.867766857147217, 'val_mae_dbp': 5.570552706718445}
{'train_mae_sbp': 10.722706610156644, 'train_mae_dbp': 5.472657249819848, 'val_mae_sbp': 10.870357990264893, 'val_mae_dbp': 5.577058792114258}
{'train_mae_sbp': 10.737314962571666, 'train_mae_dbp': 5.473850880899737, 'val_mae_sbp': 10.867424964904785, 'val_mae_dbp': 5.579762697219849}
{'train_mae_sbp': 10.741392412493306, 'train_mae_dbp': 5.47284641573506, 'val_mae_sbp': 10.869046926498413, 'val_mae_dbp': 5.57404100894928}
{'train_mae_sbp': 10.717580918342836, 'train_mae_dbp': 5.47514138683196, 'val_mae_sbp': 10.860529661178589, 'val_mae_dbp': 5.571910738945007}
{'train_mae_sbp': 10.723793552767846, 'train_mae_dbp': 5.479707748659195, 'val_mae_sbp': 10.863038778305054, 'val_mae_dbp': 5.571447372436523}
{'train_mae_sbp': 10.73625647637152, 'train_mae_dbp': 5.477797354421308, 'val_mae_sbp': 10.865230798721313, 'val_mae_dbp': 5.57049560546875}
{'train_mae_sbp': 10.717687360702023, 'train_mae_dbp': 5.4668402671813965, 'val_mae_sbp': 10.87009882926941, 'val_mae_dbp': 5.581892013549805}
{'train_mae_sbp': 10.710925409870763, 'train_mae_dbp': 5.464754319960071, 'val_mae_sbp': 10.862144231796265, 'val_mae_dbp': 5.574470520019531}
{'train_mae_sbp': 10.740238097406202, 'train_mae_dbp': 5.48352704509612, 'val_mae_sbp': 10.865314960479736, 'val_mae_dbp': 5.576268315315247}
{'train_mae_sbp': 10.728669904893444, 'train_mae_dbp': 5.491923501414638, 'val_mae_sbp': 10.864434480667114, 'val_mae_dbp': 5.573829770088196}
{'train_mae_sbp': 10.726929695375505, 'train_mae_dbp': 5.489179011314146, 'val_mae_sbp': 10.866173505783081, 'val_mae_dbp': 5.573795199394226}
{'train_mae_sbp': 10.722274472636562, 'train_mae_dbp': 5.479248662148753, 'val_mae_sbp': 10.86037278175354, 'val_mae_dbp': 5.5742011070251465}
{'train_mae_sbp': 10.714766287034557, 'train_mae_dbp': 5.466744976658975, 'val_mae_sbp': 10.872708082199097, 'val_mae_dbp': 5.573865294456482}
{'train_mae_sbp': 10.745532558810327, 'train_mae_dbp': 5.476913898221908, 'val_mae_sbp': 10.866524934768677, 'val_mae_dbp': 5.576028823852539}
{'train_mae_sbp': 10.717938607738864, 'train_mae_dbp': 5.4746520442347375, 'val_mae_sbp': 10.865741968154907, 'val_mae_dbp': 5.571926474571228}
{'train_mae_sbp': 10.720823872473932, 'train_mae_dbp': 5.476643854571927, 'val_mae_sbp': 10.858368158340454, 'val_mae_dbp': 5.571267008781433}
{'train_mae_sbp': 10.74387547277635, 'train_mae_dbp': 5.476620597224081, 'val_mae_sbp': 10.865156173706055, 'val_mae_dbp': 5.573255896568298}
{'train_mae_sbp': 10.731479490956952, 'train_mae_dbp': 5.47995662689209, 'val_mae_sbp': 10.867465734481812, 'val_mae_dbp': 5.573314666748047}
{'train_mae_sbp': 10.714917029103924, 'train_mae_dbp': 5.469048084751252, 'val_mae_sbp': 10.870449542999268, 'val_mae_dbp': 5.5757750272750854}
{'train_mae_sbp': 10.740962120794482, 'train_mae_dbp': 5.477349127492597, 'val_mae_sbp': 10.865873098373413, 'val_mae_dbp': 5.573871612548828}
{'train_mae_sbp': 10.731085038954213, 'train_mae_dbp': 5.474371617840182, 'val_mae_sbp': 10.873526573181152, 'val_mae_dbp': 5.572183728218079}
{'train_mae_sbp': 10.71494677758986, 'train_mae_dbp': 5.482120083224389, 'val_mae_sbp': 10.86201286315918, 'val_mae_dbp': 5.569551467895508}
{'train_mae_sbp': 10.73910476315406, 'train_mae_dbp': 5.470341467088269, 'val_mae_sbp': 10.866658926010132, 'val_mae_dbp': 5.5696446895599365}
{'train_mae_sbp': 10.721390231963127, 'train_mae_dbp': 5.475904110939272, 'val_mae_sbp': 10.860497951507568, 'val_mae_dbp': 5.57099711894989}
{'train_mae_sbp': 10.724383477241762, 'train_mae_dbp': 5.474820890734272, 'val_mae_sbp': 10.86265754699707, 'val_mae_dbp': 5.572080492973328}
{'train_mae_sbp': 10.733080587079447, 'train_mae_dbp': 5.478618821790142, 'val_mae_sbp': 10.868619680404663, 'val_mae_dbp': 5.572020888328552}
{'train_mae_sbp': 10.715174028950353, 'train_mae_dbp': 5.461604656711701, 'val_mae_sbp': 10.861759424209595, 'val_mae_dbp': 5.574841260910034}
{'train_mae_sbp': 10.717751718336537, 'train_mae_dbp': 5.473589974064981, 'val_mae_sbp': 10.861064910888672, 'val_mae_dbp': 5.572129249572754}
{'train_mae_sbp': 10.736648590334001, 'train_mae_dbp': 5.479571219413511, 'val_mae_sbp': 10.863324165344238, 'val_mae_dbp': 5.567952871322632}
{'train_mae_sbp': 10.738909813665575, 'train_mae_dbp': 5.477357218342442, 'val_mae_sbp': 10.8621187210083, 'val_mae_dbp': 5.5758280754089355}
{'train_mae_sbp': 10.73630117600964, 'train_mae_dbp': 5.474689545169953, 'val_mae_sbp': 10.863250732421875, 'val_mae_dbp': 5.57222592830658}
{'train_mae_sbp': 10.728353838766775, 'train_mae_dbp': 5.480903087123748, 'val_mae_sbp': 10.865912914276123, 'val_mae_dbp': 5.574203133583069}
{'train_mae_sbp': 10.71566960119432, 'train_mae_dbp': 5.472109010142665, 'val_mae_sbp': 10.862914800643921, 'val_mae_dbp': 5.573122262954712}
{'train_mae_sbp': 10.724951682552215, 'train_mae_dbp': 5.483947215541717, 'val_mae_sbp': 10.862659931182861, 'val_mae_dbp': 5.5780006647109985}
{'train_mae_sbp': 10.716892796178017, 'train_mae_dbp': 5.472665848270539, 'val_mae_sbp': 10.86327338218689, 'val_mae_dbp': 5.56997287273407}
{'train_mae_sbp': 10.71177218037267, 'train_mae_dbp': 5.473674635733327, 'val_mae_sbp': 10.868903160095215, 'val_mae_dbp': 5.569730997085571}
{'train_mae_sbp': 10.740552809930616, 'train_mae_dbp': 5.477805137634277, 'val_mae_sbp': 10.863938808441162, 'val_mae_dbp': 5.573241949081421}
{'train_mae_sbp': 10.71883358493928, 'train_mae_dbp': 5.467403288810484, 'val_mae_sbp': 10.863961696624756, 'val_mae_dbp': 5.570806980133057}
{'train_mae_sbp': 10.738279127305553, 'train_mae_dbp': 5.4708089520854335, 'val_mae_sbp': 10.86483359336853, 'val_mae_dbp': 5.571898698806763}
{'train_mae_sbp': 10.713490670727145, 'train_mae_dbp': 5.468886744591497, 'val_mae_sbp': 10.86304259300232, 'val_mae_dbp': 5.56993293762207}
{'train_mae_sbp': 10.718759505979476, 'train_mae_dbp': 5.476504233575636, 'val_mae_sbp': 10.86928677558899, 'val_mae_dbp': 5.571759819984436}
{'train_mae_sbp': 10.734257575004332, 'train_mae_dbp': 5.483687954564249, 'val_mae_sbp': 10.868265628814697, 'val_mae_dbp': 5.574730038642883}
{'train_mae_sbp': 10.708101949384135, 'train_mae_dbp': 5.466615476915913, 'val_mae_sbp': 10.867563486099243, 'val_mae_dbp': 5.57168436050415}
{'train_mae_sbp': 10.731777344980548, 'train_mae_dbp': 5.482465174890334, 'val_mae_sbp': 10.865155458450317, 'val_mae_dbp': 5.57457160949707}
{'train_mae_sbp': 10.732682166561004, 'train_mae_dbp': 5.486996742986864, 'val_mae_sbp': 10.864562034606934, 'val_mae_dbp': 5.57615602016449}
{'train_mae_sbp': 10.723327729009814, 'train_mae_dbp': 5.470964016452912, 'val_mae_sbp': 10.864453315734863, 'val_mae_dbp': 5.578535199165344}
{'train_mae_sbp': 10.726967350129158, 'train_mae_dbp': 5.479575018728933, 'val_mae_sbp': 10.864524364471436, 'val_mae_dbp': 5.572624683380127}
{'train_mae_sbp': 10.735102807321857, 'train_mae_dbp': 5.4691843678874354, 'val_mae_sbp': 10.859960079193115, 'val_mae_dbp': 5.571537733078003}
{'train_mae_sbp': 10.743050759838473, 'train_mae_dbp': 5.480883782909762, 'val_mae_sbp': 10.867655515670776, 'val_mae_dbp': 5.5731247663497925}
{'train_mae_sbp': 10.727870172069919, 'train_mae_dbp': 5.464837704935381, 'val_mae_sbp': 10.8676278591156, 'val_mae_dbp': 5.572900056838989}
{'train_mae_sbp': 10.733967227320518, 'train_mae_dbp': 5.477253790824644, 'val_mae_sbp': 10.86176061630249, 'val_mae_dbp': 5.573261141777039}
{'train_mae_sbp': 10.701102810521279, 'train_mae_dbp': 5.4621342382123395, 'val_mae_sbp': 10.864709615707397, 'val_mae_dbp': 5.573259949684143}
{'train_mae_sbp': 10.731805247645225, 'train_mae_dbp': 5.482326261458859, 'val_mae_sbp': 10.86257290840149, 'val_mae_dbp': 5.57124924659729}
{'train_mae_sbp': 10.72686872174663, 'train_mae_dbp': 5.479843739540346, 'val_mae_sbp': 10.865590333938599, 'val_mae_dbp': 5.5727784633636475}
{'train_mae_sbp': 10.713687404509514, 'train_mae_dbp': 5.47314763838245, 'val_mae_sbp': 10.861447095870972, 'val_mae_dbp': 5.570617914199829}
{'train_mae_sbp': 10.718635528318343, 'train_mae_dbp': 5.47937886945663, 'val_mae_sbp': 10.865818500518799, 'val_mae_dbp': 5.5723254680633545}
{'train_mae_sbp': 10.714664582283266, 'train_mae_dbp': 5.476385701087214, 'val_mae_sbp': 10.86755895614624, 'val_mae_dbp': 5.569640040397644}
{'train_mae_sbp': 10.724476875797395, 'train_mae_dbp': 5.465943920996882, 'val_mae_sbp': 10.866071224212646, 'val_mae_dbp': 5.57203471660614}
{'train_mae_sbp': 10.69646140067808, 'train_mae_dbp': 5.464019990736438, 'val_mae_sbp': 10.861326217651367, 'val_mae_dbp': 5.5731295347213745}
{'train_mae_sbp': 10.74871204745385, 'train_mae_dbp': 5.4724892800854095, 'val_mae_sbp': 10.86767864227295, 'val_mae_dbp': 5.572688698768616}
{'train_mae_sbp': 10.739081936497842, 'train_mae_dbp': 5.478296710598853, 'val_mae_sbp': 10.859726428985596, 'val_mae_dbp': 5.571060299873352}
{'train_mae_sbp': 10.73226611844955, 'train_mae_dbp': 5.477496608611076, 'val_mae_sbp': 10.867299795150757, 'val_mae_dbp': 5.572940230369568}
{'train_mae_sbp': 10.707334887596868, 'train_mae_dbp': 5.47395113975771, 'val_mae_sbp': 10.863208293914795, 'val_mae_dbp': 5.57459282875061}
{'train_mae_sbp': 10.732427043299522, 'train_mae_dbp': 5.478537713327715, 'val_mae_sbp': 10.862621784210205, 'val_mae_dbp': 5.570817947387695}
{'train_mae_sbp': 10.708358856939501, 'train_mae_dbp': 5.469299377933625, 'val_mae_sbp': 10.864943742752075, 'val_mae_dbp': 5.573317050933838}
{'train_mae_sbp': 10.732503706409085, 'train_mae_dbp': 5.4719061851501465, 'val_mae_sbp': 10.86708664894104, 'val_mae_dbp': 5.569621205329895}
{'train_mae_sbp': 10.718858411235194, 'train_mae_dbp': 5.477547199495377, 'val_mae_sbp': 10.868070363998413, 'val_mae_dbp': 5.568365573883057}
{'train_mae_sbp': 10.721049924050607, 'train_mae_dbp': 5.4734847622533, 'val_mae_sbp': 10.868291854858398, 'val_mae_dbp': 5.568732738494873}
{'train_mae_sbp': 10.728065459958968, 'train_mae_dbp': 5.472402572631836, 'val_mae_sbp': 10.863536596298218, 'val_mae_dbp': 5.573444962501526}
{'train_mae_sbp': 10.717217537664599, 'train_mae_dbp': 5.471118850092734, 'val_mae_sbp': 10.863889455795288, 'val_mae_dbp': 5.574154853820801}
{'train_mae_sbp': 10.758571378646359, 'train_mae_dbp': 5.483330911205661, 'val_mae_sbp': 10.861866235733032, 'val_mae_dbp': 5.573334693908691}
{'train_mae_sbp': 10.72411331053703, 'train_mae_dbp': 5.468921307594545, 'val_mae_sbp': 10.86232852935791, 'val_mae_dbp': 5.572076082229614}
{'train_mae_sbp': 10.73272446663149, 'train_mae_dbp': 5.483588833962718, 'val_mae_sbp': 10.867064952850342, 'val_mae_dbp': 5.570239305496216}
{'train_mae_sbp': 10.726841618937831, 'train_mae_dbp': 5.467176160504741, 'val_mae_sbp': 10.86513900756836, 'val_mae_dbp': 5.574751377105713}
{'train_mae_sbp': 10.744698524475098, 'train_mae_dbp': 5.481879588096373, 'val_mae_sbp': 10.862833738327026, 'val_mae_dbp': 5.573114633560181}
{'train_mae_sbp': 10.718577846404045, 'train_mae_dbp': 5.4716665052598525, 'val_mae_sbp': 10.865020751953125, 'val_mae_dbp': 5.574773788452148}
{'train_mae_sbp': 10.716983764402327, 'train_mae_dbp': 5.468137095051427, 'val_mae_sbp': 10.862629652023315, 'val_mae_dbp': 5.572460889816284}
{'train_mae_sbp': 10.735614715083953, 'train_mae_dbp': 5.467375186181838, 'val_mae_sbp': 10.863650798797607, 'val_mae_dbp': 5.5714017152786255}
{'train_mae_sbp': 10.72991165038078, 'train_mae_dbp': 5.47680676367975, 'val_mae_sbp': 10.862785577774048, 'val_mae_dbp': 5.570997714996338}
{'train_mae_sbp': 10.697852073177215, 'train_mae_dbp': 5.469270798467821, 'val_mae_sbp': 10.865179061889648, 'val_mae_dbp': 5.5740286111831665}
{'train_mae_sbp': 10.717949344265845, 'train_mae_dbp': 5.4778108442983315, 'val_mae_sbp': 10.86396837234497, 'val_mae_dbp': 5.574996590614319}
Loading best model state : F:\Projets\Gaby project\NeuralnetworkBPestimationTorch\logs/experiments\mlp_4_features\mlp_4_features.pt
